[2.230s] [34mcolcon[0m [1;30mDEBUG[0m [32mCommand line arguments: ['/usr/bin/colcon', 'build', '--packages-select', 'esibot_sensor'][0m
[2.230s] [34mcolcon[0m [1;30mDEBUG[0m [32mParsed command line arguments: Namespace(log_base=None, log_level=None, verb_name='build', build_base='build', install_base='install', merge_install=False, symlink_install=False, test_result_base=None, continue_on_error=False, executor='parallel', parallel_workers=4, event_handlers=None, ignore_user_meta=False, metas=['./colcon.meta'], base_paths=['.'], packages_ignore=None, packages_ignore_regex=None, paths=None, packages_up_to=None, packages_up_to_regex=None, packages_above=None, packages_above_and_dependencies=None, packages_above_depth=None, packages_select_by_dep=None, packages_skip_by_dep=None, packages_skip_up_to=None, packages_select_build_failed=False, packages_skip_build_finished=False, packages_select_test_failures=False, packages_skip_test_passed=False, packages_select=['esibot_sensor'], packages_skip=None, packages_select_regex=None, packages_skip_regex=None, packages_start=None, packages_end=None, allow_overriding=[], cmake_args=None, cmake_target=None, cmake_target_skip_unavailable=False, cmake_clean_cache=False, cmake_clean_first=False, cmake_force_configure=False, ament_cmake_args=None, catkin_cmake_args=None, catkin_skip_building_tests=False, mixin_files=None, mixin=None, verb_parser=<colcon_mixin.mixin.mixin_argument.MixinArgumentDecorator object at 0xffffa7f74e50>, verb_extension=<colcon_core.verb.build.BuildVerb object at 0xffffa8089db0>, main=<bound method BuildVerb.main of <colcon_core.verb.build.BuildVerb object at 0xffffa8089db0>>, mixin_verb=('build',))[0m
[4.055s] [34mcolcon.colcon_core.package_discovery[0m [1;30mLevel 1[0m discover_packages(colcon_meta) check parameters
[4.055s] [34mcolcon.colcon_core.package_discovery[0m [1;30mLevel 1[0m discover_packages(recursive) check parameters
[4.056s] [34mcolcon.colcon_core.package_discovery[0m [1;30mLevel 1[0m discover_packages(ignore) check parameters
[4.056s] [34mcolcon.colcon_core.package_discovery[0m [1;30mLevel 1[0m discover_packages(path) check parameters
[4.056s] [34mcolcon.colcon_core.package_discovery[0m [1;30mLevel 1[0m discover_packages(colcon_meta) discover
[4.057s] [34mcolcon.colcon_core.package_discovery[0m [1;30mLevel 1[0m discover_packages(recursive) discover
[4.057s] [34mcolcon.colcon_core.package_discovery[0m [1;30mINFO[0m Crawling recursively for packages in '/home/user/esibot_ws'
[4.057s] [34mcolcon.colcon_core.package_identification[0m [1;30mLevel 1[0m _identify(.) by extensions ['ignore', 'ignore_ament_install']
[4.058s] [34mcolcon.colcon_core.package_identification[0m [1;30mLevel 1[0m _identify(.) by extension 'ignore'
[4.058s] [34mcolcon.colcon_core.package_identification[0m [1;30mLevel 1[0m _identify(.) by extension 'ignore_ament_install'
[4.059s] [34mcolcon.colcon_core.package_identification[0m [1;30mLevel 1[0m _identify(.) by extensions ['colcon_pkg']
[4.059s] [34mcolcon.colcon_core.package_identification[0m [1;30mLevel 1[0m _identify(.) by extension 'colcon_pkg'
[4.059s] [34mcolcon.colcon_core.package_identification[0m [1;30mLevel 1[0m _identify(.) by extensions ['colcon_meta']
[4.059s] [34mcolcon.colcon_core.package_identification[0m [1;30mLevel 1[0m _identify(.) by extension 'colcon_meta'
[4.059s] [34mcolcon.colcon_core.package_identification[0m [1;30mLevel 1[0m _identify(.) by extensions ['ros']
[4.060s] [34mcolcon.colcon_core.package_identification[0m [1;30mLevel 1[0m _identify(.) by extension 'ros'
[4.193s] [34mcolcon.colcon_core.package_identification[0m [1;30mLevel 1[0m _identify(.) by extensions ['cmake', 'python']
[4.194s] [34mcolcon.colcon_core.package_identification[0m [1;30mLevel 1[0m _identify(.) by extension 'cmake'
[4.194s] [34mcolcon.colcon_core.package_identification[0m [1;30mLevel 1[0m _identify(.) by extension 'python'
[4.194s] [34mcolcon.colcon_core.package_identification[0m [1;30mLevel 1[0m _identify(.) by extensions ['python_setup_py']
[4.194s] [34mcolcon.colcon_core.package_identification[0m [1;30mLevel 1[0m _identify(.) by extension 'python_setup_py'
[4.195s] [34mcolcon.colcon_core.package_identification[0m [1;30mLevel 1[0m _identify(build) by extensions ['ignore', 'ignore_ament_install']
[4.195s] [34mcolcon.colcon_core.package_identification[0m [1;30mLevel 1[0m _identify(build) by extension 'ignore'
[4.195s] [34mcolcon.colcon_core.package_identification[0m [1;30mLevel 1[0m _identify(build) ignored
[4.196s] [34mcolcon.colcon_core.package_identification[0m [1;30mLevel 1[0m _identify(install) by extensions ['ignore', 'ignore_ament_install']
[4.196s] [34mcolcon.colcon_core.package_identification[0m [1;30mLevel 1[0m _identify(install) by extension 'ignore'
[4.197s] [34mcolcon.colcon_core.package_identification[0m [1;30mLevel 1[0m _identify(install) ignored
[4.198s] [34mcolcon.colcon_core.package_identification[0m [1;30mLevel 1[0m _identify(log) by extensions ['ignore', 'ignore_ament_install']
[4.198s] [34mcolcon.colcon_core.package_identification[0m [1;30mLevel 1[0m _identify(log) by extension 'ignore'
[4.198s] [34mcolcon.colcon_core.package_identification[0m [1;30mLevel 1[0m _identify(log) ignored
[4.200s] [34mcolcon.colcon_core.package_identification[0m [1;30mLevel 1[0m _identify(scripts) by extensions ['ignore', 'ignore_ament_install']
[4.200s] [34mcolcon.colcon_core.package_identification[0m [1;30mLevel 1[0m _identify(scripts) by extension 'ignore'
[4.200s] [34mcolcon.colcon_core.package_identification[0m [1;30mLevel 1[0m _identify(scripts) by extension 'ignore_ament_install'
[4.201s] [34mcolcon.colcon_core.package_identification[0m [1;30mLevel 1[0m _identify(scripts) by extensions ['colcon_pkg']
[4.201s] [34mcolcon.colcon_core.package_identification[0m [1;30mLevel 1[0m _identify(scripts) by extension 'colcon_pkg'
[4.201s] [34mcolcon.colcon_core.package_identification[0m [1;30mLevel 1[0m _identify(scripts) by extensions ['colcon_meta']
[4.201s] [34mcolcon.colcon_core.package_identification[0m [1;30mLevel 1[0m _identify(scripts) by extension 'colcon_meta'
[4.201s] [34mcolcon.colcon_core.package_identification[0m [1;30mLevel 1[0m _identify(scripts) by extensions ['ros']
[4.201s] [34mcolcon.colcon_core.package_identification[0m [1;30mLevel 1[0m _identify(scripts) by extension 'ros'
[4.202s] [34mcolcon.colcon_core.package_identification[0m [1;30mLevel 1[0m _identify(scripts) by extensions ['cmake', 'python']
[4.202s] [34mcolcon.colcon_core.package_identification[0m [1;30mLevel 1[0m _identify(scripts) by extension 'cmake'
[4.202s] [34mcolcon.colcon_core.package_identification[0m [1;30mLevel 1[0m _identify(scripts) by extension 'python'
[4.202s] [34mcolcon.colcon_core.package_identification[0m [1;30mLevel 1[0m _identify(scripts) by extensions ['python_setup_py']
[4.202s] [34mcolcon.colcon_core.package_identification[0m [1;30mLevel 1[0m _identify(scripts) by extension 'python_setup_py'
[4.203s] [34mcolcon.colcon_core.package_identification[0m [1;30mLevel 1[0m _identify(src) by extensions ['ignore', 'ignore_ament_install']
[4.204s] [34mcolcon.colcon_core.package_identification[0m [1;30mLevel 1[0m _identify(src) by extension 'ignore'
[4.204s] [34mcolcon.colcon_core.package_identification[0m [1;30mLevel 1[0m _identify(src) by extension 'ignore_ament_install'
[4.204s] [34mcolcon.colcon_core.package_identification[0m [1;30mLevel 1[0m _identify(src) by extensions ['colcon_pkg']
[4.204s] [34mcolcon.colcon_core.package_identification[0m [1;30mLevel 1[0m _identify(src) by extension 'colcon_pkg'
[4.205s] [34mcolcon.colcon_core.package_identification[0m [1;30mLevel 1[0m _identify(src) by extensions ['colcon_meta']
[4.205s] [34mcolcon.colcon_core.package_identification[0m [1;30mLevel 1[0m _identify(src) by extension 'colcon_meta'
[4.205s] [34mcolcon.colcon_core.package_identification[0m [1;30mLevel 1[0m _identify(src) by extensions ['ros']
[4.205s] [34mcolcon.colcon_core.package_identification[0m [1;30mLevel 1[0m _identify(src) by extension 'ros'
[4.205s] [34mcolcon.colcon_core.package_identification[0m [1;30mLevel 1[0m _identify(src) by extensions ['cmake', 'python']
[4.206s] [34mcolcon.colcon_core.package_identification[0m [1;30mLevel 1[0m _identify(src) by extension 'cmake'
[4.206s] [34mcolcon.colcon_core.package_identification[0m [1;30mLevel 1[0m _identify(src) by extension 'python'
[4.206s] [34mcolcon.colcon_core.package_identification[0m [1;30mLevel 1[0m _identify(src) by extensions ['python_setup_py']
[4.206s] [34mcolcon.colcon_core.package_identification[0m [1;30mLevel 1[0m _identify(src) by extension 'python_setup_py'
[4.207s] [34mcolcon.colcon_core.package_identification[0m [1;30mLevel 1[0m _identify(src/esibot_bringup) by extensions ['ignore', 'ignore_ament_install']
[4.207s] [34mcolcon.colcon_core.package_identification[0m [1;30mLevel 1[0m _identify(src/esibot_bringup) by extension 'ignore'
[4.208s] [34mcolcon.colcon_core.package_identification[0m [1;30mLevel 1[0m _identify(src/esibot_bringup) by extension 'ignore_ament_install'
[4.208s] [34mcolcon.colcon_core.package_identification[0m [1;30mLevel 1[0m _identify(src/esibot_bringup) by extensions ['colcon_pkg']
[4.208s] [34mcolcon.colcon_core.package_identification[0m [1;30mLevel 1[0m _identify(src/esibot_bringup) by extension 'colcon_pkg'
[4.208s] [34mcolcon.colcon_core.package_identification[0m [1;30mLevel 1[0m _identify(src/esibot_bringup) by extensions ['colcon_meta']
[4.208s] [34mcolcon.colcon_core.package_identification[0m [1;30mLevel 1[0m _identify(src/esibot_bringup) by extension 'colcon_meta'
[4.209s] [34mcolcon.colcon_core.package_identification[0m [1;30mLevel 1[0m _identify(src/esibot_bringup) by extensions ['ros']
[4.209s] [34mcolcon.colcon_core.package_identification[0m [1;30mLevel 1[0m _identify(src/esibot_bringup) by extension 'ros'
[4.260s] [34mcolcon.colcon_core.package_identification[0m [1;30mDEBUG[0m [32mPackage 'src/esibot_bringup' with type 'ros.ament_python' and name 'esibot_bringup'[0m
[4.262s] [34mcolcon.colcon_core.package_identification[0m [1;30mLevel 1[0m _identify(src/esibot_camera) by extensions ['ignore', 'ignore_ament_install']
[4.262s] [34mcolcon.colcon_core.package_identification[0m [1;30mLevel 1[0m _identify(src/esibot_camera) by extension 'ignore'
[4.262s] [34mcolcon.colcon_core.package_identification[0m [1;30mLevel 1[0m _identify(src/esibot_camera) by extension 'ignore_ament_install'
[4.263s] [34mcolcon.colcon_core.package_identification[0m [1;30mLevel 1[0m _identify(src/esibot_camera) by extensions ['colcon_pkg']
[4.263s] [34mcolcon.colcon_core.package_identification[0m [1;30mLevel 1[0m _identify(src/esibot_camera) by extension 'colcon_pkg'
[4.263s] [34mcolcon.colcon_core.package_identification[0m [1;30mLevel 1[0m _identify(src/esibot_camera) by extensions ['colcon_meta']
[4.263s] [34mcolcon.colcon_core.package_identification[0m [1;30mLevel 1[0m _identify(src/esibot_camera) by extension 'colcon_meta'
[4.263s] [34mcolcon.colcon_core.package_identification[0m [1;30mLevel 1[0m _identify(src/esibot_camera) by extensions ['ros']
[4.264s] [34mcolcon.colcon_core.package_identification[0m [1;30mLevel 1[0m _identify(src/esibot_camera) by extension 'ros'
[4.272s] [34mcolcon.colcon_core.package_identification[0m [1;30mDEBUG[0m [32mPackage 'src/esibot_camera' with type 'ros.ament_python' and name 'esibot_camera'[0m
[4.277s] [34mcolcon.colcon_core.package_identification[0m [1;30mLevel 1[0m _identify(src/esibot_description) by extensions ['ignore', 'ignore_ament_install']
[4.278s] [34mcolcon.colcon_core.package_identification[0m [1;30mLevel 1[0m _identify(src/esibot_description) by extension 'ignore'
[4.278s] [34mcolcon.colcon_core.package_identification[0m [1;30mLevel 1[0m _identify(src/esibot_description) by extension 'ignore_ament_install'
[4.279s] [34mcolcon.colcon_core.package_identification[0m [1;30mLevel 1[0m _identify(src/esibot_description) by extensions ['colcon_pkg']
[4.279s] [34mcolcon.colcon_core.package_identification[0m [1;30mLevel 1[0m _identify(src/esibot_description) by extension 'colcon_pkg'
[4.279s] [34mcolcon.colcon_core.package_identification[0m [1;30mLevel 1[0m _identify(src/esibot_description) by extensions ['colcon_meta']
[4.279s] [34mcolcon.colcon_core.package_identification[0m [1;30mLevel 1[0m _identify(src/esibot_description) by extension 'colcon_meta'
[4.280s] [34mcolcon.colcon_core.package_identification[0m [1;30mLevel 1[0m _identify(src/esibot_description) by extensions ['ros']
[4.280s] [34mcolcon.colcon_core.package_identification[0m [1;30mLevel 1[0m _identify(src/esibot_description) by extension 'ros'
[4.280s] [34mcolcon.colcon_core.package_identification[0m [1;30mLevel 1[0m _identify(src/esibot_description) by extensions ['cmake', 'python']
[4.281s] [34mcolcon.colcon_core.package_identification[0m [1;30mLevel 1[0m _identify(src/esibot_description) by extension 'cmake'
[4.281s] [34mcolcon.colcon_core.package_identification[0m [1;30mLevel 1[0m _identify(src/esibot_description) by extension 'python'
[4.281s] [34mcolcon.colcon_core.package_identification[0m [1;30mLevel 1[0m _identify(src/esibot_description) by extensions ['python_setup_py']
[4.281s] [34mcolcon.colcon_core.package_identification[0m [1;30mLevel 1[0m _identify(src/esibot_description) by extension 'python_setup_py'
[4.283s] [34mcolcon.colcon_core.package_identification[0m [1;30mLevel 1[0m _identify(src/esibot_description/launch) by extensions ['ignore', 'ignore_ament_install']
[4.284s] [34mcolcon.colcon_core.package_identification[0m [1;30mLevel 1[0m _identify(src/esibot_description/launch) by extension 'ignore'
[4.284s] [34mcolcon.colcon_core.package_identification[0m [1;30mLevel 1[0m _identify(src/esibot_description/launch) by extension 'ignore_ament_install'
[4.285s] [34mcolcon.colcon_core.package_identification[0m [1;30mLevel 1[0m _identify(src/esibot_description/launch) by extensions ['colcon_pkg']
[4.285s] [34mcolcon.colcon_core.package_identification[0m [1;30mLevel 1[0m _identify(src/esibot_description/launch) by extension 'colcon_pkg'
[4.285s] [34mcolcon.colcon_core.package_identification[0m [1;30mLevel 1[0m _identify(src/esibot_description/launch) by extensions ['colcon_meta']
[4.285s] [34mcolcon.colcon_core.package_identification[0m [1;30mLevel 1[0m _identify(src/esibot_description/launch) by extension 'colcon_meta'
[4.286s] [34mcolcon.colcon_core.package_identification[0m [1;30mLevel 1[0m _identify(src/esibot_description/launch) by extensions ['ros']
[4.286s] [34mcolcon.colcon_core.package_identification[0m [1;30mLevel 1[0m _identify(src/esibot_description/launch) by extension 'ros'
[4.286s] [34mcolcon.colcon_core.package_identification[0m [1;30mLevel 1[0m _identify(src/esibot_description/launch) by extensions ['cmake', 'python']
[4.287s] [34mcolcon.colcon_core.package_identification[0m [1;30mLevel 1[0m _identify(src/esibot_description/launch) by extension 'cmake'
[4.287s] [34mcolcon.colcon_core.package_identification[0m [1;30mLevel 1[0m _identify(src/esibot_description/launch) by extension 'python'
[4.287s] [34mcolcon.colcon_core.package_identification[0m [1;30mLevel 1[0m _identify(src/esibot_description/launch) by extensions ['python_setup_py']
[4.287s] [34mcolcon.colcon_core.package_identification[0m [1;30mLevel 1[0m _identify(src/esibot_description/launch) by extension 'python_setup_py'
[4.288s] [34mcolcon.colcon_core.package_identification[0m [1;30mLevel 1[0m _identify(src/esibot_description/urdf) by extensions ['ignore', 'ignore_ament_install']
[4.289s] [34mcolcon.colcon_core.package_identification[0m [1;30mLevel 1[0m _identify(src/esibot_description/urdf) by extension 'ignore'
[4.289s] [34mcolcon.colcon_core.package_identification[0m [1;30mLevel 1[0m _identify(src/esibot_description/urdf) by extension 'ignore_ament_install'
[4.290s] [34mcolcon.colcon_core.package_identification[0m [1;30mLevel 1[0m _identify(src/esibot_description/urdf) by extensions ['colcon_pkg']
[4.290s] [34mcolcon.colcon_core.package_identification[0m [1;30mLevel 1[0m _identify(src/esibot_description/urdf) by extension 'colcon_pkg'
[4.290s] [34mcolcon.colcon_core.package_identification[0m [1;30mLevel 1[0m _identify(src/esibot_description/urdf) by extensions ['colcon_meta']
[4.290s] [34mcolcon.colcon_core.package_identification[0m [1;30mLevel 1[0m _identify(src/esibot_description/urdf) by extension 'colcon_meta'
[4.291s] [34mcolcon.colcon_core.package_identification[0m [1;30mLevel 1[0m _identify(src/esibot_description/urdf) by extensions ['ros']
[4.291s] [34mcolcon.colcon_core.package_identification[0m [1;30mLevel 1[0m _identify(src/esibot_description/urdf) by extension 'ros'
[4.291s] [34mcolcon.colcon_core.package_identification[0m [1;30mLevel 1[0m _identify(src/esibot_description/urdf) by extensions ['cmake', 'python']
[4.291s] [34mcolcon.colcon_core.package_identification[0m [1;30mLevel 1[0m _identify(src/esibot_description/urdf) by extension 'cmake'
[4.292s] [34mcolcon.colcon_core.package_identification[0m [1;30mLevel 1[0m _identify(src/esibot_description/urdf) by extension 'python'
[4.292s] [34mcolcon.colcon_core.package_identification[0m [1;30mLevel 1[0m _identify(src/esibot_description/urdf) by extensions ['python_setup_py']
[4.292s] [34mcolcon.colcon_core.package_identification[0m [1;30mLevel 1[0m _identify(src/esibot_description/urdf) by extension 'python_setup_py'
[4.293s] [34mcolcon.colcon_core.package_identification[0m [1;30mLevel 1[0m _identify(src/esibot_sensor) by extensions ['ignore', 'ignore_ament_install']
[4.293s] [34mcolcon.colcon_core.package_identification[0m [1;30mLevel 1[0m _identify(src/esibot_sensor) by extension 'ignore'
[4.294s] [34mcolcon.colcon_core.package_identification[0m [1;30mLevel 1[0m _identify(src/esibot_sensor) by extension 'ignore_ament_install'
[4.294s] [34mcolcon.colcon_core.package_identification[0m [1;30mLevel 1[0m _identify(src/esibot_sensor) by extensions ['colcon_pkg']
[4.294s] [34mcolcon.colcon_core.package_identification[0m [1;30mLevel 1[0m _identify(src/esibot_sensor) by extension 'colcon_pkg'
[4.294s] [34mcolcon.colcon_core.package_identification[0m [1;30mLevel 1[0m _identify(src/esibot_sensor) by extensions ['colcon_meta']
[4.294s] [34mcolcon.colcon_core.package_identification[0m [1;30mLevel 1[0m _identify(src/esibot_sensor) by extension 'colcon_meta'
[4.295s] [34mcolcon.colcon_core.package_identification[0m [1;30mLevel 1[0m _identify(src/esibot_sensor) by extensions ['ros']
[4.295s] [34mcolcon.colcon_core.package_identification[0m [1;30mLevel 1[0m _identify(src/esibot_sensor) by extension 'ros'
[4.298s] [34mcolcon.colcon_core.package_identification[0m [1;30mDEBUG[0m [32mPackage 'src/esibot_sensor' with type 'ros.ament_python' and name 'esibot_sensor'[0m
[4.299s] [34mcolcon.colcon_core.package_identification[0m [1;30mLevel 1[0m _identify(src/esibot_ui) by extensions ['ignore', 'ignore_ament_install']
[4.300s] [34mcolcon.colcon_core.package_identification[0m [1;30mLevel 1[0m _identify(src/esibot_ui) by extension 'ignore'
[4.300s] [34mcolcon.colcon_core.package_identification[0m [1;30mLevel 1[0m _identify(src/esibot_ui) by extension 'ignore_ament_install'
[4.300s] [34mcolcon.colcon_core.package_identification[0m [1;30mLevel 1[0m _identify(src/esibot_ui) by extensions ['colcon_pkg']
[4.300s] [34mcolcon.colcon_core.package_identification[0m [1;30mLevel 1[0m _identify(src/esibot_ui) by extension 'colcon_pkg'
[4.301s] [34mcolcon.colcon_core.package_identification[0m [1;30mLevel 1[0m _identify(src/esibot_ui) by extensions ['colcon_meta']
[4.301s] [34mcolcon.colcon_core.package_identification[0m [1;30mLevel 1[0m _identify(src/esibot_ui) by extension 'colcon_meta'
[4.301s] [34mcolcon.colcon_core.package_identification[0m [1;30mLevel 1[0m _identify(src/esibot_ui) by extensions ['ros']
[4.301s] [34mcolcon.colcon_core.package_identification[0m [1;30mLevel 1[0m _identify(src/esibot_ui) by extension 'ros'
[4.302s] [34mcolcon.colcon_core.package_identification[0m [1;30mLevel 1[0m _identify(src/esibot_ui) by extensions ['cmake', 'python']
[4.302s] [34mcolcon.colcon_core.package_identification[0m [1;30mLevel 1[0m _identify(src/esibot_ui) by extension 'cmake'
[4.302s] [34mcolcon.colcon_core.package_identification[0m [1;30mLevel 1[0m _identify(src/esibot_ui) by extension 'python'
[4.302s] [34mcolcon.colcon_core.package_identification[0m [1;30mLevel 1[0m _identify(src/esibot_ui) by extensions ['python_setup_py']
[4.302s] [34mcolcon.colcon_core.package_identification[0m [1;30mLevel 1[0m _identify(src/esibot_ui) by extension 'python_setup_py'
[4.303s] [34mcolcon.colcon_core.package_identification[0m [1;30mLevel 1[0m _identify(src/esibot_ui/esibot_ui) by extensions ['ignore', 'ignore_ament_install']
[4.304s] [34mcolcon.colcon_core.package_identification[0m [1;30mLevel 1[0m _identify(src/esibot_ui/esibot_ui) by extension 'ignore'
[4.304s] [34mcolcon.colcon_core.package_identification[0m [1;30mLevel 1[0m _identify(src/esibot_ui/esibot_ui) by extension 'ignore_ament_install'
[4.304s] [34mcolcon.colcon_core.package_identification[0m [1;30mLevel 1[0m _identify(src/esibot_ui/esibot_ui) by extensions ['colcon_pkg']
[4.304s] [34mcolcon.colcon_core.package_identification[0m [1;30mLevel 1[0m _identify(src/esibot_ui/esibot_ui) by extension 'colcon_pkg'
[4.305s] [34mcolcon.colcon_core.package_identification[0m [1;30mLevel 1[0m _identify(src/esibot_ui/esibot_ui) by extensions ['colcon_meta']
[4.305s] [34mcolcon.colcon_core.package_identification[0m [1;30mLevel 1[0m _identify(src/esibot_ui/esibot_ui) by extension 'colcon_meta'
[4.305s] [34mcolcon.colcon_core.package_identification[0m [1;30mLevel 1[0m _identify(src/esibot_ui/esibot_ui) by extensions ['ros']
[4.305s] [34mcolcon.colcon_core.package_identification[0m [1;30mLevel 1[0m _identify(src/esibot_ui/esibot_ui) by extension 'ros'
[4.306s] [34mcolcon.colcon_core.package_identification[0m [1;30mLevel 1[0m _identify(src/esibot_ui/esibot_ui) by extensions ['cmake', 'python']
[4.306s] [34mcolcon.colcon_core.package_identification[0m [1;30mLevel 1[0m _identify(src/esibot_ui/esibot_ui) by extension 'cmake'
[4.306s] [34mcolcon.colcon_core.package_identification[0m [1;30mLevel 1[0m _identify(src/esibot_ui/esibot_ui) by extension 'python'
[4.306s] [34mcolcon.colcon_core.package_identification[0m [1;30mLevel 1[0m _identify(src/esibot_ui/esibot_ui) by extensions ['python_setup_py']
[4.306s] [34mcolcon.colcon_core.package_identification[0m [1;30mLevel 1[0m _identify(src/esibot_ui/esibot_ui) by extension 'python_setup_py'
[4.307s] [34mcolcon.colcon_core.package_identification[0m [1;30mLevel 1[0m _identify(src/esibot_vision) by extensions ['ignore', 'ignore_ament_install']
[4.308s] [34mcolcon.colcon_core.package_identification[0m [1;30mLevel 1[0m _identify(src/esibot_vision) by extension 'ignore'
[4.308s] [34mcolcon.colcon_core.package_identification[0m [1;30mLevel 1[0m _identify(src/esibot_vision) by extension 'ignore_ament_install'
[4.308s] [34mcolcon.colcon_core.package_identification[0m [1;30mLevel 1[0m _identify(src/esibot_vision) by extensions ['colcon_pkg']
[4.308s] [34mcolcon.colcon_core.package_identification[0m [1;30mLevel 1[0m _identify(src/esibot_vision) by extension 'colcon_pkg'
[4.308s] [34mcolcon.colcon_core.package_identification[0m [1;30mLevel 1[0m _identify(src/esibot_vision) by extensions ['colcon_meta']
[4.309s] [34mcolcon.colcon_core.package_identification[0m [1;30mLevel 1[0m _identify(src/esibot_vision) by extension 'colcon_meta'
[4.309s] [34mcolcon.colcon_core.package_identification[0m [1;30mLevel 1[0m _identify(src/esibot_vision) by extensions ['ros']
[4.309s] [34mcolcon.colcon_core.package_identification[0m [1;30mLevel 1[0m _identify(src/esibot_vision) by extension 'ros'
[4.309s] [34mcolcon.colcon_core.package_identification[0m [1;30mLevel 1[0m _identify(src/esibot_vision) by extensions ['cmake', 'python']
[4.309s] [34mcolcon.colcon_core.package_identification[0m [1;30mLevel 1[0m _identify(src/esibot_vision) by extension 'cmake'
[4.310s] [34mcolcon.colcon_core.package_identification[0m [1;30mLevel 1[0m _identify(src/esibot_vision) by extension 'python'
[4.310s] [34mcolcon.colcon_core.package_identification[0m [1;30mLevel 1[0m _identify(src/esibot_vision) by extensions ['python_setup_py']
[4.310s] [34mcolcon.colcon_core.package_identification[0m [1;30mLevel 1[0m _identify(src/esibot_vision) by extension 'python_setup_py'
[4.311s] [34mcolcon.colcon_core.package_identification[0m [1;30mLevel 1[0m _identify(src/esibot_vision/esibot_vision) by extensions ['ignore', 'ignore_ament_install']
[4.311s] [34mcolcon.colcon_core.package_identification[0m [1;30mLevel 1[0m _identify(src/esibot_vision/esibot_vision) by extension 'ignore'
[4.312s] [34mcolcon.colcon_core.package_identification[0m [1;30mLevel 1[0m _identify(src/esibot_vision/esibot_vision) by extension 'ignore_ament_install'
[4.312s] [34mcolcon.colcon_core.package_identification[0m [1;30mLevel 1[0m _identify(src/esibot_vision/esibot_vision) by extensions ['colcon_pkg']
[4.312s] [34mcolcon.colcon_core.package_identification[0m [1;30mLevel 1[0m _identify(src/esibot_vision/esibot_vision) by extension 'colcon_pkg'
[4.312s] [34mcolcon.colcon_core.package_identification[0m [1;30mLevel 1[0m _identify(src/esibot_vision/esibot_vision) by extensions ['colcon_meta']
[4.312s] [34mcolcon.colcon_core.package_identification[0m [1;30mLevel 1[0m _identify(src/esibot_vision/esibot_vision) by extension 'colcon_meta'
[4.313s] [34mcolcon.colcon_core.package_identification[0m [1;30mLevel 1[0m _identify(src/esibot_vision/esibot_vision) by extensions ['ros']
[4.313s] [34mcolcon.colcon_core.package_identification[0m [1;30mLevel 1[0m _identify(src/esibot_vision/esibot_vision) by extension 'ros'
[4.313s] [34mcolcon.colcon_core.package_identification[0m [1;30mLevel 1[0m _identify(src/esibot_vision/esibot_vision) by extensions ['cmake', 'python']
[4.313s] [34mcolcon.colcon_core.package_identification[0m [1;30mLevel 1[0m _identify(src/esibot_vision/esibot_vision) by extension 'cmake'
[4.313s] [34mcolcon.colcon_core.package_identification[0m [1;30mLevel 1[0m _identify(src/esibot_vision/esibot_vision) by extension 'python'
[4.314s] [34mcolcon.colcon_core.package_identification[0m [1;30mLevel 1[0m _identify(src/esibot_vision/esibot_vision) by extensions ['python_setup_py']
[4.314s] [34mcolcon.colcon_core.package_identification[0m [1;30mLevel 1[0m _identify(src/esibot_vision/esibot_vision) by extension 'python_setup_py'
[4.315s] [34mcolcon.colcon_core.package_identification[0m [1;30mLevel 1[0m _identify(src/esibot_vision/launch) by extensions ['ignore', 'ignore_ament_install']
[4.315s] [34mcolcon.colcon_core.package_identification[0m [1;30mLevel 1[0m _identify(src/esibot_vision/launch) by extension 'ignore'
[4.315s] [34mcolcon.colcon_core.package_identification[0m [1;30mLevel 1[0m _identify(src/esibot_vision/launch) by extension 'ignore_ament_install'
[4.316s] [34mcolcon.colcon_core.package_identification[0m [1;30mLevel 1[0m _identify(src/esibot_vision/launch) by extensions ['colcon_pkg']
[4.316s] [34mcolcon.colcon_core.package_identification[0m [1;30mLevel 1[0m _identify(src/esibot_vision/launch) by extension 'colcon_pkg'
[4.316s] [34mcolcon.colcon_core.package_identification[0m [1;30mLevel 1[0m _identify(src/esibot_vision/launch) by extensions ['colcon_meta']
[4.316s] [34mcolcon.colcon_core.package_identification[0m [1;30mLevel 1[0m _identify(src/esibot_vision/launch) by extension 'colcon_meta'
[4.316s] [34mcolcon.colcon_core.package_identification[0m [1;30mLevel 1[0m _identify(src/esibot_vision/launch) by extensions ['ros']
[4.316s] [34mcolcon.colcon_core.package_identification[0m [1;30mLevel 1[0m _identify(src/esibot_vision/launch) by extension 'ros'
[4.317s] [34mcolcon.colcon_core.package_identification[0m [1;30mLevel 1[0m _identify(src/esibot_vision/launch) by extensions ['cmake', 'python']
[4.317s] [34mcolcon.colcon_core.package_identification[0m [1;30mLevel 1[0m _identify(src/esibot_vision/launch) by extension 'cmake'
[4.317s] [34mcolcon.colcon_core.package_identification[0m [1;30mLevel 1[0m _identify(src/esibot_vision/launch) by extension 'python'
[4.317s] [34mcolcon.colcon_core.package_identification[0m [1;30mLevel 1[0m _identify(src/esibot_vision/launch) by extensions ['python_setup_py']
[4.318s] [34mcolcon.colcon_core.package_identification[0m [1;30mLevel 1[0m _identify(src/esibot_vision/launch) by extension 'python_setup_py'
[4.318s] [34mcolcon.colcon_core.package_discovery[0m [1;30mLevel 1[0m discover_packages(recursive) using defaults
[4.318s] [34mcolcon.colcon_core.package_discovery[0m [1;30mLevel 1[0m discover_packages(ignore) discover
[4.318s] [34mcolcon.colcon_core.package_discovery[0m [1;30mLevel 1[0m discover_packages(ignore) using defaults
[4.318s] [34mcolcon.colcon_core.package_discovery[0m [1;30mLevel 1[0m discover_packages(path) discover
[4.318s] [34mcolcon.colcon_core.package_discovery[0m [1;30mLevel 1[0m discover_packages(path) using defaults
[4.521s] [34mcolcon.colcon_core.package_selection[0m [1;30mINFO[0m Skipping not selected package 'esibot_bringup' in 'src/esibot_bringup'
[4.521s] [34mcolcon.colcon_core.package_selection[0m [1;30mINFO[0m Skipping not selected package 'esibot_camera' in 'src/esibot_camera'
[4.525s] [34mcolcon.colcon_core.package_discovery[0m [1;30mLevel 1[0m discover_packages(prefix_path) check parameters
[4.525s] [34mcolcon.colcon_core.package_discovery[0m [1;30mLevel 1[0m discover_packages(prefix_path) discover
[4.553s] [34mcolcon.colcon_installed_package_information.package_discovery[0m [1;30mDEBUG[0m [32mFound 3 installed packages in /home/user/esibot_ws/install[0m
[4.565s] [34mcolcon.colcon_installed_package_information.package_discovery[0m [1;30mDEBUG[0m [32mFound 285 installed packages in /opt/ros/humble[0m
[4.572s] [34mcolcon.colcon_core.package_discovery[0m [1;30mLevel 1[0m discover_packages(prefix_path) using defaults
[4.771s] [34mcolcon.colcon_core.verb[0m [1;30mLevel 5[0m set package 'esibot_sensor' build argument 'cmake_args' from command line to 'None'
[4.771s] [34mcolcon.colcon_core.verb[0m [1;30mLevel 5[0m set package 'esibot_sensor' build argument 'cmake_target' from command line to 'None'
[4.772s] [34mcolcon.colcon_core.verb[0m [1;30mLevel 5[0m set package 'esibot_sensor' build argument 'cmake_target_skip_unavailable' from command line to 'False'
[4.772s] [34mcolcon.colcon_core.verb[0m [1;30mLevel 5[0m set package 'esibot_sensor' build argument 'cmake_clean_cache' from command line to 'False'
[4.772s] [34mcolcon.colcon_core.verb[0m [1;30mLevel 5[0m set package 'esibot_sensor' build argument 'cmake_clean_first' from command line to 'False'
[4.772s] [34mcolcon.colcon_core.verb[0m [1;30mLevel 5[0m set package 'esibot_sensor' build argument 'cmake_force_configure' from command line to 'False'
[4.772s] [34mcolcon.colcon_core.verb[0m [1;30mLevel 5[0m set package 'esibot_sensor' build argument 'ament_cmake_args' from command line to 'None'
[4.772s] [34mcolcon.colcon_core.verb[0m [1;30mLevel 5[0m set package 'esibot_sensor' build argument 'catkin_cmake_args' from command line to 'None'
[4.772s] [34mcolcon.colcon_core.verb[0m [1;30mLevel 5[0m set package 'esibot_sensor' build argument 'catkin_skip_building_tests' from command line to 'False'
[4.772s] [34mcolcon.colcon_core.verb[0m [1;30mDEBUG[0m [32mBuilding package 'esibot_sensor' with the following arguments: {'ament_cmake_args': None, 'build_base': '/home/user/esibot_ws/build/esibot_sensor', 'catkin_cmake_args': None, 'catkin_skip_building_tests': False, 'cmake_args': None, 'cmake_clean_cache': False, 'cmake_clean_first': False, 'cmake_force_configure': False, 'cmake_target': None, 'cmake_target_skip_unavailable': False, 'install_base': '/home/user/esibot_ws/install/esibot_sensor', 'merge_install': False, 'path': '/home/user/esibot_ws/src/esibot_sensor', 'symlink_install': False, 'test_result_base': None}[0m
[4.773s] [34mcolcon.colcon_core.executor[0m [1;30mINFO[0m Executing jobs using 'parallel' executor
[4.776s] [34mcolcon.colcon_parallel_executor.executor.parallel[0m [1;30mDEBUG[0m [32mrun_until_complete[0m
[4.777s] [34mcolcon.colcon_ros.task.ament_python.build[0m [1;30mINFO[0m Building ROS package in '/home/user/esibot_ws/src/esibot_sensor' with build type 'ament_python'
[4.778s] [34mcolcon.colcon_core.shell[0m [1;30mLevel 1[0m create_environment_hook('esibot_sensor', 'ament_prefix_path')
[4.808s] [34mcolcon.colcon_core.plugin_system[0m [1;30mINFO[0m Skipping extension 'colcon_core.shell.bat': Not used on non-Windows systems
[4.809s] [34mcolcon.colcon_core.shell[0m [1;30mINFO[0m Creating environment hook '/home/user/esibot_ws/install/esibot_sensor/share/esibot_sensor/hook/ament_prefix_path.ps1'
[4.815s] [34mcolcon.colcon_core.shell[0m [1;30mINFO[0m Creating environment descriptor '/home/user/esibot_ws/install/esibot_sensor/share/esibot_sensor/hook/ament_prefix_path.dsv'
[4.818s] [34mcolcon.colcon_core.shell[0m [1;30mINFO[0m Creating environment hook '/home/user/esibot_ws/install/esibot_sensor/share/esibot_sensor/hook/ament_prefix_path.sh'
[4.824s] [34mcolcon.colcon_core.shell[0m [1;30mINFO[0m Skip shell extension 'powershell' for command environment: Not usable outside of PowerShell
[4.824s] [34mcolcon.colcon_core.shell[0m [1;30mDEBUG[0m [32mSkip shell extension 'dsv' for command environment[0m
[6.165s] [34mcolcon.colcon_core.task.python.build[0m [1;30mINFO[0m Building Python package in '/home/user/esibot_ws/src/esibot_sensor'
[6.166s] [34mcolcon.colcon_core.shell[0m [1;30mINFO[0m Skip shell extension 'powershell' for command environment: Not usable outside of PowerShell
[6.166s] [34mcolcon.colcon_core.shell[0m [1;30mDEBUG[0m [32mSkip shell extension 'dsv' for command environment[0m
[9.318s] [34mcolcon.colcon_core.event_handler.log_command[0m [1;30mDEBUG[0m [32mInvoking command in '/home/user/esibot_ws/src/esibot_sensor': PYTHONPATH=/home/user/esibot_ws/build/esibot_sensor/prefix_override:/usr/lib/python3/dist-packages/colcon_core/task/python/colcon_distutils_commands:/home/user/esibot_ws/install/esibot_sensor/lib/python3.10/site-packages:${PYTHONPATH} /usr/bin/python3 -W ignore:setup.py install is deprecated -W ignore:easy_install command is deprecated setup.py egg_info --egg-base ../../build/esibot_sensor build --build-base /home/user/esibot_ws/build/esibot_sensor/build install --record /home/user/esibot_ws/build/esibot_sensor/install.log --single-version-externally-managed install_data[0m
[10.791s] [34mcolcon.colcon_core.event_handler.log_command[0m [1;30mDEBUG[0m [32mInvoked command in '/home/user/esibot_ws/src/esibot_sensor' returned '0': PYTHONPATH=/home/user/esibot_ws/build/esibot_sensor/prefix_override:/usr/lib/python3/dist-packages/colcon_core/task/python/colcon_distutils_commands:/home/user/esibot_ws/install/esibot_sensor/lib/python3.10/site-packages:${PYTHONPATH} /usr/bin/python3 -W ignore:setup.py install is deprecated -W ignore:easy_install command is deprecated setup.py egg_info --egg-base ../../build/esibot_sensor build --build-base /home/user/esibot_ws/build/esibot_sensor/build install --record /home/user/esibot_ws/build/esibot_sensor/install.log --single-version-externally-managed install_data[0m
[10.861s] [34mcolcon.colcon_core.environment[0m [1;30mLevel 1[0m checking '/home/user/esibot_ws/install/esibot_sensor' for CMake module files
[10.867s] [34mcolcon.colcon_core.environment[0m [1;30mLevel 1[0m checking '/home/user/esibot_ws/install/esibot_sensor' for CMake config files
[10.873s] [34mcolcon.colcon_core.environment[0m [1;30mLevel 1[0m checking '/home/user/esibot_ws/install/esibot_sensor/lib'
[10.874s] [34mcolcon.colcon_core.environment[0m [1;30mLevel 1[0m checking '/home/user/esibot_ws/install/esibot_sensor/bin'
[10.875s] [34mcolcon.colcon_core.environment[0m [1;30mLevel 1[0m checking '/home/user/esibot_ws/install/esibot_sensor/lib/pkgconfig/esibot_sensor.pc'
[10.876s] [34mcolcon.colcon_core.environment[0m [1;30mLevel 1[0m checking '/home/user/esibot_ws/install/esibot_sensor/lib/python3.10/site-packages'
[10.876s] [34mcolcon.colcon_core.shell[0m [1;30mLevel 1[0m create_environment_hook('esibot_sensor', 'pythonpath')
[10.877s] [34mcolcon.colcon_core.shell[0m [1;30mINFO[0m Creating environment hook '/home/user/esibot_ws/install/esibot_sensor/share/esibot_sensor/hook/pythonpath.ps1'
[10.880s] [34mcolcon.colcon_core.shell[0m [1;30mINFO[0m Creating environment descriptor '/home/user/esibot_ws/install/esibot_sensor/share/esibot_sensor/hook/pythonpath.dsv'
[10.882s] [34mcolcon.colcon_core.shell[0m [1;30mINFO[0m Creating environment hook '/home/user/esibot_ws/install/esibot_sensor/share/esibot_sensor/hook/pythonpath.sh'
[10.885s] [34mcolcon.colcon_core.environment[0m [1;30mLevel 1[0m checking '/home/user/esibot_ws/install/esibot_sensor/bin'
[10.885s] [34mcolcon.colcon_core.environment[0m [1;30mLevel 1[0m create_environment_scripts_only(esibot_sensor)
[10.887s] [34mcolcon.colcon_core.shell[0m [1;30mINFO[0m Creating package script '/home/user/esibot_ws/install/esibot_sensor/share/esibot_sensor/package.ps1'
[10.893s] [34mcolcon.colcon_core.shell[0m [1;30mINFO[0m Creating package descriptor '/home/user/esibot_ws/install/esibot_sensor/share/esibot_sensor/package.dsv'
[10.898s] [34mcolcon.colcon_core.shell[0m [1;30mINFO[0m Creating package script '/home/user/esibot_ws/install/esibot_sensor/share/esibot_sensor/package.sh'
[10.903s] [34mcolcon.colcon_core.shell[0m [1;30mINFO[0m Creating package script '/home/user/esibot_ws/install/esibot_sensor/share/esibot_sensor/package.bash'
[10.911s] [34mcolcon.colcon_core.shell[0m [1;30mINFO[0m Creating package script '/home/user/esibot_ws/install/esibot_sensor/share/esibot_sensor/package.zsh'
[10.916s] [34mcolcon.colcon_core.environment[0m [1;30mLevel 1[0m create_file_with_runtime_dependencies(/home/user/esibot_ws/install/esibot_sensor/share/colcon-core/packages/esibot_sensor)
[10.918s] [34mcolcon.colcon_parallel_executor.executor.parallel[0m [1;30mDEBUG[0m [32mclosing loop[0m
[10.920s] [34mcolcon.colcon_parallel_executor.executor.parallel[0m [1;30mDEBUG[0m [32mloop closed[0m
[10.921s] [34mcolcon.colcon_parallel_executor.executor.parallel[0m [1;30mDEBUG[0m [32mrun_until_complete finished with '0'[0m
[10.921s] [34mcolcon.colcon_core.event_reactor[0m [1;30mDEBUG[0m [32mjoining thread[0m
[10.949s] [34mcolcon.colcon_core.plugin_system[0m [1;30mINFO[0m Skipping extension 'colcon_notification.desktop_notification.terminal_notifier': Not used on non-Darwin systems
[10.950s] [34mcolcon.colcon_core.plugin_system[0m [1;30mINFO[0m Skipping extension 'colcon_notification.desktop_notification.win32': Not used on non-Windows systems
[10.950s] [34mcolcon.colcon_notification.desktop_notification[0m [1;30mINFO[0m Sending desktop notification using 'notify2'
[35.977s] [34mcolcon.colcon_notification.desktop_notification.notify2[0m [1;30mDEBUG[0m [32mFailed to initialize notify2: org.freedesktop.DBus.Error.NoReply: Did not receive a reply. Possible causes include: the remote application did not send a reply, the message bus security policy blocked the reply, the reply timeout expired, or the network connection was broken.[0m
[35.978s] [34mcolcon.colcon_core.event_reactor[0m [1;30mDEBUG[0m [32mjoined thread[0m
[35.981s] [34mcolcon.colcon_core.shell[0m [1;30mINFO[0m Creating prefix script '/home/user/esibot_ws/install/local_setup.ps1'
[35.992s] [34mcolcon.colcon_core.shell[0m [1;30mINFO[0m Creating prefix util module '/home/user/esibot_ws/install/_local_setup_util_ps1.py'
[36.001s] [34mcolcon.colcon_core.shell[0m [1;30mINFO[0m Creating prefix chain script '/home/user/esibot_ws/install/setup.ps1'
[36.008s] [34mcolcon.colcon_core.shell[0m [1;30mINFO[0m Creating prefix script '/home/user/esibot_ws/install/local_setup.sh'
[36.012s] [34mcolcon.colcon_core.shell[0m [1;30mINFO[0m Creating prefix util module '/home/user/esibot_ws/install/_local_setup_util_sh.py'
[36.015s] [34mcolcon.colcon_core.shell[0m [1;30mINFO[0m Creating prefix chain script '/home/user/esibot_ws/install/setup.sh'
[36.021s] [34mcolcon.colcon_core.shell[0m [1;30mINFO[0m Creating prefix script '/home/user/esibot_ws/install/local_setup.bash'
[36.025s] [34mcolcon.colcon_core.shell[0m [1;30mINFO[0m Creating prefix chain script '/home/user/esibot_ws/install/setup.bash'
[36.030s] [34mcolcon.colcon_core.shell[0m [1;30mINFO[0m Creating prefix script '/home/user/esibot_ws/install/local_setup.zsh'
[36.033s] [34mcolcon.colcon_core.shell[0m [1;30mINFO[0m Creating prefix chain script '/home/user/esibot_ws/install/setup.zsh'
