/home/user/esibot_ws/install/esibot_bringup/lib/python3.10/site-packages/esibot_bringup/__init__.py
/home/user/esibot_ws/install/esibot_bringup/lib/python3.10/site-packages/esibot_bringup/esibot_driver.py
/home/user/esibot_ws/install/esibot_bringup/lib/python3.10/site-packages/esibot_bringup/__pycache__/__init__.cpython-310.pyc
/home/user/esibot_ws/install/esibot_bringup/lib/python3.10/site-packages/esibot_bringup/__pycache__/esibot_driver.cpython-310.pyc
/home/user/esibot_ws/install/esibot_bringup/share/ament_index/resource_index/packages/esibot_bringup
/home/user/esibot_ws/install/esibot_bringup/share/esibot_bringup/package.xml
/home/user/esibot_ws/install/esibot_bringup/share/esibot_bringup/launch/autonomous_navigation.launch.py
/home/user/esibot_ws/install/esibot_bringup/share/esibot_bringup/launch/esibot_driver.launch.py
/home/user/esibot_ws/install/esibot_bringup/share/esibot_bringup/launch/nav2.launch.py
/home/user/esibot_ws/install/esibot_bringup/share/esibot_bringup/launch/esibot_ekf.launch.py
/home/user/esibot_ws/install/esibot_bringup/share/esibot_bringup/config/ekf.yaml
/home/user/esibot_ws/install/esibot_bringup/share/esibot_bringup/config/nav2_params.yaml
/home/user/esibot_ws/install/esibot_bringup/share/esibot_bringup/maps/mockup_50cm.yaml
/home/user/esibot_ws/install/esibot_bringup/share/esibot_bringup/maps/mockup_50cm.pgm
/home/user/esibot_ws/install/esibot_bringup/lib/python3.10/site-packages/esibot_bringup-0.0.1-py3.10.egg-info/PKG-INFO
/home/user/esibot_ws/install/esibot_bringup/lib/python3.10/site-packages/esibot_bringup-0.0.1-py3.10.egg-info/top_level.txt
/home/user/esibot_ws/install/esibot_bringup/lib/python3.10/site-packages/esibot_bringup-0.0.1-py3.10.egg-info/SOURCES.txt
/home/user/esibot_ws/install/esibot_bringup/lib/python3.10/site-packages/esibot_bringup-0.0.1-py3.10.egg-info/entry_points.txt
/home/user/esibot_ws/install/esibot_bringup/lib/python3.10/site-packages/esibot_bringup-0.0.1-py3.10.egg-info/requires.txt
/home/user/esibot_ws/install/esibot_bringup/lib/python3.10/site-packages/esibot_bringup-0.0.1-py3.10.egg-info/dependency_links.txt
/home/user/esibot_ws/install/esibot_bringup/lib/python3.10/site-packages/esibot_bringup-0.0.1-py3.10.egg-info/zip-safe
/home/user/esibot_ws/install/esibot_bringup/lib/esibot_bringup/esibot_driver
