[4.539s] Invoking command in '/home/user/esibot_ws/src/esibot_sensor': PYTHONPATH=/home/user/esibot_ws/build/esibot_sensor/prefix_override:/usr/lib/python3/dist-packages/colcon_core/task/python/colcon_distutils_commands:/home/user/esibot_ws/install/esibot_sensor/lib/python3.10/site-packages:${PYTHONPATH} /usr/bin/python3 -W ignore:setup.py install is deprecated -W ignore:easy_install command is deprecated setup.py egg_info --egg-base ../../build/esibot_sensor build --build-base /home/user/esibot_ws/build/esibot_sensor/build install --record /home/user/esibot_ws/build/esibot_sensor/install.log --single-version-externally-managed install_data
[5.736s] running egg_info
[5.739s] writing ../../build/esibot_sensor/esibot_sensor.egg-info/PKG-INFO
[5.742s] writing dependency_links to ../../build/esibot_sensor/esibot_sensor.egg-info/dependency_links.txt
[5.743s] writing entry points to ../../build/esibot_sensor/esibot_sensor.egg-info/entry_points.txt
[5.744s] writing requirements to ../../build/esibot_sensor/esibot_sensor.egg-info/requires.txt
[5.745s] writing top-level names to ../../build/esibot_sensor/esibot_sensor.egg-info/top_level.txt
[5.757s] reading manifest file '../../build/esibot_sensor/esibot_sensor.egg-info/SOURCES.txt'
[5.762s] writing manifest file '../../build/esibot_sensor/esibot_sensor.egg-info/SOURCES.txt'
[5.763s] running build
[5.763s] running build_py
[5.769s] running install
[5.770s] running install_lib
[5.781s] running install_data
[5.785s] running install_egg_info
[5.792s] removing '/home/user/esibot_ws/install/esibot_sensor/lib/python3.10/site-packages/esibot_sensor-0.0.0-py3.10.egg-info' (and everything under it)
[5.793s] Copying ../../build/esibot_sensor/esibot_sensor.egg-info to /home/user/esibot_ws/install/esibot_sensor/lib/python3.10/site-packages/esibot_sensor-0.0.0-py3.10.egg-info
[5.800s] running install_scripts
[5.883s] Installing encoder_service script to /home/user/esibot_ws/install/esibot_sensor/lib/esibot_sensor
[5.885s] Installing mpu_service script to /home/user/esibot_ws/install/esibot_sensor/lib/esibot_sensor
[5.886s] Installing odom_service script to /home/user/esibot_ws/install/esibot_sensor/lib/esibot_sensor
[5.887s] Installing radar_node script to /home/user/esibot_ws/install/esibot_sensor/lib/esibot_sensor
[5.889s] writing list of installed files to '/home/user/esibot_ws/build/esibot_sensor/install.log'
[6.012s] Invoked command in '/home/user/esibot_ws/src/esibot_sensor' returned '0': PYTHONPATH=/home/user/esibot_ws/build/esibot_sensor/prefix_override:/usr/lib/python3/dist-packages/colcon_core/task/python/colcon_distutils_commands:/home/user/esibot_ws/install/esibot_sensor/lib/python3.10/site-packages:${PYTHONPATH} /usr/bin/python3 -W ignore:setup.py install is deprecated -W ignore:easy_install command is deprecated setup.py egg_info --egg-base ../../build/esibot_sensor build --build-base /home/user/esibot_ws/build/esibot_sensor/build install --record /home/user/esibot_ws/build/esibot_sensor/install.log --single-version-externally-managed install_data
