running egg_info
creating ../../build/esibot_bringup/esibot_bringup.egg-info
writing ../../build/esibot_bringup/esibot_bringup.egg-info/PKG-INFO
writing dependency_links to ../../build/esibot_bringup/esibot_bringup.egg-info/dependency_links.txt
writing entry points to ../../build/esibot_bringup/esibot_bringup.egg-info/entry_points.txt
writing requirements to ../../build/esibot_bringup/esibot_bringup.egg-info/requires.txt
writing top-level names to ../../build/esibot_bringup/esibot_bringup.egg-info/top_level.txt
writing manifest file '../../build/esibot_bringup/esibot_bringup.egg-info/SOURCES.txt'
reading manifest file '../../build/esibot_bringup/esibot_bringup.egg-info/SOURCES.txt'
writing manifest file '../../build/esibot_bringup/esibot_bringup.egg-info/SOURCES.txt'
running build
running build_py
creating /home/user/esibot_ws/build/esibot_bringup/build
creating /home/user/esibot_ws/build/esibot_bringup/build/lib
creating /home/user/esibot_ws/build/esibot_bringup/build/lib/esibot_bringup
copying esibot_bringup/__init__.py -> /home/user/esibot_ws/build/esibot_bringup/build/lib/esibot_bringup
copying esibot_bringup/odometry_utils.py -> /home/user/esibot_ws/build/esibot_bringup/build/lib/esibot_bringup
copying esibot_bringup/esibot_driver.py -> /home/user/esibot_ws/build/esibot_bringup/build/lib/esibot_bringup
copying esibot_bringup/serial_interface.py -> /home/user/esibot_ws/build/esibot_bringup/build/lib/esibot_bringup
running install
running install_lib
creating /home/user/esibot_ws/install/esibot_bringup/lib/python3.10/site-packages/esibot_bringup
copying /home/user/esibot_ws/build/esibot_bringup/build/lib/esibot_bringup/__init__.py -> /home/user/esibot_ws/install/esibot_bringup/lib/python3.10/site-packages/esibot_bringup
copying /home/user/esibot_ws/build/esibot_bringup/build/lib/esibot_bringup/odometry_utils.py -> /home/user/esibot_ws/install/esibot_bringup/lib/python3.10/site-packages/esibot_bringup
copying /home/user/esibot_ws/build/esibot_bringup/build/lib/esibot_bringup/esibot_driver.py -> /home/user/esibot_ws/install/esibot_bringup/lib/python3.10/site-packages/esibot_bringup
copying /home/user/esibot_ws/build/esibot_bringup/build/lib/esibot_bringup/serial_interface.py -> /home/user/esibot_ws/install/esibot_bringup/lib/python3.10/site-packages/esibot_bringup
byte-compiling /home/user/esibot_ws/install/esibot_bringup/lib/python3.10/site-packages/esibot_bringup/__init__.py to __init__.cpython-310.pyc
byte-compiling /home/user/esibot_ws/install/esibot_bringup/lib/python3.10/site-packages/esibot_bringup/odometry_utils.py to odometry_utils.cpython-310.pyc
byte-compiling /home/user/esibot_ws/install/esibot_bringup/lib/python3.10/site-packages/esibot_bringup/esibot_driver.py to esibot_driver.cpython-310.pyc
byte-compiling /home/user/esibot_ws/install/esibot_bringup/lib/python3.10/site-packages/esibot_bringup/serial_interface.py to serial_interface.cpython-310.pyc
running install_data
creating /home/user/esibot_ws/install/esibot_bringup/share/ament_index
creating /home/user/esibot_ws/install/esibot_bringup/share/ament_index/resource_index
creating /home/user/esibot_ws/install/esibot_bringup/share/ament_index/resource_index/packages
copying resource/esibot_bringup -> /home/user/esibot_ws/install/esibot_bringup/share/ament_index/resource_index/packages
copying package.xml -> /home/user/esibot_ws/install/esibot_bringup/share/esibot_bringup
creating /home/user/esibot_ws/install/esibot_bringup/share/esibot_bringup/launch
copying launch/esibot_driver.launch.py -> /home/user/esibot_ws/install/esibot_bringup/share/esibot_bringup/launch
running install_egg_info
Copying ../../build/esibot_bringup/esibot_bringup.egg-info to /home/user/esibot_ws/install/esibot_bringup/lib/python3.10/site-packages/esibot_bringup-0.0.1-py3.10.egg-info
running install_scripts
Installing esibot_driver script to /home/user/esibot_ws/install/esibot_bringup/lib/esibot_bringup
writing list of installed files to '/home/user/esibot_ws/build/esibot_bringup/install.log'
