[4.720s] Invoking command in '/home/user/esibot_ws/src/esibot_bringup': PYTHONPATH=/home/user/esibot_ws/build/esibot_bringup/prefix_override:/usr/lib/python3/dist-packages/colcon_core/task/python/colcon_distutils_commands:/home/user/esibot_ws/install/esibot_bringup/lib/python3.10/site-packages:${PYTHONPATH} /usr/bin/python3 -W ignore:setup.py install is deprecated -W ignore:easy_install command is deprecated setup.py egg_info --egg-base ../../build/esibot_bringup build --build-base /home/user/esibot_ws/build/esibot_bringup/build install --record /home/user/esibot_ws/build/esibot_bringup/install.log --single-version-externally-managed install_data
[5.978s] running egg_info
[5.980s] creating ../../build/esibot_bringup/esibot_bringup.egg-info
[5.981s] writing ../../build/esibot_bringup/esibot_bringup.egg-info/PKG-INFO
[5.983s] writing dependency_links to ../../build/esibot_bringup/esibot_bringup.egg-info/dependency_links.txt
[5.984s] writing entry points to ../../build/esibot_bringup/esibot_bringup.egg-info/entry_points.txt
[5.985s] writing requirements to ../../build/esibot_bringup/esibot_bringup.egg-info/requires.txt
[5.986s] writing top-level names to ../../build/esibot_bringup/esibot_bringup.egg-info/top_level.txt
[5.987s] writing manifest file '../../build/esibot_bringup/esibot_bringup.egg-info/SOURCES.txt'
[5.993s] reading manifest file '../../build/esibot_bringup/esibot_bringup.egg-info/SOURCES.txt'
[5.997s] writing manifest file '../../build/esibot_bringup/esibot_bringup.egg-info/SOURCES.txt'
[5.997s] running build
[5.998s] running build_py
[5.999s] creating /home/user/esibot_ws/build/esibot_bringup/build
[5.999s] creating /home/user/esibot_ws/build/esibot_bringup/build/lib
[6.000s] creating /home/user/esibot_ws/build/esibot_bringup/build/lib/esibot_bringup
[6.000s] copying esibot_bringup/__init__.py -> /home/user/esibot_ws/build/esibot_bringup/build/lib/esibot_bringup
[6.001s] copying esibot_bringup/odometry_utils.py -> /home/user/esibot_ws/build/esibot_bringup/build/lib/esibot_bringup
[6.001s] copying esibot_bringup/esibot_driver.py -> /home/user/esibot_ws/build/esibot_bringup/build/lib/esibot_bringup
[6.002s] copying esibot_bringup/serial_interface.py -> /home/user/esibot_ws/build/esibot_bringup/build/lib/esibot_bringup
[6.003s] running install
[6.004s] running install_lib
[6.008s] creating /home/user/esibot_ws/install/esibot_bringup/lib/python3.10/site-packages/esibot_bringup
[6.008s] copying /home/user/esibot_ws/build/esibot_bringup/build/lib/esibot_bringup/__init__.py -> /home/user/esibot_ws/install/esibot_bringup/lib/python3.10/site-packages/esibot_bringup
[6.009s] copying /home/user/esibot_ws/build/esibot_bringup/build/lib/esibot_bringup/odometry_utils.py -> /home/user/esibot_ws/install/esibot_bringup/lib/python3.10/site-packages/esibot_bringup
[6.010s] copying /home/user/esibot_ws/build/esibot_bringup/build/lib/esibot_bringup/esibot_driver.py -> /home/user/esibot_ws/install/esibot_bringup/lib/python3.10/site-packages/esibot_bringup
[6.011s] copying /home/user/esibot_ws/build/esibot_bringup/build/lib/esibot_bringup/serial_interface.py -> /home/user/esibot_ws/install/esibot_bringup/lib/python3.10/site-packages/esibot_bringup
[6.013s] byte-compiling /home/user/esibot_ws/install/esibot_bringup/lib/python3.10/site-packages/esibot_bringup/__init__.py to __init__.cpython-310.pyc
[6.015s] byte-compiling /home/user/esibot_ws/install/esibot_bringup/lib/python3.10/site-packages/esibot_bringup/odometry_utils.py to odometry_utils.cpython-310.pyc
[6.017s] byte-compiling /home/user/esibot_ws/install/esibot_bringup/lib/python3.10/site-packages/esibot_bringup/esibot_driver.py to esibot_driver.cpython-310.pyc
[6.026s] byte-compiling /home/user/esibot_ws/install/esibot_bringup/lib/python3.10/site-packages/esibot_bringup/serial_interface.py to serial_interface.cpython-310.pyc
[6.028s] running install_data
[6.029s] creating /home/user/esibot_ws/install/esibot_bringup/share/ament_index
[6.029s] creating /home/user/esibot_ws/install/esibot_bringup/share/ament_index/resource_index
[6.030s] creating /home/user/esibot_ws/install/esibot_bringup/share/ament_index/resource_index/packages
[6.031s] copying resource/esibot_bringup -> /home/user/esibot_ws/install/esibot_bringup/share/ament_index/resource_index/packages
[6.032s] copying package.xml -> /home/user/esibot_ws/install/esibot_bringup/share/esibot_bringup
[6.033s] creating /home/user/esibot_ws/install/esibot_bringup/share/esibot_bringup/launch
[6.033s] copying launch/esibot_driver.launch.py -> /home/user/esibot_ws/install/esibot_bringup/share/esibot_bringup/launch
[6.034s] running install_egg_info
[6.040s] Copying ../../build/esibot_bringup/esibot_bringup.egg-info to /home/user/esibot_ws/install/esibot_bringup/lib/python3.10/site-packages/esibot_bringup-0.0.1-py3.10.egg-info
[6.047s] running install_scripts
[6.125s] Installing esibot_driver script to /home/user/esibot_ws/install/esibot_bringup/lib/esibot_bringup
[6.127s] writing list of installed files to '/home/user/esibot_ws/build/esibot_bringup/install.log'
[6.260s] Invoked command in '/home/user/esibot_ws/src/esibot_bringup' returned '0': PYTHONPATH=/home/user/esibot_ws/build/esibot_bringup/prefix_override:/usr/lib/python3/dist-packages/colcon_core/task/python/colcon_distutils_commands:/home/user/esibot_ws/install/esibot_bringup/lib/python3.10/site-packages:${PYTHONPATH} /usr/bin/python3 -W ignore:setup.py install is deprecated -W ignore:easy_install command is deprecated setup.py egg_info --egg-base ../../build/esibot_bringup build --build-base /home/user/esibot_ws/build/esibot_bringup/build install --record /home/user/esibot_ws/build/esibot_bringup/install.log --single-version-externally-managed install_data
