/home/user/esibot_ws/install/esibot_sensor/lib/python3.10/site-packages/esibot_sensor/__init__.py
/home/user/esibot_ws/install/esibot_sensor/lib/python3.10/site-packages/esibot_sensor/scan_converter.py
/home/user/esibot_ws/install/esibot_sensor/lib/python3.10/site-packages/esibot_sensor/encoder_odom.py
/home/user/esibot_ws/install/esibot_sensor/lib/python3.10/site-packages/esibot_sensor/mpu_odom.py
/home/user/esibot_ws/install/esibot_sensor/lib/python3.10/site-packages/esibot_sensor/radar_node.py
/home/user/esibot_ws/install/esibot_sensor/lib/python3.10/site-packages/esibot_sensor/encoder_node.py
/home/user/esibot_ws/install/esibot_sensor/lib/python3.10/site-packages/esibot_sensor/mpu_node.py
/home/user/esibot_ws/install/esibot_sensor/lib/python3.10/site-packages/esibot_sensor/__pycache__/__init__.cpython-310.pyc
/home/user/esibot_ws/install/esibot_sensor/lib/python3.10/site-packages/esibot_sensor/__pycache__/scan_converter.cpython-310.pyc
/home/user/esibot_ws/install/esibot_sensor/lib/python3.10/site-packages/esibot_sensor/__pycache__/encoder_odom.cpython-310.pyc
/home/user/esibot_ws/install/esibot_sensor/lib/python3.10/site-packages/esibot_sensor/__pycache__/mpu_odom.cpython-310.pyc
/home/user/esibot_ws/install/esibot_sensor/lib/python3.10/site-packages/esibot_sensor/__pycache__/radar_node.cpython-310.pyc
/home/user/esibot_ws/install/esibot_sensor/lib/python3.10/site-packages/esibot_sensor/__pycache__/encoder_node.cpython-310.pyc
/home/user/esibot_ws/install/esibot_sensor/lib/python3.10/site-packages/esibot_sensor/__pycache__/mpu_node.cpython-310.pyc
/home/user/esibot_ws/install/esibot_sensor/share/ament_index/resource_index/packages/esibot_sensor
/home/user/esibot_ws/install/esibot_sensor/share/esibot_sensor/package.xml
/home/user/esibot_ws/install/esibot_sensor/share/esibot_sensor/launch/sensors.launch.py
/home/user/esibot_ws/install/esibot_sensor/share/esibot_sensor/launch/radar.launch.py
/home/user/esibot_ws/install/esibot_sensor/share/esibot_sensor/config/encoder_params.yaml
/home/user/esibot_ws/install/esibot_sensor/share/esibot_sensor/config/mpu_odom_params.yaml
/home/user/esibot_ws/install/esibot_sensor/share/esibot_sensor/config/radar.rviz
/home/user/esibot_ws/install/esibot_sensor/share/esibot_sensor/config/config.rviz
/home/user/esibot_ws/install/esibot_sensor/share/esibot_sensor/config/slam_params.yaml
/home/user/esibot_ws/install/esibot_sensor/share/esibot_sensor/config/encoder_odom_params.yaml
/home/user/esibot_ws/install/esibot_sensor/share/esibot_sensor/config/radar_params.yaml
/home/user/esibot_ws/install/esibot_sensor/share/esibot_sensor/config/mpu_params.yaml
/home/user/esibot_ws/install/esibot_sensor/lib/python3.10/site-packages/esibot_sensor-0.0.0-py3.10.egg-info/PKG-INFO
/home/user/esibot_ws/install/esibot_sensor/lib/python3.10/site-packages/esibot_sensor-0.0.0-py3.10.egg-info/top_level.txt
/home/user/esibot_ws/install/esibot_sensor/lib/python3.10/site-packages/esibot_sensor-0.0.0-py3.10.egg-info/SOURCES.txt
/home/user/esibot_ws/install/esibot_sensor/lib/python3.10/site-packages/esibot_sensor-0.0.0-py3.10.egg-info/entry_points.txt
/home/user/esibot_ws/install/esibot_sensor/lib/python3.10/site-packages/esibot_sensor-0.0.0-py3.10.egg-info/requires.txt
/home/user/esibot_ws/install/esibot_sensor/lib/python3.10/site-packages/esibot_sensor-0.0.0-py3.10.egg-info/dependency_links.txt
/home/user/esibot_ws/install/esibot_sensor/lib/python3.10/site-packages/esibot_sensor-0.0.0-py3.10.egg-info/zip-safe
/home/user/esibot_ws/install/esibot_sensor/lib/esibot_sensor/encoder_odom
/home/user/esibot_ws/install/esibot_sensor/lib/esibot_sensor/encoder_service
/home/user/esibot_ws/install/esibot_sensor/lib/esibot_sensor/mpu_odom
/home/user/esibot_ws/install/esibot_sensor/lib/esibot_sensor/mpu_service
/home/user/esibot_ws/install/esibot_sensor/lib/esibot_sensor/radar_node
/home/user/esibot_ws/install/esibot_sensor/lib/esibot_sensor/scan_converter
