running egg_info
creating ../../build/esibot_camera/esibot_camera.egg-info
writing ../../build/esibot_camera/esibot_camera.egg-info/PKG-INFO
writing dependency_links to ../../build/esibot_camera/esibot_camera.egg-info/dependency_links.txt
writing entry points to ../../build/esibot_camera/esibot_camera.egg-info/entry_points.txt
writing requirements to ../../build/esibot_camera/esibot_camera.egg-info/requires.txt
writing top-level names to ../../build/esibot_camera/esibot_camera.egg-info/top_level.txt
writing manifest file '../../build/esibot_camera/esibot_camera.egg-info/SOURCES.txt'
reading manifest file '../../build/esibot_camera/esibot_camera.egg-info/SOURCES.txt'
writing manifest file '../../build/esibot_camera/esibot_camera.egg-info/SOURCES.txt'
running build
running build_py
creating /home/user/esibot_ws/build/esibot_camera/build
creating /home/user/esibot_ws/build/esibot_camera/build/lib
creating /home/user/esibot_ws/build/esibot_camera/build/lib/esibot_camera
copying esibot_camera/__init__.py -> /home/user/esibot_ws/build/esibot_camera/build/lib/esibot_camera
copying esibot_camera/esircam_node.py -> /home/user/esibot_ws/build/esibot_camera/build/lib/esibot_camera
running install
running install_lib
creating /home/user/esibot_ws/install/esibot_camera/lib/python3.10/site-packages/esibot_camera
copying /home/user/esibot_ws/build/esibot_camera/build/lib/esibot_camera/__init__.py -> /home/user/esibot_ws/install/esibot_camera/lib/python3.10/site-packages/esibot_camera
copying /home/user/esibot_ws/build/esibot_camera/build/lib/esibot_camera/esircam_node.py -> /home/user/esibot_ws/install/esibot_camera/lib/python3.10/site-packages/esibot_camera
byte-compiling /home/user/esibot_ws/install/esibot_camera/lib/python3.10/site-packages/esibot_camera/__init__.py to __init__.cpython-310.pyc
byte-compiling /home/user/esibot_ws/install/esibot_camera/lib/python3.10/site-packages/esibot_camera/esircam_node.py to esircam_node.cpython-310.pyc
running install_data
creating /home/user/esibot_ws/install/esibot_camera/share/ament_index
creating /home/user/esibot_ws/install/esibot_camera/share/ament_index/resource_index
creating /home/user/esibot_ws/install/esibot_camera/share/ament_index/resource_index/packages
copying resource/esibot_camera -> /home/user/esibot_ws/install/esibot_camera/share/ament_index/resource_index/packages
copying package.xml -> /home/user/esibot_ws/install/esibot_camera/share/esibot_camera
creating /home/user/esibot_ws/install/esibot_camera/share/esibot_camera/launch
copying launch/esibot_camera.launch.py -> /home/user/esibot_ws/install/esibot_camera/share/esibot_camera/launch
creating /home/user/esibot_ws/install/esibot_camera/share/esibot_camera/config
copying config/camera_params.yaml -> /home/user/esibot_ws/install/esibot_camera/share/esibot_camera/config
running install_egg_info
Copying ../../build/esibot_camera/esibot_camera.egg-info to /home/user/esibot_ws/install/esibot_camera/lib/python3.10/site-packages/esibot_camera-0.1.0-py3.10.egg-info
running install_scripts
Installing esircam_node script to /home/user/esibot_ws/install/esibot_camera/lib/esibot_camera
writing list of installed files to '/home/user/esibot_ws/build/esibot_camera/install.log'
