[4.588s] Invoking command in '/home/user/esibot_ws/src/esibot_camera': PYTHONPATH=/home/user/esibot_ws/build/esibot_camera/prefix_override:/usr/lib/python3/dist-packages/colcon_core/task/python/colcon_distutils_commands:/home/user/esibot_ws/install/esibot_camera/lib/python3.10/site-packages:${PYTHONPATH} /usr/bin/python3 -W ignore:setup.py install is deprecated -W ignore:easy_install command is deprecated setup.py egg_info --egg-base ../../build/esibot_camera build --build-base /home/user/esibot_ws/build/esibot_camera/build install --record /home/user/esibot_ws/build/esibot_camera/install.log --single-version-externally-managed install_data
[5.767s] running egg_info
[5.769s] creating ../../build/esibot_camera/esibot_camera.egg-info
[5.770s] writing ../../build/esibot_camera/esibot_camera.egg-info/PKG-INFO
[5.771s] writing dependency_links to ../../build/esibot_camera/esibot_camera.egg-info/dependency_links.txt
[5.772s] writing entry points to ../../build/esibot_camera/esibot_camera.egg-info/entry_points.txt
[5.772s] writing requirements to ../../build/esibot_camera/esibot_camera.egg-info/requires.txt
[5.773s] writing top-level names to ../../build/esibot_camera/esibot_camera.egg-info/top_level.txt
[5.774s] writing manifest file '../../build/esibot_camera/esibot_camera.egg-info/SOURCES.txt'
[5.782s] reading manifest file '../../build/esibot_camera/esibot_camera.egg-info/SOURCES.txt'
[5.785s] writing manifest file '../../build/esibot_camera/esibot_camera.egg-info/SOURCES.txt'
[5.786s] running build
[5.786s] running build_py
[5.787s] creating /home/user/esibot_ws/build/esibot_camera/build
[5.788s] creating /home/user/esibot_ws/build/esibot_camera/build/lib
[5.788s] creating /home/user/esibot_ws/build/esibot_camera/build/lib/esibot_camera
[5.788s] copying esibot_camera/__init__.py -> /home/user/esibot_ws/build/esibot_camera/build/lib/esibot_camera
[5.789s] copying esibot_camera/esircam_node.py -> /home/user/esibot_ws/build/esibot_camera/build/lib/esibot_camera
[5.790s] running install
[5.791s] running install_lib
[5.794s] creating /home/user/esibot_ws/install/esibot_camera/lib/python3.10/site-packages/esibot_camera
[5.795s] copying /home/user/esibot_ws/build/esibot_camera/build/lib/esibot_camera/__init__.py -> /home/user/esibot_ws/install/esibot_camera/lib/python3.10/site-packages/esibot_camera
[5.796s] copying /home/user/esibot_ws/build/esibot_camera/build/lib/esibot_camera/esircam_node.py -> /home/user/esibot_ws/install/esibot_camera/lib/python3.10/site-packages/esibot_camera
[5.798s] byte-compiling /home/user/esibot_ws/install/esibot_camera/lib/python3.10/site-packages/esibot_camera/__init__.py to __init__.cpython-310.pyc
[5.800s] byte-compiling /home/user/esibot_ws/install/esibot_camera/lib/python3.10/site-packages/esibot_camera/esircam_node.py to esircam_node.cpython-310.pyc
[5.807s] running install_data
[5.807s] creating /home/user/esibot_ws/install/esibot_camera/share/ament_index
[5.808s] creating /home/user/esibot_ws/install/esibot_camera/share/ament_index/resource_index
[5.808s] creating /home/user/esibot_ws/install/esibot_camera/share/ament_index/resource_index/packages
[5.808s] copying resource/esibot_camera -> /home/user/esibot_ws/install/esibot_camera/share/ament_index/resource_index/packages
[5.810s] copying package.xml -> /home/user/esibot_ws/install/esibot_camera/share/esibot_camera
[5.811s] creating /home/user/esibot_ws/install/esibot_camera/share/esibot_camera/launch
[5.811s] copying launch/esibot_camera.launch.py -> /home/user/esibot_ws/install/esibot_camera/share/esibot_camera/launch
[5.813s] creating /home/user/esibot_ws/install/esibot_camera/share/esibot_camera/config
[5.813s] copying config/camera_params.yaml -> /home/user/esibot_ws/install/esibot_camera/share/esibot_camera/config
[5.813s] running install_egg_info
[5.821s] Copying ../../build/esibot_camera/esibot_camera.egg-info to /home/user/esibot_ws/install/esibot_camera/lib/python3.10/site-packages/esibot_camera-0.1.0-py3.10.egg-info
[5.826s] running install_scripts
[5.904s] Installing esircam_node script to /home/user/esibot_ws/install/esibot_camera/lib/esibot_camera
[5.905s] writing list of installed files to '/home/user/esibot_ws/build/esibot_camera/install.log'
[6.027s] Invoked command in '/home/user/esibot_ws/src/esibot_camera' returned '0': PYTHONPATH=/home/user/esibot_ws/build/esibot_camera/prefix_override:/usr/lib/python3/dist-packages/colcon_core/task/python/colcon_distutils_commands:/home/user/esibot_ws/install/esibot_camera/lib/python3.10/site-packages:${PYTHONPATH} /usr/bin/python3 -W ignore:setup.py install is deprecated -W ignore:easy_install command is deprecated setup.py egg_info --egg-base ../../build/esibot_camera build --build-base /home/user/esibot_ws/build/esibot_camera/build install --record /home/user/esibot_ws/build/esibot_camera/install.log --single-version-externally-managed install_data
