[5.190s] Invoking command in '/home/user/esibot_ws/src/esibot_sensor': PYTHONPATH=/home/user/esibot_ws/build/esibot_sensor/prefix_override:/usr/lib/python3/dist-packages/colcon_core/task/python/colcon_distutils_commands:/home/user/esibot_ws/install/esibot_sensor/lib/python3.10/site-packages:${PYTHONPATH} /usr/bin/python3 -W ignore:setup.py install is deprecated -W ignore:easy_install command is deprecated setup.py egg_info --egg-base ../../build/esibot_sensor build --build-base /home/user/esibot_ws/build/esibot_sensor/build install --record /home/user/esibot_ws/build/esibot_sensor/install.log --single-version-externally-managed install_data
[6.740s] running egg_info
[6.743s] writing ../../build/esibot_sensor/esibot_sensor.egg-info/PKG-INFO
[6.745s] writing dependency_links to ../../build/esibot_sensor/esibot_sensor.egg-info/dependency_links.txt
[6.746s] writing entry points to ../../build/esibot_sensor/esibot_sensor.egg-info/entry_points.txt
[6.748s] writing requirements to ../../build/esibot_sensor/esibot_sensor.egg-info/requires.txt
[6.749s] writing top-level names to ../../build/esibot_sensor/esibot_sensor.egg-info/top_level.txt
[6.771s] reading manifest file '../../build/esibot_sensor/esibot_sensor.egg-info/SOURCES.txt'
[6.785s] writing manifest file '../../build/esibot_sensor/esibot_sensor.egg-info/SOURCES.txt'
[6.786s] running build
[6.786s] running build_py
[6.802s] copying esibot_sensor/mpu_odom.py -> /home/user/esibot_ws/build/esibot_sensor/build/lib/esibot_sensor
[6.806s] copying esibot_sensor/encoder_node.py -> /home/user/esibot_ws/build/esibot_sensor/build/lib/esibot_sensor
[6.808s] copying esibot_sensor/mpu_node.py -> /home/user/esibot_ws/build/esibot_sensor/build/lib/esibot_sensor
[6.811s] running install
[6.813s] running install_lib
[6.820s] copying /home/user/esibot_ws/build/esibot_sensor/build/lib/esibot_sensor/mpu_odom.py -> /home/user/esibot_ws/install/esibot_sensor/lib/python3.10/site-packages/esibot_sensor
[6.822s] copying /home/user/esibot_ws/build/esibot_sensor/build/lib/esibot_sensor/encoder_node.py -> /home/user/esibot_ws/install/esibot_sensor/lib/python3.10/site-packages/esibot_sensor
[6.823s] copying /home/user/esibot_ws/build/esibot_sensor/build/lib/esibot_sensor/mpu_node.py -> /home/user/esibot_ws/install/esibot_sensor/lib/python3.10/site-packages/esibot_sensor
[6.828s] byte-compiling /home/user/esibot_ws/install/esibot_sensor/lib/python3.10/site-packages/esibot_sensor/mpu_odom.py to mpu_odom.cpython-310.pyc
[6.832s] byte-compiling /home/user/esibot_ws/install/esibot_sensor/lib/python3.10/site-packages/esibot_sensor/encoder_node.py to encoder_node.cpython-310.pyc
[6.835s] byte-compiling /home/user/esibot_ws/install/esibot_sensor/lib/python3.10/site-packages/esibot_sensor/mpu_node.py to mpu_node.cpython-310.pyc
[6.837s] running install_data
[6.842s] running install_egg_info
[6.850s] removing '/home/user/esibot_ws/install/esibot_sensor/lib/python3.10/site-packages/esibot_sensor-0.0.0-py3.10.egg-info' (and everything under it)
[6.851s] Copying ../../build/esibot_sensor/esibot_sensor.egg-info to /home/user/esibot_ws/install/esibot_sensor/lib/python3.10/site-packages/esibot_sensor-0.0.0-py3.10.egg-info
[6.860s] running install_scripts
[6.952s] Installing encoder_service script to /home/user/esibot_ws/install/esibot_sensor/lib/esibot_sensor
[6.954s] Installing mpu_service script to /home/user/esibot_ws/install/esibot_sensor/lib/esibot_sensor
[6.954s] Installing odom_service script to /home/user/esibot_ws/install/esibot_sensor/lib/esibot_sensor
[6.955s] Installing radar_node script to /home/user/esibot_ws/install/esibot_sensor/lib/esibot_sensor
[6.958s] writing list of installed files to '/home/user/esibot_ws/build/esibot_sensor/install.log'
[7.111s] Invoked command in '/home/user/esibot_ws/src/esibot_sensor' returned '0': PYTHONPATH=/home/user/esibot_ws/build/esibot_sensor/prefix_override:/usr/lib/python3/dist-packages/colcon_core/task/python/colcon_distutils_commands:/home/user/esibot_ws/install/esibot_sensor/lib/python3.10/site-packages:${PYTHONPATH} /usr/bin/python3 -W ignore:setup.py install is deprecated -W ignore:easy_install command is deprecated setup.py egg_info --egg-base ../../build/esibot_sensor build --build-base /home/user/esibot_ws/build/esibot_sensor/build install --record /home/user/esibot_ws/build/esibot_sensor/install.log --single-version-externally-managed install_data
