[0.949s] DEBUG:colcon:Command line arguments: ['/usr/bin/colcon', 'build', '--packages-select', 'esibot_camera']
[0.950s] DEBUG:colcon:Parsed command line arguments: Namespace(log_base=None, log_level=None, verb_name='build', build_base='build', install_base='install', merge_install=False, symlink_install=False, test_result_base=None, continue_on_error=False, executor='parallel', parallel_workers=4, event_handlers=None, ignore_user_meta=False, metas=['./colcon.meta'], base_paths=['.'], packages_ignore=None, packages_ignore_regex=None, paths=None, packages_up_to=None, packages_up_to_regex=None, packages_above=None, packages_above_and_dependencies=None, packages_above_depth=None, packages_select_by_dep=None, packages_skip_by_dep=None, packages_skip_up_to=None, packages_select_build_failed=False, packages_skip_build_finished=False, packages_select_test_failures=False, packages_skip_test_passed=False, packages_select=['esibot_camera'], packages_skip=None, packages_select_regex=None, packages_skip_regex=None, packages_start=None, packages_end=None, allow_overriding=[], cmake_args=None, cmake_target=None, cmake_target_skip_unavailable=False, cmake_clean_cache=False, cmake_clean_first=False, cmake_force_configure=False, ament_cmake_args=None, catkin_cmake_args=None, catkin_skip_building_tests=False, mixin_files=None, mixin=None, verb_parser=<colcon_mixin.mixin.mixin_argument.MixinArgumentDecorator object at 0xffff9fbfa4d0>, verb_extension=<colcon_core.verb.build.BuildVerb object at 0xffff9fd7b4c0>, main=<bound method BuildVerb.main of <colcon_core.verb.build.BuildVerb object at 0xffff9fd7b4c0>>, mixin_verb=('build',))
[2.813s] Level 1:colcon.colcon_core.package_discovery:discover_packages(colcon_meta) check parameters
[2.814s] Level 1:colcon.colcon_core.package_discovery:discover_packages(recursive) check parameters
[2.814s] Level 1:colcon.colcon_core.package_discovery:discover_packages(ignore) check parameters
[2.814s] Level 1:colcon.colcon_core.package_discovery:discover_packages(path) check parameters
[2.814s] Level 1:colcon.colcon_core.package_discovery:discover_packages(colcon_meta) discover
[2.814s] Level 1:colcon.colcon_core.package_discovery:discover_packages(recursive) discover
[2.815s] INFO:colcon.colcon_core.package_discovery:Crawling recursively for packages in '/home/user/esibot_ws'
[2.815s] Level 1:colcon.colcon_core.package_identification:_identify(.) by extensions ['ignore', 'ignore_ament_install']
[2.816s] Level 1:colcon.colcon_core.package_identification:_identify(.) by extension 'ignore'
[2.817s] Level 1:colcon.colcon_core.package_identification:_identify(.) by extension 'ignore_ament_install'
[2.817s] Level 1:colcon.colcon_core.package_identification:_identify(.) by extensions ['colcon_pkg']
[2.817s] Level 1:colcon.colcon_core.package_identification:_identify(.) by extension 'colcon_pkg'
[2.817s] Level 1:colcon.colcon_core.package_identification:_identify(.) by extensions ['colcon_meta']
[2.817s] Level 1:colcon.colcon_core.package_identification:_identify(.) by extension 'colcon_meta'
[2.818s] Level 1:colcon.colcon_core.package_identification:_identify(.) by extensions ['ros']
[2.818s] Level 1:colcon.colcon_core.package_identification:_identify(.) by extension 'ros'
[2.946s] Level 1:colcon.colcon_core.package_identification:_identify(.) by extensions ['cmake', 'python']
[2.946s] Level 1:colcon.colcon_core.package_identification:_identify(.) by extension 'cmake'
[2.947s] Level 1:colcon.colcon_core.package_identification:_identify(.) by extension 'python'
[2.947s] Level 1:colcon.colcon_core.package_identification:_identify(.) by extensions ['python_setup_py']
[2.947s] Level 1:colcon.colcon_core.package_identification:_identify(.) by extension 'python_setup_py'
[2.947s] Level 1:colcon.colcon_core.package_identification:_identify(build) by extensions ['ignore', 'ignore_ament_install']
[2.948s] Level 1:colcon.colcon_core.package_identification:_identify(build) by extension 'ignore'
[2.948s] Level 1:colcon.colcon_core.package_identification:_identify(build) ignored
[2.949s] Level 1:colcon.colcon_core.package_identification:_identify(install) by extensions ['ignore', 'ignore_ament_install']
[2.949s] Level 1:colcon.colcon_core.package_identification:_identify(install) by extension 'ignore'
[2.949s] Level 1:colcon.colcon_core.package_identification:_identify(install) ignored
[2.950s] Level 1:colcon.colcon_core.package_identification:_identify(log) by extensions ['ignore', 'ignore_ament_install']
[2.950s] Level 1:colcon.colcon_core.package_identification:_identify(log) by extension 'ignore'
[2.951s] Level 1:colcon.colcon_core.package_identification:_identify(log) ignored
[2.951s] Level 1:colcon.colcon_core.package_identification:_identify(src) by extensions ['ignore', 'ignore_ament_install']
[2.951s] Level 1:colcon.colcon_core.package_identification:_identify(src) by extension 'ignore'
[2.951s] Level 1:colcon.colcon_core.package_identification:_identify(src) by extension 'ignore_ament_install'
[2.952s] Level 1:colcon.colcon_core.package_identification:_identify(src) by extensions ['colcon_pkg']
[2.952s] Level 1:colcon.colcon_core.package_identification:_identify(src) by extension 'colcon_pkg'
[2.952s] Level 1:colcon.colcon_core.package_identification:_identify(src) by extensions ['colcon_meta']
[2.952s] Level 1:colcon.colcon_core.package_identification:_identify(src) by extension 'colcon_meta'
[2.952s] Level 1:colcon.colcon_core.package_identification:_identify(src) by extensions ['ros']
[2.952s] Level 1:colcon.colcon_core.package_identification:_identify(src) by extension 'ros'
[2.953s] Level 1:colcon.colcon_core.package_identification:_identify(src) by extensions ['cmake', 'python']
[2.953s] Level 1:colcon.colcon_core.package_identification:_identify(src) by extension 'cmake'
[2.953s] Level 1:colcon.colcon_core.package_identification:_identify(src) by extension 'python'
[2.953s] Level 1:colcon.colcon_core.package_identification:_identify(src) by extensions ['python_setup_py']
[2.953s] Level 1:colcon.colcon_core.package_identification:_identify(src) by extension 'python_setup_py'
[2.955s] Level 1:colcon.colcon_core.package_identification:_identify(src/esibot_bringup) by extensions ['ignore', 'ignore_ament_install']
[2.956s] Level 1:colcon.colcon_core.package_identification:_identify(src/esibot_bringup) by extension 'ignore'
[2.956s] Level 1:colcon.colcon_core.package_identification:_identify(src/esibot_bringup) by extension 'ignore_ament_install'
[2.956s] Level 1:colcon.colcon_core.package_identification:_identify(src/esibot_bringup) by extensions ['colcon_pkg']
[2.956s] Level 1:colcon.colcon_core.package_identification:_identify(src/esibot_bringup) by extension 'colcon_pkg'
[2.956s] Level 1:colcon.colcon_core.package_identification:_identify(src/esibot_bringup) by extensions ['colcon_meta']
[2.956s] Level 1:colcon.colcon_core.package_identification:_identify(src/esibot_bringup) by extension 'colcon_meta'
[2.957s] Level 1:colcon.colcon_core.package_identification:_identify(src/esibot_bringup) by extensions ['ros']
[2.957s] Level 1:colcon.colcon_core.package_identification:_identify(src/esibot_bringup) by extension 'ros'
[2.971s] DEBUG:colcon.colcon_core.package_identification:Package 'src/esibot_bringup' with type 'ros.ament_python' and name 'esibot_bringup'
[2.972s] Level 1:colcon.colcon_core.package_identification:_identify(src/esibot_camera) by extensions ['ignore', 'ignore_ament_install']
[2.972s] Level 1:colcon.colcon_core.package_identification:_identify(src/esibot_camera) by extension 'ignore'
[2.972s] Level 1:colcon.colcon_core.package_identification:_identify(src/esibot_camera) by extension 'ignore_ament_install'
[2.973s] Level 1:colcon.colcon_core.package_identification:_identify(src/esibot_camera) by extensions ['colcon_pkg']
[2.973s] Level 1:colcon.colcon_core.package_identification:_identify(src/esibot_camera) by extension 'colcon_pkg'
[2.973s] Level 1:colcon.colcon_core.package_identification:_identify(src/esibot_camera) by extensions ['colcon_meta']
[2.973s] Level 1:colcon.colcon_core.package_identification:_identify(src/esibot_camera) by extension 'colcon_meta'
[2.973s] Level 1:colcon.colcon_core.package_identification:_identify(src/esibot_camera) by extensions ['ros']
[2.974s] Level 1:colcon.colcon_core.package_identification:_identify(src/esibot_camera) by extension 'ros'
[2.978s] DEBUG:colcon.colcon_core.package_identification:Package 'src/esibot_camera' with type 'ros.ament_python' and name 'esibot_camera'
[2.980s] Level 1:colcon.colcon_core.package_identification:_identify(src/esibot_description) by extensions ['ignore', 'ignore_ament_install']
[2.980s] Level 1:colcon.colcon_core.package_identification:_identify(src/esibot_description) by extension 'ignore'
[2.980s] Level 1:colcon.colcon_core.package_identification:_identify(src/esibot_description) by extension 'ignore_ament_install'
[2.981s] Level 1:colcon.colcon_core.package_identification:_identify(src/esibot_description) by extensions ['colcon_pkg']
[2.981s] Level 1:colcon.colcon_core.package_identification:_identify(src/esibot_description) by extension 'colcon_pkg'
[2.981s] Level 1:colcon.colcon_core.package_identification:_identify(src/esibot_description) by extensions ['colcon_meta']
[2.981s] Level 1:colcon.colcon_core.package_identification:_identify(src/esibot_description) by extension 'colcon_meta'
[2.981s] Level 1:colcon.colcon_core.package_identification:_identify(src/esibot_description) by extensions ['ros']
[2.982s] Level 1:colcon.colcon_core.package_identification:_identify(src/esibot_description) by extension 'ros'
[2.982s] Level 1:colcon.colcon_core.package_identification:_identify(src/esibot_description) by extensions ['cmake', 'python']
[2.982s] Level 1:colcon.colcon_core.package_identification:_identify(src/esibot_description) by extension 'cmake'
[2.982s] Level 1:colcon.colcon_core.package_identification:_identify(src/esibot_description) by extension 'python'
[2.982s] Level 1:colcon.colcon_core.package_identification:_identify(src/esibot_description) by extensions ['python_setup_py']
[2.983s] Level 1:colcon.colcon_core.package_identification:_identify(src/esibot_description) by extension 'python_setup_py'
[2.983s] Level 1:colcon.colcon_core.package_identification:_identify(src/esibot_description/launch) by extensions ['ignore', 'ignore_ament_install']
[2.984s] Level 1:colcon.colcon_core.package_identification:_identify(src/esibot_description/launch) by extension 'ignore'
[2.984s] Level 1:colcon.colcon_core.package_identification:_identify(src/esibot_description/launch) by extension 'ignore_ament_install'
[2.984s] Level 1:colcon.colcon_core.package_identification:_identify(src/esibot_description/launch) by extensions ['colcon_pkg']
[2.985s] Level 1:colcon.colcon_core.package_identification:_identify(src/esibot_description/launch) by extension 'colcon_pkg'
[2.985s] Level 1:colcon.colcon_core.package_identification:_identify(src/esibot_description/launch) by extensions ['colcon_meta']
[2.985s] Level 1:colcon.colcon_core.package_identification:_identify(src/esibot_description/launch) by extension 'colcon_meta'
[2.985s] Level 1:colcon.colcon_core.package_identification:_identify(src/esibot_description/launch) by extensions ['ros']
[2.985s] Level 1:colcon.colcon_core.package_identification:_identify(src/esibot_description/launch) by extension 'ros'
[2.986s] Level 1:colcon.colcon_core.package_identification:_identify(src/esibot_description/launch) by extensions ['cmake', 'python']
[2.986s] Level 1:colcon.colcon_core.package_identification:_identify(src/esibot_description/launch) by extension 'cmake'
[2.986s] Level 1:colcon.colcon_core.package_identification:_identify(src/esibot_description/launch) by extension 'python'
[2.986s] Level 1:colcon.colcon_core.package_identification:_identify(src/esibot_description/launch) by extensions ['python_setup_py']
[2.986s] Level 1:colcon.colcon_core.package_identification:_identify(src/esibot_description/launch) by extension 'python_setup_py'
[2.987s] Level 1:colcon.colcon_core.package_identification:_identify(src/esibot_description/urdf) by extensions ['ignore', 'ignore_ament_install']
[2.988s] Level 1:colcon.colcon_core.package_identification:_identify(src/esibot_description/urdf) by extension 'ignore'
[2.988s] Level 1:colcon.colcon_core.package_identification:_identify(src/esibot_description/urdf) by extension 'ignore_ament_install'
[2.988s] Level 1:colcon.colcon_core.package_identification:_identify(src/esibot_description/urdf) by extensions ['colcon_pkg']
[2.988s] Level 1:colcon.colcon_core.package_identification:_identify(src/esibot_description/urdf) by extension 'colcon_pkg'
[2.988s] Level 1:colcon.colcon_core.package_identification:_identify(src/esibot_description/urdf) by extensions ['colcon_meta']
[2.989s] Level 1:colcon.colcon_core.package_identification:_identify(src/esibot_description/urdf) by extension 'colcon_meta'
[2.989s] Level 1:colcon.colcon_core.package_identification:_identify(src/esibot_description/urdf) by extensions ['ros']
[2.989s] Level 1:colcon.colcon_core.package_identification:_identify(src/esibot_description/urdf) by extension 'ros'
[2.989s] Level 1:colcon.colcon_core.package_identification:_identify(src/esibot_description/urdf) by extensions ['cmake', 'python']
[2.989s] Level 1:colcon.colcon_core.package_identification:_identify(src/esibot_description/urdf) by extension 'cmake'
[2.990s] Level 1:colcon.colcon_core.package_identification:_identify(src/esibot_description/urdf) by extension 'python'
[2.990s] Level 1:colcon.colcon_core.package_identification:_identify(src/esibot_description/urdf) by extensions ['python_setup_py']
[2.990s] Level 1:colcon.colcon_core.package_identification:_identify(src/esibot_description/urdf) by extension 'python_setup_py'
[2.991s] Level 1:colcon.colcon_core.package_identification:_identify(src/esibot_sensor) by extensions ['ignore', 'ignore_ament_install']
[2.991s] Level 1:colcon.colcon_core.package_identification:_identify(src/esibot_sensor) by extension 'ignore'
[2.992s] Level 1:colcon.colcon_core.package_identification:_identify(src/esibot_sensor) by extension 'ignore_ament_install'
[2.992s] Level 1:colcon.colcon_core.package_identification:_identify(src/esibot_sensor) by extensions ['colcon_pkg']
[2.992s] Level 1:colcon.colcon_core.package_identification:_identify(src/esibot_sensor) by extension 'colcon_pkg'
[2.992s] Level 1:colcon.colcon_core.package_identification:_identify(src/esibot_sensor) by extensions ['colcon_meta']
[2.992s] Level 1:colcon.colcon_core.package_identification:_identify(src/esibot_sensor) by extension 'colcon_meta'
[2.993s] Level 1:colcon.colcon_core.package_identification:_identify(src/esibot_sensor) by extensions ['ros']
[2.993s] Level 1:colcon.colcon_core.package_identification:_identify(src/esibot_sensor) by extension 'ros'
[2.996s] DEBUG:colcon.colcon_core.package_identification:Package 'src/esibot_sensor' with type 'ros.ament_python' and name 'esibot_sensor'
[2.997s] Level 1:colcon.colcon_core.package_identification:_identify(src/esibot_ui) by extensions ['ignore', 'ignore_ament_install']
[2.997s] Level 1:colcon.colcon_core.package_identification:_identify(src/esibot_ui) by extension 'ignore'
[2.998s] Level 1:colcon.colcon_core.package_identification:_identify(src/esibot_ui) by extension 'ignore_ament_install'
[2.998s] Level 1:colcon.colcon_core.package_identification:_identify(src/esibot_ui) by extensions ['colcon_pkg']
[2.998s] Level 1:colcon.colcon_core.package_identification:_identify(src/esibot_ui) by extension 'colcon_pkg'
[2.998s] Level 1:colcon.colcon_core.package_identification:_identify(src/esibot_ui) by extensions ['colcon_meta']
[2.998s] Level 1:colcon.colcon_core.package_identification:_identify(src/esibot_ui) by extension 'colcon_meta'
[2.999s] Level 1:colcon.colcon_core.package_identification:_identify(src/esibot_ui) by extensions ['ros']
[2.999s] Level 1:colcon.colcon_core.package_identification:_identify(src/esibot_ui) by extension 'ros'
[2.999s] Level 1:colcon.colcon_core.package_identification:_identify(src/esibot_ui) by extensions ['cmake', 'python']
[2.999s] Level 1:colcon.colcon_core.package_identification:_identify(src/esibot_ui) by extension 'cmake'
[2.999s] Level 1:colcon.colcon_core.package_identification:_identify(src/esibot_ui) by extension 'python'
[3.000s] Level 1:colcon.colcon_core.package_identification:_identify(src/esibot_ui) by extensions ['python_setup_py']
[3.000s] Level 1:colcon.colcon_core.package_identification:_identify(src/esibot_ui) by extension 'python_setup_py'
[3.001s] Level 1:colcon.colcon_core.package_identification:_identify(src/esibot_ui/esibot_ui) by extensions ['ignore', 'ignore_ament_install']
[3.001s] Level 1:colcon.colcon_core.package_identification:_identify(src/esibot_ui/esibot_ui) by extension 'ignore'
[3.001s] Level 1:colcon.colcon_core.package_identification:_identify(src/esibot_ui/esibot_ui) by extension 'ignore_ament_install'
[3.002s] Level 1:colcon.colcon_core.package_identification:_identify(src/esibot_ui/esibot_ui) by extensions ['colcon_pkg']
[3.002s] Level 1:colcon.colcon_core.package_identification:_identify(src/esibot_ui/esibot_ui) by extension 'colcon_pkg'
[3.002s] Level 1:colcon.colcon_core.package_identification:_identify(src/esibot_ui/esibot_ui) by extensions ['colcon_meta']
[3.002s] Level 1:colcon.colcon_core.package_identification:_identify(src/esibot_ui/esibot_ui) by extension 'colcon_meta'
[3.002s] Level 1:colcon.colcon_core.package_identification:_identify(src/esibot_ui/esibot_ui) by extensions ['ros']
[3.002s] Level 1:colcon.colcon_core.package_identification:_identify(src/esibot_ui/esibot_ui) by extension 'ros'
[3.003s] Level 1:colcon.colcon_core.package_identification:_identify(src/esibot_ui/esibot_ui) by extensions ['cmake', 'python']
[3.003s] Level 1:colcon.colcon_core.package_identification:_identify(src/esibot_ui/esibot_ui) by extension 'cmake'
[3.003s] Level 1:colcon.colcon_core.package_identification:_identify(src/esibot_ui/esibot_ui) by extension 'python'
[3.003s] Level 1:colcon.colcon_core.package_identification:_identify(src/esibot_ui/esibot_ui) by extensions ['python_setup_py']
[3.003s] Level 1:colcon.colcon_core.package_identification:_identify(src/esibot_ui/esibot_ui) by extension 'python_setup_py'
[3.004s] Level 1:colcon.colcon_core.package_identification:_identify(src/esibot_vision) by extensions ['ignore', 'ignore_ament_install']
[3.005s] Level 1:colcon.colcon_core.package_identification:_identify(src/esibot_vision) by extension 'ignore'
[3.005s] Level 1:colcon.colcon_core.package_identification:_identify(src/esibot_vision) by extension 'ignore_ament_install'
[3.005s] Level 1:colcon.colcon_core.package_identification:_identify(src/esibot_vision) by extensions ['colcon_pkg']
[3.005s] Level 1:colcon.colcon_core.package_identification:_identify(src/esibot_vision) by extension 'colcon_pkg'
[3.005s] Level 1:colcon.colcon_core.package_identification:_identify(src/esibot_vision) by extensions ['colcon_meta']
[3.006s] Level 1:colcon.colcon_core.package_identification:_identify(src/esibot_vision) by extension 'colcon_meta'
[3.006s] Level 1:colcon.colcon_core.package_identification:_identify(src/esibot_vision) by extensions ['ros']
[3.006s] Level 1:colcon.colcon_core.package_identification:_identify(src/esibot_vision) by extension 'ros'
[3.006s] Level 1:colcon.colcon_core.package_identification:_identify(src/esibot_vision) by extensions ['cmake', 'python']
[3.006s] Level 1:colcon.colcon_core.package_identification:_identify(src/esibot_vision) by extension 'cmake'
[3.007s] Level 1:colcon.colcon_core.package_identification:_identify(src/esibot_vision) by extension 'python'
[3.007s] Level 1:colcon.colcon_core.package_identification:_identify(src/esibot_vision) by extensions ['python_setup_py']
[3.007s] Level 1:colcon.colcon_core.package_identification:_identify(src/esibot_vision) by extension 'python_setup_py'
[3.008s] Level 1:colcon.colcon_core.package_identification:_identify(src/esibot_vision/esibot_vision) by extensions ['ignore', 'ignore_ament_install']
[3.008s] Level 1:colcon.colcon_core.package_identification:_identify(src/esibot_vision/esibot_vision) by extension 'ignore'
[3.009s] Level 1:colcon.colcon_core.package_identification:_identify(src/esibot_vision/esibot_vision) by extension 'ignore_ament_install'
[3.009s] Level 1:colcon.colcon_core.package_identification:_identify(src/esibot_vision/esibot_vision) by extensions ['colcon_pkg']
[3.009s] Level 1:colcon.colcon_core.package_identification:_identify(src/esibot_vision/esibot_vision) by extension 'colcon_pkg'
[3.009s] Level 1:colcon.colcon_core.package_identification:_identify(src/esibot_vision/esibot_vision) by extensions ['colcon_meta']
[3.009s] Level 1:colcon.colcon_core.package_identification:_identify(src/esibot_vision/esibot_vision) by extension 'colcon_meta'
[3.009s] Level 1:colcon.colcon_core.package_identification:_identify(src/esibot_vision/esibot_vision) by extensions ['ros']
[3.010s] Level 1:colcon.colcon_core.package_identification:_identify(src/esibot_vision/esibot_vision) by extension 'ros'
[3.010s] Level 1:colcon.colcon_core.package_identification:_identify(src/esibot_vision/esibot_vision) by extensions ['cmake', 'python']
[3.010s] Level 1:colcon.colcon_core.package_identification:_identify(src/esibot_vision/esibot_vision) by extension 'cmake'
[3.010s] Level 1:colcon.colcon_core.package_identification:_identify(src/esibot_vision/esibot_vision) by extension 'python'
[3.011s] Level 1:colcon.colcon_core.package_identification:_identify(src/esibot_vision/esibot_vision) by extensions ['python_setup_py']
[3.011s] Level 1:colcon.colcon_core.package_identification:_identify(src/esibot_vision/esibot_vision) by extension 'python_setup_py'
[3.012s] Level 1:colcon.colcon_core.package_identification:_identify(src/esibot_vision/launch) by extensions ['ignore', 'ignore_ament_install']
[3.012s] Level 1:colcon.colcon_core.package_identification:_identify(src/esibot_vision/launch) by extension 'ignore'
[3.012s] Level 1:colcon.colcon_core.package_identification:_identify(src/esibot_vision/launch) by extension 'ignore_ament_install'
[3.012s] Level 1:colcon.colcon_core.package_identification:_identify(src/esibot_vision/launch) by extensions ['colcon_pkg']
[3.013s] Level 1:colcon.colcon_core.package_identification:_identify(src/esibot_vision/launch) by extension 'colcon_pkg'
[3.013s] Level 1:colcon.colcon_core.package_identification:_identify(src/esibot_vision/launch) by extensions ['colcon_meta']
[3.013s] Level 1:colcon.colcon_core.package_identification:_identify(src/esibot_vision/launch) by extension 'colcon_meta'
[3.013s] Level 1:colcon.colcon_core.package_identification:_identify(src/esibot_vision/launch) by extensions ['ros']
[3.013s] Level 1:colcon.colcon_core.package_identification:_identify(src/esibot_vision/launch) by extension 'ros'
[3.014s] Level 1:colcon.colcon_core.package_identification:_identify(src/esibot_vision/launch) by extensions ['cmake', 'python']
[3.014s] Level 1:colcon.colcon_core.package_identification:_identify(src/esibot_vision/launch) by extension 'cmake'
[3.014s] Level 1:colcon.colcon_core.package_identification:_identify(src/esibot_vision/launch) by extension 'python'
[3.014s] Level 1:colcon.colcon_core.package_identification:_identify(src/esibot_vision/launch) by extensions ['python_setup_py']
[3.014s] Level 1:colcon.colcon_core.package_identification:_identify(src/esibot_vision/launch) by extension 'python_setup_py'
[3.014s] Level 1:colcon.colcon_core.package_discovery:discover_packages(recursive) using defaults
[3.015s] Level 1:colcon.colcon_core.package_discovery:discover_packages(ignore) discover
[3.015s] Level 1:colcon.colcon_core.package_discovery:discover_packages(ignore) using defaults
[3.015s] Level 1:colcon.colcon_core.package_discovery:discover_packages(path) discover
[3.015s] Level 1:colcon.colcon_core.package_discovery:discover_packages(path) using defaults
[3.313s] INFO:colcon.colcon_core.package_selection:Skipping not selected package 'esibot_bringup' in 'src/esibot_bringup'
[3.313s] INFO:colcon.colcon_core.package_selection:Skipping not selected package 'esibot_sensor' in 'src/esibot_sensor'
[3.317s] Level 1:colcon.colcon_core.package_discovery:discover_packages(prefix_path) check parameters
[3.317s] Level 1:colcon.colcon_core.package_discovery:discover_packages(prefix_path) discover
[3.348s] DEBUG:colcon.colcon_installed_package_information.package_discovery:Found 2 installed packages in /home/user/esibot_ws/install
[3.359s] DEBUG:colcon.colcon_installed_package_information.package_discovery:Found 285 installed packages in /opt/ros/humble
[3.366s] Level 1:colcon.colcon_core.package_discovery:discover_packages(prefix_path) using defaults
[3.561s] Level 5:colcon.colcon_core.verb:set package 'esibot_camera' build argument 'cmake_args' from command line to 'None'
[3.561s] Level 5:colcon.colcon_core.verb:set package 'esibot_camera' build argument 'cmake_target' from command line to 'None'
[3.562s] Level 5:colcon.colcon_core.verb:set package 'esibot_camera' build argument 'cmake_target_skip_unavailable' from command line to 'False'
[3.562s] Level 5:colcon.colcon_core.verb:set package 'esibot_camera' build argument 'cmake_clean_cache' from command line to 'False'
[3.562s] Level 5:colcon.colcon_core.verb:set package 'esibot_camera' build argument 'cmake_clean_first' from command line to 'False'
[3.562s] Level 5:colcon.colcon_core.verb:set package 'esibot_camera' build argument 'cmake_force_configure' from command line to 'False'
[3.562s] Level 5:colcon.colcon_core.verb:set package 'esibot_camera' build argument 'ament_cmake_args' from command line to 'None'
[3.562s] Level 5:colcon.colcon_core.verb:set package 'esibot_camera' build argument 'catkin_cmake_args' from command line to 'None'
[3.562s] Level 5:colcon.colcon_core.verb:set package 'esibot_camera' build argument 'catkin_skip_building_tests' from command line to 'False'
[3.562s] DEBUG:colcon.colcon_core.verb:Building package 'esibot_camera' with the following arguments: {'ament_cmake_args': None, 'build_base': '/home/user/esibot_ws/build/esibot_camera', 'catkin_cmake_args': None, 'catkin_skip_building_tests': False, 'cmake_args': None, 'cmake_clean_cache': False, 'cmake_clean_first': False, 'cmake_force_configure': False, 'cmake_target': None, 'cmake_target_skip_unavailable': False, 'install_base': '/home/user/esibot_ws/install/esibot_camera', 'merge_install': False, 'path': '/home/user/esibot_ws/src/esibot_camera', 'symlink_install': False, 'test_result_base': None}
[3.563s] INFO:colcon.colcon_core.executor:Executing jobs using 'parallel' executor
[3.566s] DEBUG:colcon.colcon_parallel_executor.executor.parallel:run_until_complete
[3.567s] INFO:colcon.colcon_ros.task.ament_python.build:Building ROS package in '/home/user/esibot_ws/src/esibot_camera' with build type 'ament_python'
[3.567s] Level 1:colcon.colcon_core.shell:create_environment_hook('esibot_camera', 'ament_prefix_path')
[3.599s] INFO:colcon.colcon_core.plugin_system:Skipping extension 'colcon_core.shell.bat': Not used on non-Windows systems
[3.600s] INFO:colcon.colcon_core.shell:Creating environment hook '/home/user/esibot_ws/install/esibot_camera/share/esibot_camera/hook/ament_prefix_path.ps1'
[3.608s] INFO:colcon.colcon_core.shell:Creating environment descriptor '/home/user/esibot_ws/install/esibot_camera/share/esibot_camera/hook/ament_prefix_path.dsv'
[3.612s] INFO:colcon.colcon_core.shell:Creating environment hook '/home/user/esibot_ws/install/esibot_camera/share/esibot_camera/hook/ament_prefix_path.sh'
[3.617s] INFO:colcon.colcon_core.shell:Skip shell extension 'powershell' for command environment: Not usable outside of PowerShell
[3.617s] DEBUG:colcon.colcon_core.shell:Skip shell extension 'dsv' for command environment
[4.937s] INFO:colcon.colcon_core.task.python.build:Building Python package in '/home/user/esibot_ws/src/esibot_camera'
[4.938s] INFO:colcon.colcon_core.shell:Skip shell extension 'powershell' for command environment: Not usable outside of PowerShell
[4.938s] DEBUG:colcon.colcon_core.shell:Skip shell extension 'dsv' for command environment
[8.158s] DEBUG:colcon.colcon_core.event_handler.log_command:Invoking command in '/home/user/esibot_ws/src/esibot_camera': PYTHONPATH=/home/user/esibot_ws/build/esibot_camera/prefix_override:/usr/lib/python3/dist-packages/colcon_core/task/python/colcon_distutils_commands:/home/user/esibot_ws/install/esibot_camera/lib/python3.10/site-packages:${PYTHONPATH} /usr/bin/python3 -W ignore:setup.py install is deprecated -W ignore:easy_install command is deprecated setup.py egg_info --egg-base ../../build/esibot_camera build --build-base /home/user/esibot_ws/build/esibot_camera/build install --record /home/user/esibot_ws/build/esibot_camera/install.log --single-version-externally-managed install_data
[9.597s] DEBUG:colcon.colcon_core.event_handler.log_command:Invoked command in '/home/user/esibot_ws/src/esibot_camera' returned '0': PYTHONPATH=/home/user/esibot_ws/build/esibot_camera/prefix_override:/usr/lib/python3/dist-packages/colcon_core/task/python/colcon_distutils_commands:/home/user/esibot_ws/install/esibot_camera/lib/python3.10/site-packages:${PYTHONPATH} /usr/bin/python3 -W ignore:setup.py install is deprecated -W ignore:easy_install command is deprecated setup.py egg_info --egg-base ../../build/esibot_camera build --build-base /home/user/esibot_ws/build/esibot_camera/build install --record /home/user/esibot_ws/build/esibot_camera/install.log --single-version-externally-managed install_data
[9.654s] Level 1:colcon.colcon_core.environment:checking '/home/user/esibot_ws/install/esibot_camera' for CMake module files
[9.658s] Level 1:colcon.colcon_core.environment:checking '/home/user/esibot_ws/install/esibot_camera' for CMake config files
[9.664s] Level 1:colcon.colcon_core.environment:checking '/home/user/esibot_ws/install/esibot_camera/lib'
[9.665s] Level 1:colcon.colcon_core.environment:checking '/home/user/esibot_ws/install/esibot_camera/bin'
[9.665s] Level 1:colcon.colcon_core.environment:checking '/home/user/esibot_ws/install/esibot_camera/lib/pkgconfig/esibot_camera.pc'
[9.666s] Level 1:colcon.colcon_core.environment:checking '/home/user/esibot_ws/install/esibot_camera/lib/python3.10/site-packages'
[9.666s] Level 1:colcon.colcon_core.shell:create_environment_hook('esibot_camera', 'pythonpath')
[9.667s] INFO:colcon.colcon_core.shell:Creating environment hook '/home/user/esibot_ws/install/esibot_camera/share/esibot_camera/hook/pythonpath.ps1'
[9.669s] INFO:colcon.colcon_core.shell:Creating environment descriptor '/home/user/esibot_ws/install/esibot_camera/share/esibot_camera/hook/pythonpath.dsv'
[9.671s] INFO:colcon.colcon_core.shell:Creating environment hook '/home/user/esibot_ws/install/esibot_camera/share/esibot_camera/hook/pythonpath.sh'
[9.674s] Level 1:colcon.colcon_core.environment:checking '/home/user/esibot_ws/install/esibot_camera/bin'
[9.675s] Level 1:colcon.colcon_core.environment:create_environment_scripts_only(esibot_camera)
[9.676s] INFO:colcon.colcon_core.shell:Creating package script '/home/user/esibot_ws/install/esibot_camera/share/esibot_camera/package.ps1'
[9.682s] INFO:colcon.colcon_core.shell:Creating package descriptor '/home/user/esibot_ws/install/esibot_camera/share/esibot_camera/package.dsv'
[9.688s] INFO:colcon.colcon_core.shell:Creating package script '/home/user/esibot_ws/install/esibot_camera/share/esibot_camera/package.sh'
[9.692s] INFO:colcon.colcon_core.shell:Creating package script '/home/user/esibot_ws/install/esibot_camera/share/esibot_camera/package.bash'
[9.699s] INFO:colcon.colcon_core.shell:Creating package script '/home/user/esibot_ws/install/esibot_camera/share/esibot_camera/package.zsh'
[9.704s] Level 1:colcon.colcon_core.environment:create_file_with_runtime_dependencies(/home/user/esibot_ws/install/esibot_camera/share/colcon-core/packages/esibot_camera)
[9.706s] DEBUG:colcon.colcon_parallel_executor.executor.parallel:closing loop
[9.708s] DEBUG:colcon.colcon_parallel_executor.executor.parallel:loop closed
[9.708s] DEBUG:colcon.colcon_parallel_executor.executor.parallel:run_until_complete finished with '0'
[9.708s] DEBUG:colcon.colcon_core.event_reactor:joining thread
[9.741s] INFO:colcon.colcon_core.plugin_system:Skipping extension 'colcon_notification.desktop_notification.terminal_notifier': Not used on non-Darwin systems
[9.742s] INFO:colcon.colcon_core.plugin_system:Skipping extension 'colcon_notification.desktop_notification.win32': Not used on non-Windows systems
[9.742s] INFO:colcon.colcon_notification.desktop_notification:Sending desktop notification using 'notify2'
[34.757s] DEBUG:colcon.colcon_notification.desktop_notification.notify2:Failed to initialize notify2: org.freedesktop.DBus.Error.NoReply: Did not receive a reply. Possible causes include: the remote application did not send a reply, the message bus security policy blocked the reply, the reply timeout expired, or the network connection was broken.
[34.758s] DEBUG:colcon.colcon_core.event_reactor:joined thread
[34.760s] INFO:colcon.colcon_core.shell:Creating prefix script '/home/user/esibot_ws/install/local_setup.ps1'
[34.772s] INFO:colcon.colcon_core.shell:Creating prefix util module '/home/user/esibot_ws/install/_local_setup_util_ps1.py'
[34.781s] INFO:colcon.colcon_core.shell:Creating prefix chain script '/home/user/esibot_ws/install/setup.ps1'
[34.791s] INFO:colcon.colcon_core.shell:Creating prefix script '/home/user/esibot_ws/install/local_setup.sh'
[34.794s] INFO:colcon.colcon_core.shell:Creating prefix util module '/home/user/esibot_ws/install/_local_setup_util_sh.py'
[34.797s] INFO:colcon.colcon_core.shell:Creating prefix chain script '/home/user/esibot_ws/install/setup.sh'
[34.804s] INFO:colcon.colcon_core.shell:Creating prefix script '/home/user/esibot_ws/install/local_setup.bash'
[34.807s] INFO:colcon.colcon_core.shell:Creating prefix chain script '/home/user/esibot_ws/install/setup.bash'
[34.812s] INFO:colcon.colcon_core.shell:Creating prefix script '/home/user/esibot_ws/install/local_setup.zsh'
[34.815s] INFO:colcon.colcon_core.shell:Creating prefix chain script '/home/user/esibot_ws/install/setup.zsh'
