[0.479s] DEBUG:colcon:Command line arguments: ['/usr/bin/colcon', 'build', '--packages-select', 'esibot_camera']
[0.479s] DEBUG:colcon:Parsed command line arguments: Namespace(log_base=None, log_level=None, verb_name='build', build_base='build', install_base='install', merge_install=False, symlink_install=False, test_result_base=None, continue_on_error=False, executor='parallel', parallel_workers=4, event_handlers=None, ignore_user_meta=False, metas=['./colcon.meta'], base_paths=['.'], packages_ignore=None, packages_ignore_regex=None, paths=None, packages_up_to=None, packages_up_to_regex=None, packages_above=None, packages_above_and_dependencies=None, packages_above_depth=None, packages_select_by_dep=None, packages_skip_by_dep=None, packages_skip_up_to=None, packages_select_build_failed=False, packages_skip_build_finished=False, packages_select_test_failures=False, packages_skip_test_passed=False, packages_select=['esibot_camera'], packages_skip=None, packages_select_regex=None, packages_skip_regex=None, packages_start=None, packages_end=None, allow_overriding=[], cmake_args=None, cmake_target=None, cmake_target_skip_unavailable=False, cmake_clean_cache=False, cmake_clean_first=False, cmake_force_configure=False, ament_cmake_args=None, catkin_cmake_args=None, catkin_skip_building_tests=False, mixin_files=None, mixin=None, verb_parser=<colcon_mixin.mixin.mixin_argument.MixinArgumentDecorator object at 0xffffb08565f0>, verb_extension=<colcon_core.verb.build.BuildVerb object at 0xffffb09ef5e0>, main=<bound method BuildVerb.main of <colcon_core.verb.build.BuildVerb object at 0xffffb09ef5e0>>, mixin_verb=('build',))
[1.336s] Level 1:colcon.colcon_core.package_discovery:discover_packages(colcon_meta) check parameters
[1.336s] Level 1:colcon.colcon_core.package_discovery:discover_packages(recursive) check parameters
[1.336s] Level 1:colcon.colcon_core.package_discovery:discover_packages(ignore) check parameters
[1.336s] Level 1:colcon.colcon_core.package_discovery:discover_packages(path) check parameters
[1.336s] Level 1:colcon.colcon_core.package_discovery:discover_packages(colcon_meta) discover
[1.337s] Level 1:colcon.colcon_core.package_discovery:discover_packages(recursive) discover
[1.337s] INFO:colcon.colcon_core.package_discovery:Crawling recursively for packages in '/home/user/esibot_ws/src/esibot_camera'
[1.337s] Level 1:colcon.colcon_core.package_identification:_identify(.) by extensions ['ignore', 'ignore_ament_install']
[1.338s] Level 1:colcon.colcon_core.package_identification:_identify(.) by extension 'ignore'
[1.338s] Level 1:colcon.colcon_core.package_identification:_identify(.) by extension 'ignore_ament_install'
[1.338s] Level 1:colcon.colcon_core.package_identification:_identify(.) by extensions ['colcon_pkg']
[1.338s] Level 1:colcon.colcon_core.package_identification:_identify(.) by extension 'colcon_pkg'
[1.338s] Level 1:colcon.colcon_core.package_identification:_identify(.) by extensions ['colcon_meta']
[1.339s] Level 1:colcon.colcon_core.package_identification:_identify(.) by extension 'colcon_meta'
[1.339s] Level 1:colcon.colcon_core.package_identification:_identify(.) by extensions ['ros']
[1.339s] Level 1:colcon.colcon_core.package_identification:_identify(.) by extension 'ros'
[1.392s] DEBUG:colcon.colcon_core.package_identification:Package '.' with type 'ros.ament_python' and name 'esibot_camera'
[1.393s] Level 1:colcon.colcon_core.package_discovery:discover_packages(recursive) using defaults
[1.393s] Level 1:colcon.colcon_core.package_discovery:discover_packages(ignore) discover
[1.393s] Level 1:colcon.colcon_core.package_discovery:discover_packages(ignore) using defaults
[1.393s] Level 1:colcon.colcon_core.package_discovery:discover_packages(path) discover
[1.393s] Level 1:colcon.colcon_core.package_discovery:discover_packages(path) using defaults
[1.514s] Level 1:colcon.colcon_core.package_discovery:discover_packages(prefix_path) check parameters
[1.514s] Level 1:colcon.colcon_core.package_discovery:discover_packages(prefix_path) discover
[1.523s] DEBUG:colcon.colcon_installed_package_information.package_discovery:Found 3 installed packages in /home/user/esibot_ws/install
[1.532s] DEBUG:colcon.colcon_installed_package_information.package_discovery:Found 285 installed packages in /opt/ros/humble
[1.538s] Level 1:colcon.colcon_core.package_discovery:discover_packages(prefix_path) using defaults
[1.713s] Level 5:colcon.colcon_core.verb:set package 'esibot_camera' build argument 'cmake_args' from command line to 'None'
[1.714s] Level 5:colcon.colcon_core.verb:set package 'esibot_camera' build argument 'cmake_target' from command line to 'None'
[1.714s] Level 5:colcon.colcon_core.verb:set package 'esibot_camera' build argument 'cmake_target_skip_unavailable' from command line to 'False'
[1.714s] Level 5:colcon.colcon_core.verb:set package 'esibot_camera' build argument 'cmake_clean_cache' from command line to 'False'
[1.714s] Level 5:colcon.colcon_core.verb:set package 'esibot_camera' build argument 'cmake_clean_first' from command line to 'False'
[1.714s] Level 5:colcon.colcon_core.verb:set package 'esibot_camera' build argument 'cmake_force_configure' from command line to 'False'
[1.714s] Level 5:colcon.colcon_core.verb:set package 'esibot_camera' build argument 'ament_cmake_args' from command line to 'None'
[1.714s] Level 5:colcon.colcon_core.verb:set package 'esibot_camera' build argument 'catkin_cmake_args' from command line to 'None'
[1.714s] Level 5:colcon.colcon_core.verb:set package 'esibot_camera' build argument 'catkin_skip_building_tests' from command line to 'False'
[1.715s] DEBUG:colcon.colcon_core.verb:Building package 'esibot_camera' with the following arguments: {'ament_cmake_args': None, 'build_base': '/home/user/esibot_ws/src/esibot_camera/build/esibot_camera', 'catkin_cmake_args': None, 'catkin_skip_building_tests': False, 'cmake_args': None, 'cmake_clean_cache': False, 'cmake_clean_first': False, 'cmake_force_configure': False, 'cmake_target': None, 'cmake_target_skip_unavailable': False, 'install_base': '/home/user/esibot_ws/src/esibot_camera/install/esibot_camera', 'merge_install': False, 'path': '/home/user/esibot_ws/src/esibot_camera', 'symlink_install': False, 'test_result_base': None}
[1.715s] INFO:colcon.colcon_core.executor:Executing jobs using 'parallel' executor
[1.719s] DEBUG:colcon.colcon_parallel_executor.executor.parallel:run_until_complete
[1.720s] INFO:colcon.colcon_ros.task.ament_python.build:Building ROS package in '/home/user/esibot_ws/src/esibot_camera' with build type 'ament_python'
[1.720s] Level 1:colcon.colcon_core.shell:create_environment_hook('esibot_camera', 'ament_prefix_path')
[1.730s] INFO:colcon.colcon_core.plugin_system:Skipping extension 'colcon_core.shell.bat': Not used on non-Windows systems
[1.731s] INFO:colcon.colcon_core.shell:Creating environment hook '/home/user/esibot_ws/src/esibot_camera/install/esibot_camera/share/esibot_camera/hook/ament_prefix_path.ps1'
[1.734s] INFO:colcon.colcon_core.shell:Creating environment descriptor '/home/user/esibot_ws/src/esibot_camera/install/esibot_camera/share/esibot_camera/hook/ament_prefix_path.dsv'
[1.736s] INFO:colcon.colcon_core.shell:Creating environment hook '/home/user/esibot_ws/src/esibot_camera/install/esibot_camera/share/esibot_camera/hook/ament_prefix_path.sh'
[1.739s] INFO:colcon.colcon_core.shell:Skip shell extension 'powershell' for command environment: Not usable outside of PowerShell
[1.739s] DEBUG:colcon.colcon_core.shell:Skip shell extension 'dsv' for command environment
[3.004s] INFO:colcon.colcon_core.task.python.build:Building Python package in '/home/user/esibot_ws/src/esibot_camera'
[3.005s] INFO:colcon.colcon_core.shell:Skip shell extension 'powershell' for command environment: Not usable outside of PowerShell
[3.005s] DEBUG:colcon.colcon_core.shell:Skip shell extension 'dsv' for command environment
[4.736s] DEBUG:colcon.colcon_core.event_handler.log_command:Invoking command in '/home/user/esibot_ws/src/esibot_camera': PYTHONPATH=/home/user/esibot_ws/src/esibot_camera/build/esibot_camera/prefix_override:/usr/lib/python3/dist-packages/colcon_core/task/python/colcon_distutils_commands:/home/user/esibot_ws/src/esibot_camera/install/esibot_camera/lib/python3.10/site-packages:${PYTHONPATH} /usr/bin/python3 -W ignore:setup.py install is deprecated -W ignore:easy_install command is deprecated setup.py egg_info --egg-base build/esibot_camera build --build-base /home/user/esibot_ws/src/esibot_camera/build/esibot_camera/build install --record /home/user/esibot_ws/src/esibot_camera/build/esibot_camera/install.log --single-version-externally-managed install_data
[6.172s] DEBUG:colcon.colcon_core.event_handler.log_command:Invoked command in '/home/user/esibot_ws/src/esibot_camera' returned '0': PYTHONPATH=/home/user/esibot_ws/src/esibot_camera/build/esibot_camera/prefix_override:/usr/lib/python3/dist-packages/colcon_core/task/python/colcon_distutils_commands:/home/user/esibot_ws/src/esibot_camera/install/esibot_camera/lib/python3.10/site-packages:${PYTHONPATH} /usr/bin/python3 -W ignore:setup.py install is deprecated -W ignore:easy_install command is deprecated setup.py egg_info --egg-base build/esibot_camera build --build-base /home/user/esibot_ws/src/esibot_camera/build/esibot_camera/build install --record /home/user/esibot_ws/src/esibot_camera/build/esibot_camera/install.log --single-version-externally-managed install_data
[6.183s] Level 1:colcon.colcon_core.environment:checking '/home/user/esibot_ws/src/esibot_camera/install/esibot_camera' for CMake module files
[6.187s] Level 1:colcon.colcon_core.environment:checking '/home/user/esibot_ws/src/esibot_camera/install/esibot_camera' for CMake config files
[6.191s] Level 1:colcon.colcon_core.environment:checking '/home/user/esibot_ws/src/esibot_camera/install/esibot_camera/lib'
[6.192s] Level 1:colcon.colcon_core.environment:checking '/home/user/esibot_ws/src/esibot_camera/install/esibot_camera/bin'
[6.192s] Level 1:colcon.colcon_core.environment:checking '/home/user/esibot_ws/src/esibot_camera/install/esibot_camera/lib/pkgconfig/esibot_camera.pc'
[6.193s] Level 1:colcon.colcon_core.environment:checking '/home/user/esibot_ws/src/esibot_camera/install/esibot_camera/lib/python3.10/site-packages'
[6.193s] Level 1:colcon.colcon_core.shell:create_environment_hook('esibot_camera', 'pythonpath')
[6.194s] INFO:colcon.colcon_core.shell:Creating environment hook '/home/user/esibot_ws/src/esibot_camera/install/esibot_camera/share/esibot_camera/hook/pythonpath.ps1'
[6.196s] INFO:colcon.colcon_core.shell:Creating environment descriptor '/home/user/esibot_ws/src/esibot_camera/install/esibot_camera/share/esibot_camera/hook/pythonpath.dsv'
[6.198s] INFO:colcon.colcon_core.shell:Creating environment hook '/home/user/esibot_ws/src/esibot_camera/install/esibot_camera/share/esibot_camera/hook/pythonpath.sh'
[6.200s] Level 1:colcon.colcon_core.environment:checking '/home/user/esibot_ws/src/esibot_camera/install/esibot_camera/bin'
[6.201s] Level 1:colcon.colcon_core.environment:create_environment_scripts_only(esibot_camera)
[6.202s] INFO:colcon.colcon_core.shell:Creating package script '/home/user/esibot_ws/src/esibot_camera/install/esibot_camera/share/esibot_camera/package.ps1'
[6.206s] INFO:colcon.colcon_core.shell:Creating package descriptor '/home/user/esibot_ws/src/esibot_camera/install/esibot_camera/share/esibot_camera/package.dsv'
[6.208s] INFO:colcon.colcon_core.shell:Creating package script '/home/user/esibot_ws/src/esibot_camera/install/esibot_camera/share/esibot_camera/package.sh'
[6.212s] INFO:colcon.colcon_core.shell:Creating package script '/home/user/esibot_ws/src/esibot_camera/install/esibot_camera/share/esibot_camera/package.bash'
[6.215s] INFO:colcon.colcon_core.shell:Creating package script '/home/user/esibot_ws/src/esibot_camera/install/esibot_camera/share/esibot_camera/package.zsh'
[6.217s] Level 1:colcon.colcon_core.environment:create_file_with_runtime_dependencies(/home/user/esibot_ws/src/esibot_camera/install/esibot_camera/share/colcon-core/packages/esibot_camera)
[6.219s] DEBUG:colcon.colcon_parallel_executor.executor.parallel:closing loop
[6.221s] DEBUG:colcon.colcon_parallel_executor.executor.parallel:loop closed
[6.221s] DEBUG:colcon.colcon_parallel_executor.executor.parallel:run_until_complete finished with '0'
[6.221s] DEBUG:colcon.colcon_core.event_reactor:joining thread
[6.240s] INFO:colcon.colcon_core.plugin_system:Skipping extension 'colcon_notification.desktop_notification.notify_send': Could not find 'notify-send'
[6.241s] INFO:colcon.colcon_core.plugin_system:Skipping extension 'colcon_notification.desktop_notification.terminal_notifier': Not used on non-Darwin systems
[6.241s] INFO:colcon.colcon_core.plugin_system:Skipping extension 'colcon_notification.desktop_notification.win32': Not used on non-Windows systems
[6.241s] INFO:colcon.colcon_notification.desktop_notification:Sending desktop notification using 'notify2'
[6.244s] DEBUG:colcon.colcon_notification.desktop_notification.notify2:Failed to initialize notify2: org.freedesktop.DBus.Error.ServiceUnknown: The name org.freedesktop.Notifications was not provided by any .service files
[6.244s] DEBUG:colcon.colcon_core.event_reactor:joined thread
[6.245s] INFO:colcon.colcon_core.shell:Creating prefix script '/home/user/esibot_ws/src/esibot_camera/install/local_setup.ps1'
[6.249s] INFO:colcon.colcon_core.shell:Creating prefix util module '/home/user/esibot_ws/src/esibot_camera/install/_local_setup_util_ps1.py'
[6.254s] INFO:colcon.colcon_core.shell:Creating prefix chain script '/home/user/esibot_ws/src/esibot_camera/install/setup.ps1'
[6.260s] INFO:colcon.colcon_core.shell:Creating prefix script '/home/user/esibot_ws/src/esibot_camera/install/local_setup.sh'
[6.263s] INFO:colcon.colcon_core.shell:Creating prefix util module '/home/user/esibot_ws/src/esibot_camera/install/_local_setup_util_sh.py'
[6.266s] INFO:colcon.colcon_core.shell:Creating prefix chain script '/home/user/esibot_ws/src/esibot_camera/install/setup.sh'
[6.272s] INFO:colcon.colcon_core.shell:Creating prefix script '/home/user/esibot_ws/src/esibot_camera/install/local_setup.bash'
[6.273s] INFO:colcon.colcon_core.shell:Creating prefix chain script '/home/user/esibot_ws/src/esibot_camera/install/setup.bash'
[6.278s] INFO:colcon.colcon_core.shell:Creating prefix script '/home/user/esibot_ws/src/esibot_camera/install/local_setup.zsh'
[6.280s] INFO:colcon.colcon_core.shell:Creating prefix chain script '/home/user/esibot_ws/src/esibot_camera/install/setup.zsh'
