running egg_info
creating ../../build/esibot_sensors/esibot_sensors.egg-info
writing ../../build/esibot_sensors/esibot_sensors.egg-info/PKG-INFO
writing dependency_links to ../../build/esibot_sensors/esibot_sensors.egg-info/dependency_links.txt
writing entry points to ../../build/esibot_sensors/esibot_sensors.egg-info/entry_points.txt
writing requirements to ../../build/esibot_sensors/esibot_sensors.egg-info/requires.txt
writing top-level names to ../../build/esibot_sensors/esibot_sensors.egg-info/top_level.txt
writing manifest file '../../build/esibot_sensors/esibot_sensors.egg-info/SOURCES.txt'
reading manifest file '../../build/esibot_sensors/esibot_sensors.egg-info/SOURCES.txt'
writing manifest file '../../build/esibot_sensors/esibot_sensors.egg-info/SOURCES.txt'
running build
running build_py
creating /home/idrisg/iot-project/IoT_Projct/esibot_ws/build/esibot_sensors/build
creating /home/idrisg/iot-project/IoT_Projct/esibot_ws/build/esibot_sensors/build/lib
creating /home/idrisg/iot-project/IoT_Projct/esibot_ws/build/esibot_sensors/build/lib/esibot_sensors
copying esibot_sensors/__init__.py -> /home/idrisg/iot-project/IoT_Projct/esibot_ws/build/esibot_sensors/build/lib/esibot_sensors
copying esibot_sensors/radar_node.py -> /home/idrisg/iot-project/IoT_Projct/esibot_ws/build/esibot_sensors/build/lib/esibot_sensors
running install
running install_lib
creating /home/idrisg/iot-project/IoT_Projct/esibot_ws/install/esibot_sensors/lib/python3.10/site-packages/esibot_sensors
copying /home/idrisg/iot-project/IoT_Projct/esibot_ws/build/esibot_sensors/build/lib/esibot_sensors/__init__.py -> /home/idrisg/iot-project/IoT_Projct/esibot_ws/install/esibot_sensors/lib/python3.10/site-packages/esibot_sensors
copying /home/idrisg/iot-project/IoT_Projct/esibot_ws/build/esibot_sensors/build/lib/esibot_sensors/radar_node.py -> /home/idrisg/iot-project/IoT_Projct/esibot_ws/install/esibot_sensors/lib/python3.10/site-packages/esibot_sensors
byte-compiling /home/idrisg/iot-project/IoT_Projct/esibot_ws/install/esibot_sensors/lib/python3.10/site-packages/esibot_sensors/__init__.py to __init__.cpython-310.pyc
byte-compiling /home/idrisg/iot-project/IoT_Projct/esibot_ws/install/esibot_sensors/lib/python3.10/site-packages/esibot_sensors/radar_node.py to radar_node.cpython-310.pyc
running install_data
creating /home/idrisg/iot-project/IoT_Projct/esibot_ws/install/esibot_sensors/share/ament_index
creating /home/idrisg/iot-project/IoT_Projct/esibot_ws/install/esibot_sensors/share/ament_index/resource_index
creating /home/idrisg/iot-project/IoT_Projct/esibot_ws/install/esibot_sensors/share/ament_index/resource_index/packages
copying resource/esibot_sensors -> /home/idrisg/iot-project/IoT_Projct/esibot_ws/install/esibot_sensors/share/ament_index/resource_index/packages
copying package.xml -> /home/idrisg/iot-project/IoT_Projct/esibot_ws/install/esibot_sensors/share/esibot_sensors
creating /home/idrisg/iot-project/IoT_Projct/esibot_ws/install/esibot_sensors/share/esibot_sensors/launch
copying launch/radar.launch.py -> /home/idrisg/iot-project/IoT_Projct/esibot_ws/install/esibot_sensors/share/esibot_sensors/launch
creating /home/idrisg/iot-project/IoT_Projct/esibot_ws/install/esibot_sensors/share/esibot_sensors/config
copying config/radar_params.yaml -> /home/idrisg/iot-project/IoT_Projct/esibot_ws/install/esibot_sensors/share/esibot_sensors/config
copying config/radar.rviz -> /home/idrisg/iot-project/IoT_Projct/esibot_ws/install/esibot_sensors/share/esibot_sensors/config
running install_egg_info
Copying ../../build/esibot_sensors/esibot_sensors.egg-info to /home/idrisg/iot-project/IoT_Projct/esibot_ws/install/esibot_sensors/lib/python3.10/site-packages/esibot_sensors-0.0.1-py3.10.egg-info
running install_scripts
Installing radar_node script to /home/idrisg/iot-project/IoT_Projct/esibot_ws/install/esibot_sensors/lib/esibot_sensors
writing list of installed files to '/home/idrisg/iot-project/IoT_Projct/esibot_ws/build/esibot_sensors/install.log'
