running egg_info
writing ../../build/esibot_bringup/esibot_bringup.egg-info/PKG-INFO
writing dependency_links to ../../build/esibot_bringup/esibot_bringup.egg-info/dependency_links.txt
writing entry points to ../../build/esibot_bringup/esibot_bringup.egg-info/entry_points.txt
writing requirements to ../../build/esibot_bringup/esibot_bringup.egg-info/requires.txt
writing top-level names to ../../build/esibot_bringup/esibot_bringup.egg-info/top_level.txt
reading manifest file '../../build/esibot_bringup/esibot_bringup.egg-info/SOURCES.txt'
writing manifest file '../../build/esibot_bringup/esibot_bringup.egg-info/SOURCES.txt'
running build
running build_py
copying esibot_bringup/esibot_driver.py -> /home/user/esibot_ws/build/esibot_bringup/build/lib/esibot_bringup
running install
running install_lib
copying /home/user/esibot_ws/build/esibot_bringup/build/lib/esibot_bringup/esibot_driver.py -> /home/user/esibot_ws/install/esibot_bringup/lib/python3.10/site-packages/esibot_bringup
byte-compiling /home/user/esibot_ws/install/esibot_bringup/lib/python3.10/site-packages/esibot_bringup/esibot_driver.py to esibot_driver.cpython-310.pyc
running install_data
copying launch/esibot_driver.launch.py -> /home/user/esibot_ws/install/esibot_bringup/share/esibot_bringup/launch
running install_egg_info
removing '/home/user/esibot_ws/install/esibot_bringup/lib/python3.10/site-packages/esibot_bringup-0.0.1-py3.10.egg-info' (and everything under it)
Copying ../../build/esibot_bringup/esibot_bringup.egg-info to /home/user/esibot_ws/install/esibot_bringup/lib/python3.10/site-packages/esibot_bringup-0.0.1-py3.10.egg-info
running install_scripts
Installing esibot_driver script to /home/user/esibot_ws/install/esibot_bringup/lib/esibot_bringup
writing list of installed files to '/home/user/esibot_ws/build/esibot_bringup/install.log'
