[0.081s] DEBUG:colcon:Command line arguments: ['/usr/bin/colcon', 'build', '--packages-select', 'esibot_sensors', '--symlink-install']
[0.081s] DEBUG:colcon:Parsed command line arguments: Namespace(log_base=None, log_level=None, verb_name='build', build_base='build', install_base='install', merge_install=False, symlink_install=True, test_result_base=None, continue_on_error=False, executor='parallel', parallel_workers=4, event_handlers=None, ignore_user_meta=False, metas=['./colcon.meta'], base_paths=['.'], packages_ignore=None, packages_ignore_regex=None, paths=None, packages_up_to=None, packages_up_to_regex=None, packages_above=None, packages_above_and_dependencies=None, packages_above_depth=None, packages_select_by_dep=None, packages_skip_by_dep=None, packages_skip_up_to=None, packages_select_build_failed=False, packages_skip_build_finished=False, packages_select_test_failures=False, packages_skip_test_passed=False, packages_select=['esibot_sensors'], packages_skip=None, packages_select_regex=None, packages_skip_regex=None, packages_start=None, packages_end=None, allow_overriding=[], cmake_args=None, cmake_target=None, cmake_target_skip_unavailable=False, cmake_clean_cache=False, cmake_clean_first=False, cmake_force_configure=False, ament_cmake_args=None, catkin_cmake_args=None, catkin_skip_building_tests=False, verb_parser=<colcon_defaults.argument_parser.defaults.DefaultArgumentsDecorator object at 0x7cce27cd4e50>, verb_extension=<colcon_core.verb.build.BuildVerb object at 0x7cce27dce170>, main=<bound method BuildVerb.main of <colcon_core.verb.build.BuildVerb object at 0x7cce27dce170>>)
[0.203s] Level 1:colcon.colcon_core.package_discovery:discover_packages(colcon_meta) check parameters
[0.203s] Level 1:colcon.colcon_core.package_discovery:discover_packages(recursive) check parameters
[0.203s] Level 1:colcon.colcon_core.package_discovery:discover_packages(ignore) check parameters
[0.203s] Level 1:colcon.colcon_core.package_discovery:discover_packages(path) check parameters
[0.203s] Level 1:colcon.colcon_core.package_discovery:discover_packages(colcon_meta) discover
[0.203s] Level 1:colcon.colcon_core.package_discovery:discover_packages(recursive) discover
[0.203s] INFO:colcon.colcon_core.package_discovery:Crawling recursively for packages in '/home/idrisg/iot-project/IoT_Projct/esibot_ws'
[0.203s] Level 1:colcon.colcon_core.package_identification:_identify(.) by extensions ['ignore', 'ignore_ament_install']
[0.204s] Level 1:colcon.colcon_core.package_identification:_identify(.) by extension 'ignore'
[0.204s] Level 1:colcon.colcon_core.package_identification:_identify(.) by extension 'ignore_ament_install'
[0.204s] Level 1:colcon.colcon_core.package_identification:_identify(.) by extensions ['colcon_pkg']
[0.204s] Level 1:colcon.colcon_core.package_identification:_identify(.) by extension 'colcon_pkg'
[0.204s] Level 1:colcon.colcon_core.package_identification:_identify(.) by extensions ['colcon_meta']
[0.204s] Level 1:colcon.colcon_core.package_identification:_identify(.) by extension 'colcon_meta'
[0.204s] Level 1:colcon.colcon_core.package_identification:_identify(.) by extensions ['ros']
[0.204s] Level 1:colcon.colcon_core.package_identification:_identify(.) by extension 'ros'
[0.212s] Level 1:colcon.colcon_core.package_identification:_identify(.) by extensions ['cmake', 'python']
[0.212s] Level 1:colcon.colcon_core.package_identification:_identify(.) by extension 'cmake'
[0.213s] Level 1:colcon.colcon_core.package_identification:_identify(.) by extension 'python'
[0.213s] Level 1:colcon.colcon_core.package_identification:_identify(.) by extensions ['python_setup_py']
[0.213s] Level 1:colcon.colcon_core.package_identification:_identify(.) by extension 'python_setup_py'
[0.213s] Level 1:colcon.colcon_core.package_identification:_identify(build) by extensions ['ignore', 'ignore_ament_install']
[0.213s] Level 1:colcon.colcon_core.package_identification:_identify(build) by extension 'ignore'
[0.213s] Level 1:colcon.colcon_core.package_identification:_identify(build) ignored
[0.213s] Level 1:colcon.colcon_core.package_identification:_identify(install) by extensions ['ignore', 'ignore_ament_install']
[0.213s] Level 1:colcon.colcon_core.package_identification:_identify(install) by extension 'ignore'
[0.213s] Level 1:colcon.colcon_core.package_identification:_identify(install) ignored
[0.213s] Level 1:colcon.colcon_core.package_identification:_identify(log) by extensions ['ignore', 'ignore_ament_install']
[0.213s] Level 1:colcon.colcon_core.package_identification:_identify(log) by extension 'ignore'
[0.213s] Level 1:colcon.colcon_core.package_identification:_identify(log) ignored
[0.214s] Level 1:colcon.colcon_core.package_identification:_identify(src) by extensions ['ignore', 'ignore_ament_install']
[0.214s] Level 1:colcon.colcon_core.package_identification:_identify(src) by extension 'ignore'
[0.214s] Level 1:colcon.colcon_core.package_identification:_identify(src) by extension 'ignore_ament_install'
[0.214s] Level 1:colcon.colcon_core.package_identification:_identify(src) by extensions ['colcon_pkg']
[0.214s] Level 1:colcon.colcon_core.package_identification:_identify(src) by extension 'colcon_pkg'
[0.214s] Level 1:colcon.colcon_core.package_identification:_identify(src) by extensions ['colcon_meta']
[0.214s] Level 1:colcon.colcon_core.package_identification:_identify(src) by extension 'colcon_meta'
[0.214s] Level 1:colcon.colcon_core.package_identification:_identify(src) by extensions ['ros']
[0.214s] Level 1:colcon.colcon_core.package_identification:_identify(src) by extension 'ros'
[0.214s] Level 1:colcon.colcon_core.package_identification:_identify(src) by extensions ['cmake', 'python']
[0.214s] Level 1:colcon.colcon_core.package_identification:_identify(src) by extension 'cmake'
[0.214s] Level 1:colcon.colcon_core.package_identification:_identify(src) by extension 'python'
[0.214s] Level 1:colcon.colcon_core.package_identification:_identify(src) by extensions ['python_setup_py']
[0.214s] Level 1:colcon.colcon_core.package_identification:_identify(src) by extension 'python_setup_py'
[0.214s] Level 1:colcon.colcon_core.package_identification:_identify(src/esibot_bringup) by extensions ['ignore', 'ignore_ament_install']
[0.214s] Level 1:colcon.colcon_core.package_identification:_identify(src/esibot_bringup) by extension 'ignore'
[0.214s] Level 1:colcon.colcon_core.package_identification:_identify(src/esibot_bringup) by extension 'ignore_ament_install'
[0.215s] Level 1:colcon.colcon_core.package_identification:_identify(src/esibot_bringup) by extensions ['colcon_pkg']
[0.215s] Level 1:colcon.colcon_core.package_identification:_identify(src/esibot_bringup) by extension 'colcon_pkg'
[0.215s] Level 1:colcon.colcon_core.package_identification:_identify(src/esibot_bringup) by extensions ['colcon_meta']
[0.215s] Level 1:colcon.colcon_core.package_identification:_identify(src/esibot_bringup) by extension 'colcon_meta'
[0.215s] Level 1:colcon.colcon_core.package_identification:_identify(src/esibot_bringup) by extensions ['ros']
[0.215s] Level 1:colcon.colcon_core.package_identification:_identify(src/esibot_bringup) by extension 'ros'
[0.217s] DEBUG:colcon.colcon_core.package_identification:Package 'src/esibot_bringup' with type 'ros.ament_python' and name 'esibot_bringup'
[0.218s] Level 1:colcon.colcon_core.package_identification:_identify(src/esibot_camera) by extensions ['ignore', 'ignore_ament_install']
[0.218s] Level 1:colcon.colcon_core.package_identification:_identify(src/esibot_camera) by extension 'ignore'
[0.218s] Level 1:colcon.colcon_core.package_identification:_identify(src/esibot_camera) by extension 'ignore_ament_install'
[0.218s] Level 1:colcon.colcon_core.package_identification:_identify(src/esibot_camera) by extensions ['colcon_pkg']
[0.218s] Level 1:colcon.colcon_core.package_identification:_identify(src/esibot_camera) by extension 'colcon_pkg'
[0.218s] Level 1:colcon.colcon_core.package_identification:_identify(src/esibot_camera) by extensions ['colcon_meta']
[0.218s] Level 1:colcon.colcon_core.package_identification:_identify(src/esibot_camera) by extension 'colcon_meta'
[0.218s] Level 1:colcon.colcon_core.package_identification:_identify(src/esibot_camera) by extensions ['ros']
[0.218s] Level 1:colcon.colcon_core.package_identification:_identify(src/esibot_camera) by extension 'ros'
[0.218s] Level 1:colcon.colcon_core.package_identification:_identify(src/esibot_camera) by extensions ['cmake', 'python']
[0.218s] Level 1:colcon.colcon_core.package_identification:_identify(src/esibot_camera) by extension 'cmake'
[0.218s] Level 1:colcon.colcon_core.package_identification:_identify(src/esibot_camera) by extension 'python'
[0.218s] Level 1:colcon.colcon_core.package_identification:_identify(src/esibot_camera) by extensions ['python_setup_py']
[0.218s] Level 1:colcon.colcon_core.package_identification:_identify(src/esibot_camera) by extension 'python_setup_py'
[0.218s] Level 1:colcon.colcon_core.package_identification:_identify(src/esibot_camera/esibot_camera) by extensions ['ignore', 'ignore_ament_install']
[0.218s] Level 1:colcon.colcon_core.package_identification:_identify(src/esibot_camera/esibot_camera) by extension 'ignore'
[0.218s] Level 1:colcon.colcon_core.package_identification:_identify(src/esibot_camera/esibot_camera) by extension 'ignore_ament_install'
[0.218s] Level 1:colcon.colcon_core.package_identification:_identify(src/esibot_camera/esibot_camera) by extensions ['colcon_pkg']
[0.218s] Level 1:colcon.colcon_core.package_identification:_identify(src/esibot_camera/esibot_camera) by extension 'colcon_pkg'
[0.218s] Level 1:colcon.colcon_core.package_identification:_identify(src/esibot_camera/esibot_camera) by extensions ['colcon_meta']
[0.218s] Level 1:colcon.colcon_core.package_identification:_identify(src/esibot_camera/esibot_camera) by extension 'colcon_meta'
[0.218s] Level 1:colcon.colcon_core.package_identification:_identify(src/esibot_camera/esibot_camera) by extensions ['ros']
[0.218s] Level 1:colcon.colcon_core.package_identification:_identify(src/esibot_camera/esibot_camera) by extension 'ros'
[0.219s] Level 1:colcon.colcon_core.package_identification:_identify(src/esibot_camera/esibot_camera) by extensions ['cmake', 'python']
[0.219s] Level 1:colcon.colcon_core.package_identification:_identify(src/esibot_camera/esibot_camera) by extension 'cmake'
[0.219s] Level 1:colcon.colcon_core.package_identification:_identify(src/esibot_camera/esibot_camera) by extension 'python'
[0.219s] Level 1:colcon.colcon_core.package_identification:_identify(src/esibot_camera/esibot_camera) by extensions ['python_setup_py']
[0.219s] Level 1:colcon.colcon_core.package_identification:_identify(src/esibot_camera/esibot_camera) by extension 'python_setup_py'
[0.219s] Level 1:colcon.colcon_core.package_identification:_identify(src/esibot_camera/launch) by extensions ['ignore', 'ignore_ament_install']
[0.219s] Level 1:colcon.colcon_core.package_identification:_identify(src/esibot_camera/launch) by extension 'ignore'
[0.219s] Level 1:colcon.colcon_core.package_identification:_identify(src/esibot_camera/launch) by extension 'ignore_ament_install'
[0.219s] Level 1:colcon.colcon_core.package_identification:_identify(src/esibot_camera/launch) by extensions ['colcon_pkg']
[0.219s] Level 1:colcon.colcon_core.package_identification:_identify(src/esibot_camera/launch) by extension 'colcon_pkg'
[0.219s] Level 1:colcon.colcon_core.package_identification:_identify(src/esibot_camera/launch) by extensions ['colcon_meta']
[0.219s] Level 1:colcon.colcon_core.package_identification:_identify(src/esibot_camera/launch) by extension 'colcon_meta'
[0.219s] Level 1:colcon.colcon_core.package_identification:_identify(src/esibot_camera/launch) by extensions ['ros']
[0.219s] Level 1:colcon.colcon_core.package_identification:_identify(src/esibot_camera/launch) by extension 'ros'
[0.219s] Level 1:colcon.colcon_core.package_identification:_identify(src/esibot_camera/launch) by extensions ['cmake', 'python']
[0.219s] Level 1:colcon.colcon_core.package_identification:_identify(src/esibot_camera/launch) by extension 'cmake'
[0.219s] Level 1:colcon.colcon_core.package_identification:_identify(src/esibot_camera/launch) by extension 'python'
[0.219s] Level 1:colcon.colcon_core.package_identification:_identify(src/esibot_camera/launch) by extensions ['python_setup_py']
[0.219s] Level 1:colcon.colcon_core.package_identification:_identify(src/esibot_camera/launch) by extension 'python_setup_py'
[0.219s] Level 1:colcon.colcon_core.package_identification:_identify(src/esibot_description) by extensions ['ignore', 'ignore_ament_install']
[0.219s] Level 1:colcon.colcon_core.package_identification:_identify(src/esibot_description) by extension 'ignore'
[0.219s] Level 1:colcon.colcon_core.package_identification:_identify(src/esibot_description) by extension 'ignore_ament_install'
[0.220s] Level 1:colcon.colcon_core.package_identification:_identify(src/esibot_description) by extensions ['colcon_pkg']
[0.220s] Level 1:colcon.colcon_core.package_identification:_identify(src/esibot_description) by extension 'colcon_pkg'
[0.220s] Level 1:colcon.colcon_core.package_identification:_identify(src/esibot_description) by extensions ['colcon_meta']
[0.220s] Level 1:colcon.colcon_core.package_identification:_identify(src/esibot_description) by extension 'colcon_meta'
[0.220s] Level 1:colcon.colcon_core.package_identification:_identify(src/esibot_description) by extensions ['ros']
[0.220s] Level 1:colcon.colcon_core.package_identification:_identify(src/esibot_description) by extension 'ros'
[0.220s] Level 1:colcon.colcon_core.package_identification:_identify(src/esibot_description) by extensions ['cmake', 'python']
[0.220s] Level 1:colcon.colcon_core.package_identification:_identify(src/esibot_description) by extension 'cmake'
[0.220s] Level 1:colcon.colcon_core.package_identification:_identify(src/esibot_description) by extension 'python'
[0.220s] Level 1:colcon.colcon_core.package_identification:_identify(src/esibot_description) by extensions ['python_setup_py']
[0.220s] Level 1:colcon.colcon_core.package_identification:_identify(src/esibot_description) by extension 'python_setup_py'
[0.220s] Level 1:colcon.colcon_core.package_identification:_identify(src/esibot_description/launch) by extensions ['ignore', 'ignore_ament_install']
[0.220s] Level 1:colcon.colcon_core.package_identification:_identify(src/esibot_description/launch) by extension 'ignore'
[0.220s] Level 1:colcon.colcon_core.package_identification:_identify(src/esibot_description/launch) by extension 'ignore_ament_install'
[0.220s] Level 1:colcon.colcon_core.package_identification:_identify(src/esibot_description/launch) by extensions ['colcon_pkg']
[0.220s] Level 1:colcon.colcon_core.package_identification:_identify(src/esibot_description/launch) by extension 'colcon_pkg'
[0.220s] Level 1:colcon.colcon_core.package_identification:_identify(src/esibot_description/launch) by extensions ['colcon_meta']
[0.220s] Level 1:colcon.colcon_core.package_identification:_identify(src/esibot_description/launch) by extension 'colcon_meta'
[0.220s] Level 1:colcon.colcon_core.package_identification:_identify(src/esibot_description/launch) by extensions ['ros']
[0.220s] Level 1:colcon.colcon_core.package_identification:_identify(src/esibot_description/launch) by extension 'ros'
[0.220s] Level 1:colcon.colcon_core.package_identification:_identify(src/esibot_description/launch) by extensions ['cmake', 'python']
[0.220s] Level 1:colcon.colcon_core.package_identification:_identify(src/esibot_description/launch) by extension 'cmake'
[0.220s] Level 1:colcon.colcon_core.package_identification:_identify(src/esibot_description/launch) by extension 'python'
[0.220s] Level 1:colcon.colcon_core.package_identification:_identify(src/esibot_description/launch) by extensions ['python_setup_py']
[0.220s] Level 1:colcon.colcon_core.package_identification:_identify(src/esibot_description/launch) by extension 'python_setup_py'
[0.220s] Level 1:colcon.colcon_core.package_identification:_identify(src/esibot_description/urdf) by extensions ['ignore', 'ignore_ament_install']
[0.220s] Level 1:colcon.colcon_core.package_identification:_identify(src/esibot_description/urdf) by extension 'ignore'
[0.220s] Level 1:colcon.colcon_core.package_identification:_identify(src/esibot_description/urdf) by extension 'ignore_ament_install'
[0.220s] Level 1:colcon.colcon_core.package_identification:_identify(src/esibot_description/urdf) by extensions ['colcon_pkg']
[0.220s] Level 1:colcon.colcon_core.package_identification:_identify(src/esibot_description/urdf) by extension 'colcon_pkg'
[0.220s] Level 1:colcon.colcon_core.package_identification:_identify(src/esibot_description/urdf) by extensions ['colcon_meta']
[0.220s] Level 1:colcon.colcon_core.package_identification:_identify(src/esibot_description/urdf) by extension 'colcon_meta'
[0.220s] Level 1:colcon.colcon_core.package_identification:_identify(src/esibot_description/urdf) by extensions ['ros']
[0.221s] Level 1:colcon.colcon_core.package_identification:_identify(src/esibot_description/urdf) by extension 'ros'
[0.221s] Level 1:colcon.colcon_core.package_identification:_identify(src/esibot_description/urdf) by extensions ['cmake', 'python']
[0.221s] Level 1:colcon.colcon_core.package_identification:_identify(src/esibot_description/urdf) by extension 'cmake'
[0.221s] Level 1:colcon.colcon_core.package_identification:_identify(src/esibot_description/urdf) by extension 'python'
[0.221s] Level 1:colcon.colcon_core.package_identification:_identify(src/esibot_description/urdf) by extensions ['python_setup_py']
[0.221s] Level 1:colcon.colcon_core.package_identification:_identify(src/esibot_description/urdf) by extension 'python_setup_py'
[0.221s] Level 1:colcon.colcon_core.package_identification:_identify(src/esibot_sensors) by extensions ['ignore', 'ignore_ament_install']
[0.221s] Level 1:colcon.colcon_core.package_identification:_identify(src/esibot_sensors) by extension 'ignore'
[0.221s] Level 1:colcon.colcon_core.package_identification:_identify(src/esibot_sensors) by extension 'ignore_ament_install'
[0.221s] Level 1:colcon.colcon_core.package_identification:_identify(src/esibot_sensors) by extensions ['colcon_pkg']
[0.221s] Level 1:colcon.colcon_core.package_identification:_identify(src/esibot_sensors) by extension 'colcon_pkg'
[0.221s] Level 1:colcon.colcon_core.package_identification:_identify(src/esibot_sensors) by extensions ['colcon_meta']
[0.221s] Level 1:colcon.colcon_core.package_identification:_identify(src/esibot_sensors) by extension 'colcon_meta'
[0.221s] Level 1:colcon.colcon_core.package_identification:_identify(src/esibot_sensors) by extensions ['ros']
[0.221s] Level 1:colcon.colcon_core.package_identification:_identify(src/esibot_sensors) by extension 'ros'
[0.222s] DEBUG:colcon.colcon_core.package_identification:Package 'src/esibot_sensors' with type 'ros.ament_python' and name 'esibot_sensors'
[0.222s] Level 1:colcon.colcon_core.package_identification:_identify(src/esibot_ui) by extensions ['ignore', 'ignore_ament_install']
[0.222s] Level 1:colcon.colcon_core.package_identification:_identify(src/esibot_ui) by extension 'ignore'
[0.222s] Level 1:colcon.colcon_core.package_identification:_identify(src/esibot_ui) by extension 'ignore_ament_install'
[0.222s] Level 1:colcon.colcon_core.package_identification:_identify(src/esibot_ui) by extensions ['colcon_pkg']
[0.222s] Level 1:colcon.colcon_core.package_identification:_identify(src/esibot_ui) by extension 'colcon_pkg'
[0.222s] Level 1:colcon.colcon_core.package_identification:_identify(src/esibot_ui) by extensions ['colcon_meta']
[0.222s] Level 1:colcon.colcon_core.package_identification:_identify(src/esibot_ui) by extension 'colcon_meta'
[0.222s] Level 1:colcon.colcon_core.package_identification:_identify(src/esibot_ui) by extensions ['ros']
[0.222s] Level 1:colcon.colcon_core.package_identification:_identify(src/esibot_ui) by extension 'ros'
[0.222s] Level 1:colcon.colcon_core.package_identification:_identify(src/esibot_ui) by extensions ['cmake', 'python']
[0.222s] Level 1:colcon.colcon_core.package_identification:_identify(src/esibot_ui) by extension 'cmake'
[0.222s] Level 1:colcon.colcon_core.package_identification:_identify(src/esibot_ui) by extension 'python'
[0.222s] Level 1:colcon.colcon_core.package_identification:_identify(src/esibot_ui) by extensions ['python_setup_py']
[0.222s] Level 1:colcon.colcon_core.package_identification:_identify(src/esibot_ui) by extension 'python_setup_py'
[0.222s] Level 1:colcon.colcon_core.package_identification:_identify(src/esibot_ui/esibot_ui) by extensions ['ignore', 'ignore_ament_install']
[0.222s] Level 1:colcon.colcon_core.package_identification:_identify(src/esibot_ui/esibot_ui) by extension 'ignore'
[0.222s] Level 1:colcon.colcon_core.package_identification:_identify(src/esibot_ui/esibot_ui) by extension 'ignore_ament_install'
[0.222s] Level 1:colcon.colcon_core.package_identification:_identify(src/esibot_ui/esibot_ui) by extensions ['colcon_pkg']
[0.222s] Level 1:colcon.colcon_core.package_identification:_identify(src/esibot_ui/esibot_ui) by extension 'colcon_pkg'
[0.222s] Level 1:colcon.colcon_core.package_identification:_identify(src/esibot_ui/esibot_ui) by extensions ['colcon_meta']
[0.222s] Level 1:colcon.colcon_core.package_identification:_identify(src/esibot_ui/esibot_ui) by extension 'colcon_meta'
[0.222s] Level 1:colcon.colcon_core.package_identification:_identify(src/esibot_ui/esibot_ui) by extensions ['ros']
[0.223s] Level 1:colcon.colcon_core.package_identification:_identify(src/esibot_ui/esibot_ui) by extension 'ros'
[0.223s] Level 1:colcon.colcon_core.package_identification:_identify(src/esibot_ui/esibot_ui) by extensions ['cmake', 'python']
[0.223s] Level 1:colcon.colcon_core.package_identification:_identify(src/esibot_ui/esibot_ui) by extension 'cmake'
[0.223s] Level 1:colcon.colcon_core.package_identification:_identify(src/esibot_ui/esibot_ui) by extension 'python'
[0.223s] Level 1:colcon.colcon_core.package_identification:_identify(src/esibot_ui/esibot_ui) by extensions ['python_setup_py']
[0.223s] Level 1:colcon.colcon_core.package_identification:_identify(src/esibot_ui/esibot_ui) by extension 'python_setup_py'
[0.223s] Level 1:colcon.colcon_core.package_identification:_identify(src/esibot_vision) by extensions ['ignore', 'ignore_ament_install']
[0.223s] Level 1:colcon.colcon_core.package_identification:_identify(src/esibot_vision) by extension 'ignore'
[0.223s] Level 1:colcon.colcon_core.package_identification:_identify(src/esibot_vision) by extension 'ignore_ament_install'
[0.223s] Level 1:colcon.colcon_core.package_identification:_identify(src/esibot_vision) by extensions ['colcon_pkg']
[0.223s] Level 1:colcon.colcon_core.package_identification:_identify(src/esibot_vision) by extension 'colcon_pkg'
[0.223s] Level 1:colcon.colcon_core.package_identification:_identify(src/esibot_vision) by extensions ['colcon_meta']
[0.223s] Level 1:colcon.colcon_core.package_identification:_identify(src/esibot_vision) by extension 'colcon_meta'
[0.223s] Level 1:colcon.colcon_core.package_identification:_identify(src/esibot_vision) by extensions ['ros']
[0.223s] Level 1:colcon.colcon_core.package_identification:_identify(src/esibot_vision) by extension 'ros'
[0.223s] Level 1:colcon.colcon_core.package_identification:_identify(src/esibot_vision) by extensions ['cmake', 'python']
[0.223s] Level 1:colcon.colcon_core.package_identification:_identify(src/esibot_vision) by extension 'cmake'
[0.223s] Level 1:colcon.colcon_core.package_identification:_identify(src/esibot_vision) by extension 'python'
[0.223s] Level 1:colcon.colcon_core.package_identification:_identify(src/esibot_vision) by extensions ['python_setup_py']
[0.223s] Level 1:colcon.colcon_core.package_identification:_identify(src/esibot_vision) by extension 'python_setup_py'
[0.223s] Level 1:colcon.colcon_core.package_identification:_identify(src/esibot_vision/esibot_vision) by extensions ['ignore', 'ignore_ament_install']
[0.223s] Level 1:colcon.colcon_core.package_identification:_identify(src/esibot_vision/esibot_vision) by extension 'ignore'
[0.223s] Level 1:colcon.colcon_core.package_identification:_identify(src/esibot_vision/esibot_vision) by extension 'ignore_ament_install'
[0.223s] Level 1:colcon.colcon_core.package_identification:_identify(src/esibot_vision/esibot_vision) by extensions ['colcon_pkg']
[0.223s] Level 1:colcon.colcon_core.package_identification:_identify(src/esibot_vision/esibot_vision) by extension 'colcon_pkg'
[0.224s] Level 1:colcon.colcon_core.package_identification:_identify(src/esibot_vision/esibot_vision) by extensions ['colcon_meta']
[0.224s] Level 1:colcon.colcon_core.package_identification:_identify(src/esibot_vision/esibot_vision) by extension 'colcon_meta'
[0.224s] Level 1:colcon.colcon_core.package_identification:_identify(src/esibot_vision/esibot_vision) by extensions ['ros']
[0.224s] Level 1:colcon.colcon_core.package_identification:_identify(src/esibot_vision/esibot_vision) by extension 'ros'
[0.224s] Level 1:colcon.colcon_core.package_identification:_identify(src/esibot_vision/esibot_vision) by extensions ['cmake', 'python']
[0.224s] Level 1:colcon.colcon_core.package_identification:_identify(src/esibot_vision/esibot_vision) by extension 'cmake'
[0.224s] Level 1:colcon.colcon_core.package_identification:_identify(src/esibot_vision/esibot_vision) by extension 'python'
[0.224s] Level 1:colcon.colcon_core.package_identification:_identify(src/esibot_vision/esibot_vision) by extensions ['python_setup_py']
[0.224s] Level 1:colcon.colcon_core.package_identification:_identify(src/esibot_vision/esibot_vision) by extension 'python_setup_py'
[0.224s] Level 1:colcon.colcon_core.package_identification:_identify(src/esibot_vision/launch) by extensions ['ignore', 'ignore_ament_install']
[0.224s] Level 1:colcon.colcon_core.package_identification:_identify(src/esibot_vision/launch) by extension 'ignore'
[0.224s] Level 1:colcon.colcon_core.package_identification:_identify(src/esibot_vision/launch) by extension 'ignore_ament_install'
[0.224s] Level 1:colcon.colcon_core.package_identification:_identify(src/esibot_vision/launch) by extensions ['colcon_pkg']
[0.224s] Level 1:colcon.colcon_core.package_identification:_identify(src/esibot_vision/launch) by extension 'colcon_pkg'
[0.224s] Level 1:colcon.colcon_core.package_identification:_identify(src/esibot_vision/launch) by extensions ['colcon_meta']
[0.224s] Level 1:colcon.colcon_core.package_identification:_identify(src/esibot_vision/launch) by extension 'colcon_meta'
[0.224s] Level 1:colcon.colcon_core.package_identification:_identify(src/esibot_vision/launch) by extensions ['ros']
[0.224s] Level 1:colcon.colcon_core.package_identification:_identify(src/esibot_vision/launch) by extension 'ros'
[0.224s] Level 1:colcon.colcon_core.package_identification:_identify(src/esibot_vision/launch) by extensions ['cmake', 'python']
[0.224s] Level 1:colcon.colcon_core.package_identification:_identify(src/esibot_vision/launch) by extension 'cmake'
[0.224s] Level 1:colcon.colcon_core.package_identification:_identify(src/esibot_vision/launch) by extension 'python'
[0.224s] Level 1:colcon.colcon_core.package_identification:_identify(src/esibot_vision/launch) by extensions ['python_setup_py']
[0.224s] Level 1:colcon.colcon_core.package_identification:_identify(src/esibot_vision/launch) by extension 'python_setup_py'
[0.224s] Level 1:colcon.colcon_core.package_discovery:discover_packages(recursive) using defaults
[0.224s] Level 1:colcon.colcon_core.package_discovery:discover_packages(ignore) discover
[0.224s] Level 1:colcon.colcon_core.package_discovery:discover_packages(ignore) using defaults
[0.225s] Level 1:colcon.colcon_core.package_discovery:discover_packages(path) discover
[0.225s] Level 1:colcon.colcon_core.package_discovery:discover_packages(path) using defaults
[0.241s] INFO:colcon.colcon_core.package_selection:Skipping not selected package 'esibot_bringup' in 'src/esibot_bringup'
[0.242s] Level 1:colcon.colcon_core.package_discovery:discover_packages(prefix_path) check parameters
[0.242s] Level 1:colcon.colcon_core.package_discovery:discover_packages(prefix_path) discover
[0.242s] WARNING:colcon.colcon_ros.prefix_path.ament:The path '/home/idrisg/iot-project/IoT_Projct/esibot_ws/install/esibot_sensors' in the environment variable AMENT_PREFIX_PATH doesn't exist
[0.243s] DEBUG:colcon.colcon_installed_package_information.package_discovery:Found 1 installed packages in /home/idrisg/iot-project/IoT_Projct/esibot_ws/install
[0.245s] DEBUG:colcon.colcon_installed_package_information.package_discovery:Found 323 installed packages in /opt/ros/humble
[0.255s] Level 1:colcon.colcon_core.package_discovery:discover_packages(prefix_path) using defaults
[0.287s] Level 5:colcon.colcon_core.verb:set package 'esibot_sensors' build argument 'cmake_args' from command line to 'None'
[0.288s] Level 5:colcon.colcon_core.verb:set package 'esibot_sensors' build argument 'cmake_target' from command line to 'None'
[0.288s] Level 5:colcon.colcon_core.verb:set package 'esibot_sensors' build argument 'cmake_target_skip_unavailable' from command line to 'False'
[0.288s] Level 5:colcon.colcon_core.verb:set package 'esibot_sensors' build argument 'cmake_clean_cache' from command line to 'False'
[0.288s] Level 5:colcon.colcon_core.verb:set package 'esibot_sensors' build argument 'cmake_clean_first' from command line to 'False'
[0.288s] Level 5:colcon.colcon_core.verb:set package 'esibot_sensors' build argument 'cmake_force_configure' from command line to 'False'
[0.288s] Level 5:colcon.colcon_core.verb:set package 'esibot_sensors' build argument 'ament_cmake_args' from command line to 'None'
[0.288s] Level 5:colcon.colcon_core.verb:set package 'esibot_sensors' build argument 'catkin_cmake_args' from command line to 'None'
[0.288s] Level 5:colcon.colcon_core.verb:set package 'esibot_sensors' build argument 'catkin_skip_building_tests' from command line to 'False'
[0.288s] DEBUG:colcon.colcon_core.verb:Building package 'esibot_sensors' with the following arguments: {'ament_cmake_args': None, 'build_base': '/home/idrisg/iot-project/IoT_Projct/esibot_ws/build/esibot_sensors', 'catkin_cmake_args': None, 'catkin_skip_building_tests': False, 'cmake_args': None, 'cmake_clean_cache': False, 'cmake_clean_first': False, 'cmake_force_configure': False, 'cmake_target': None, 'cmake_target_skip_unavailable': False, 'install_base': '/home/idrisg/iot-project/IoT_Projct/esibot_ws/install/esibot_sensors', 'merge_install': False, 'path': '/home/idrisg/iot-project/IoT_Projct/esibot_ws/src/esibot_sensors', 'symlink_install': True, 'test_result_base': None}
[0.288s] INFO:colcon.colcon_core.executor:Executing jobs using 'parallel' executor
[0.290s] DEBUG:colcon.colcon_parallel_executor.executor.parallel:run_until_complete
[0.290s] INFO:colcon.colcon_ros.task.ament_python.build:Building ROS package in '/home/idrisg/iot-project/IoT_Projct/esibot_ws/src/esibot_sensors' with build type 'ament_python'
[0.291s] Level 1:colcon.colcon_core.shell:create_environment_hook('esibot_sensors', 'ament_prefix_path')
[0.294s] INFO:colcon.colcon_core.plugin_system:Skipping extension 'colcon_core.shell.bat': Not used on non-Windows systems
[0.294s] INFO:colcon.colcon_core.shell:Creating environment hook '/home/idrisg/iot-project/IoT_Projct/esibot_ws/install/esibot_sensors/share/esibot_sensors/hook/ament_prefix_path.ps1'
[0.295s] INFO:colcon.colcon_core.shell:Creating environment descriptor '/home/idrisg/iot-project/IoT_Projct/esibot_ws/install/esibot_sensors/share/esibot_sensors/hook/ament_prefix_path.dsv'
[0.295s] INFO:colcon.colcon_core.shell:Creating environment hook '/home/idrisg/iot-project/IoT_Projct/esibot_ws/install/esibot_sensors/share/esibot_sensors/hook/ament_prefix_path.sh'
[0.296s] INFO:colcon.colcon_core.shell:Skip shell extension 'powershell' for command environment: Not usable outside of PowerShell
[0.296s] DEBUG:colcon.colcon_core.shell:Skip shell extension 'dsv' for command environment
[0.497s] INFO:colcon.colcon_core.task.python.build:Building Python package in '/home/idrisg/iot-project/IoT_Projct/esibot_ws/src/esibot_sensors'
[0.498s] INFO:colcon.colcon_core.shell:Skip shell extension 'powershell' for command environment: Not usable outside of PowerShell
[0.498s] DEBUG:colcon.colcon_core.shell:Skip shell extension 'dsv' for command environment
[0.816s] DEBUG:colcon.colcon_core.event_handler.log_command:Invoking command in '/home/idrisg/iot-project/IoT_Projct/esibot_ws/build/esibot_sensors': DEBUGINFOD_URLS=https://debuginfod.ubuntu.com PYTHONPATH=/home/idrisg/iot-project/IoT_Projct/esibot_ws/build/esibot_sensors/prefix_override:/usr/lib/python3/dist-packages/colcon_core/task/python/colcon_distutils_commands:/home/idrisg/iot-project/IoT_Projct/esibot_ws/install/esibot_sensors/lib/python3.10/site-packages:${PYTHONPATH} /usr/bin/python3 -W ignore:setup.py install is deprecated -W ignore:easy_install command is deprecated setup.py develop --editable --build-directory /home/idrisg/iot-project/IoT_Projct/esibot_ws/build/esibot_sensors/build --no-deps symlink_data
[1.169s] Level 1:colcon.colcon_core.shell:create_environment_hook('esibot_sensors', 'pythonpath_develop')
[1.169s] INFO:colcon.colcon_core.shell:Creating environment hook '/home/idrisg/iot-project/IoT_Projct/esibot_ws/build/esibot_sensors/share/esibot_sensors/hook/pythonpath_develop.ps1'
[1.170s] DEBUG:colcon.colcon_core.event_handler.log_command:Invoked command in '/home/idrisg/iot-project/IoT_Projct/esibot_ws/build/esibot_sensors' returned '0': DEBUGINFOD_URLS=https://debuginfod.ubuntu.com PYTHONPATH=/home/idrisg/iot-project/IoT_Projct/esibot_ws/build/esibot_sensors/prefix_override:/usr/lib/python3/dist-packages/colcon_core/task/python/colcon_distutils_commands:/home/idrisg/iot-project/IoT_Projct/esibot_ws/install/esibot_sensors/lib/python3.10/site-packages:${PYTHONPATH} /usr/bin/python3 -W ignore:setup.py install is deprecated -W ignore:easy_install command is deprecated setup.py develop --editable --build-directory /home/idrisg/iot-project/IoT_Projct/esibot_ws/build/esibot_sensors/build --no-deps symlink_data
[1.170s] INFO:colcon.colcon_core.shell:Creating environment descriptor '/home/idrisg/iot-project/IoT_Projct/esibot_ws/build/esibot_sensors/share/esibot_sensors/hook/pythonpath_develop.dsv'
[1.171s] INFO:colcon.colcon_core.shell:Creating environment hook '/home/idrisg/iot-project/IoT_Projct/esibot_ws/build/esibot_sensors/share/esibot_sensors/hook/pythonpath_develop.sh'
[1.173s] Level 1:colcon.colcon_core.environment:checking '/home/idrisg/iot-project/IoT_Projct/esibot_ws/install/esibot_sensors' for CMake module files
[1.173s] Level 1:colcon.colcon_core.environment:checking '/home/idrisg/iot-project/IoT_Projct/esibot_ws/install/esibot_sensors' for CMake config files
[1.173s] Level 1:colcon.colcon_core.environment:checking '/home/idrisg/iot-project/IoT_Projct/esibot_ws/install/esibot_sensors/lib'
[1.174s] Level 1:colcon.colcon_core.environment:checking '/home/idrisg/iot-project/IoT_Projct/esibot_ws/install/esibot_sensors/bin'
[1.174s] Level 1:colcon.colcon_core.environment:checking '/home/idrisg/iot-project/IoT_Projct/esibot_ws/install/esibot_sensors/lib/pkgconfig/esibot_sensors.pc'
[1.174s] Level 1:colcon.colcon_core.environment:checking '/home/idrisg/iot-project/IoT_Projct/esibot_ws/install/esibot_sensors/lib/python3.10/site-packages'
[1.174s] Level 1:colcon.colcon_core.shell:create_environment_hook('esibot_sensors', 'pythonpath')
[1.174s] INFO:colcon.colcon_core.shell:Creating environment hook '/home/idrisg/iot-project/IoT_Projct/esibot_ws/install/esibot_sensors/share/esibot_sensors/hook/pythonpath.ps1'
[1.174s] INFO:colcon.colcon_core.shell:Creating environment descriptor '/home/idrisg/iot-project/IoT_Projct/esibot_ws/install/esibot_sensors/share/esibot_sensors/hook/pythonpath.dsv'
[1.175s] INFO:colcon.colcon_core.shell:Creating environment hook '/home/idrisg/iot-project/IoT_Projct/esibot_ws/install/esibot_sensors/share/esibot_sensors/hook/pythonpath.sh'
[1.175s] Level 1:colcon.colcon_core.environment:checking '/home/idrisg/iot-project/IoT_Projct/esibot_ws/install/esibot_sensors/bin'
[1.175s] Level 1:colcon.colcon_core.environment:create_environment_scripts_only(esibot_sensors)
[1.176s] INFO:colcon.colcon_core.shell:Creating package script '/home/idrisg/iot-project/IoT_Projct/esibot_ws/install/esibot_sensors/share/esibot_sensors/package.ps1'
[1.176s] INFO:colcon.colcon_core.shell:Creating package descriptor '/home/idrisg/iot-project/IoT_Projct/esibot_ws/install/esibot_sensors/share/esibot_sensors/package.dsv'
[1.177s] INFO:colcon.colcon_core.shell:Creating package script '/home/idrisg/iot-project/IoT_Projct/esibot_ws/install/esibot_sensors/share/esibot_sensors/package.sh'
[1.177s] INFO:colcon.colcon_core.shell:Creating package script '/home/idrisg/iot-project/IoT_Projct/esibot_ws/install/esibot_sensors/share/esibot_sensors/package.bash'
[1.178s] INFO:colcon.colcon_core.shell:Creating package script '/home/idrisg/iot-project/IoT_Projct/esibot_ws/install/esibot_sensors/share/esibot_sensors/package.zsh'
[1.178s] Level 1:colcon.colcon_core.environment:create_file_with_runtime_dependencies(/home/idrisg/iot-project/IoT_Projct/esibot_ws/install/esibot_sensors/share/colcon-core/packages/esibot_sensors)
[1.179s] DEBUG:colcon.colcon_parallel_executor.executor.parallel:closing loop
[1.179s] DEBUG:colcon.colcon_parallel_executor.executor.parallel:loop closed
[1.179s] DEBUG:colcon.colcon_parallel_executor.executor.parallel:run_until_complete finished with '0'
[1.179s] DEBUG:colcon.colcon_core.event_reactor:joining thread
[1.183s] INFO:colcon.colcon_core.plugin_system:Skipping extension 'colcon_notification.desktop_notification.terminal_notifier': Not used on non-Darwin systems
[1.183s] INFO:colcon.colcon_core.plugin_system:Skipping extension 'colcon_notification.desktop_notification.win32': Not used on non-Windows systems
[1.183s] INFO:colcon.colcon_notification.desktop_notification:Sending desktop notification using 'notify2'
[1.196s] DEBUG:colcon.colcon_core.event_reactor:joined thread
[1.197s] INFO:colcon.colcon_core.shell:Creating prefix script '/home/idrisg/iot-project/IoT_Projct/esibot_ws/install/local_setup.ps1'
[1.198s] INFO:colcon.colcon_core.shell:Creating prefix util module '/home/idrisg/iot-project/IoT_Projct/esibot_ws/install/_local_setup_util_ps1.py'
[1.199s] INFO:colcon.colcon_core.shell:Creating prefix chain script '/home/idrisg/iot-project/IoT_Projct/esibot_ws/install/setup.ps1'
[1.200s] INFO:colcon.colcon_core.shell:Creating prefix script '/home/idrisg/iot-project/IoT_Projct/esibot_ws/install/local_setup.sh'
[1.201s] INFO:colcon.colcon_core.shell:Creating prefix util module '/home/idrisg/iot-project/IoT_Projct/esibot_ws/install/_local_setup_util_sh.py'
[1.202s] INFO:colcon.colcon_core.shell:Creating prefix chain script '/home/idrisg/iot-project/IoT_Projct/esibot_ws/install/setup.sh'
[1.203s] INFO:colcon.colcon_core.shell:Creating prefix script '/home/idrisg/iot-project/IoT_Projct/esibot_ws/install/local_setup.bash'
[1.203s] INFO:colcon.colcon_core.shell:Creating prefix chain script '/home/idrisg/iot-project/IoT_Projct/esibot_ws/install/setup.bash'
[1.204s] INFO:colcon.colcon_core.shell:Creating prefix script '/home/idrisg/iot-project/IoT_Projct/esibot_ws/install/local_setup.zsh'
[1.205s] INFO:colcon.colcon_core.shell:Creating prefix chain script '/home/idrisg/iot-project/IoT_Projct/esibot_ws/install/setup.zsh'
