running egg_info
creating ../../build/esibot_sensor/esibot_sensor.egg-info
writing ../../build/esibot_sensor/esibot_sensor.egg-info/PKG-INFO
writing dependency_links to ../../build/esibot_sensor/esibot_sensor.egg-info/dependency_links.txt
writing entry points to ../../build/esibot_sensor/esibot_sensor.egg-info/entry_points.txt
writing requirements to ../../build/esibot_sensor/esibot_sensor.egg-info/requires.txt
writing top-level names to ../../build/esibot_sensor/esibot_sensor.egg-info/top_level.txt
writing manifest file '../../build/esibot_sensor/esibot_sensor.egg-info/SOURCES.txt'
reading manifest file '../../build/esibot_sensor/esibot_sensor.egg-info/SOURCES.txt'
writing manifest file '../../build/esibot_sensor/esibot_sensor.egg-info/SOURCES.txt'
running build
running build_py
creating /home/user/esibot_ws/build/esibot_sensor/build
creating /home/user/esibot_ws/build/esibot_sensor/build/lib
creating /home/user/esibot_ws/build/esibot_sensor/build/lib/esibot_sensor
copying esibot_sensor/__init__.py -> /home/user/esibot_ws/build/esibot_sensor/build/lib/esibot_sensor
copying esibot_sensor/radar_node.py -> /home/user/esibot_ws/build/esibot_sensor/build/lib/esibot_sensor
running install
running install_lib
creating /home/user/esibot_ws/install/esibot_sensor/lib/python3.10/site-packages/esibot_sensor
copying /home/user/esibot_ws/build/esibot_sensor/build/lib/esibot_sensor/__init__.py -> /home/user/esibot_ws/install/esibot_sensor/lib/python3.10/site-packages/esibot_sensor
copying /home/user/esibot_ws/build/esibot_sensor/build/lib/esibot_sensor/radar_node.py -> /home/user/esibot_ws/install/esibot_sensor/lib/python3.10/site-packages/esibot_sensor
byte-compiling /home/user/esibot_ws/install/esibot_sensor/lib/python3.10/site-packages/esibot_sensor/__init__.py to __init__.cpython-310.pyc
byte-compiling /home/user/esibot_ws/install/esibot_sensor/lib/python3.10/site-packages/esibot_sensor/radar_node.py to radar_node.cpython-310.pyc
running install_data
creating /home/user/esibot_ws/install/esibot_sensor/share/ament_index
creating /home/user/esibot_ws/install/esibot_sensor/share/ament_index/resource_index
creating /home/user/esibot_ws/install/esibot_sensor/share/ament_index/resource_index/packages
copying resource/esibot_sensor -> /home/user/esibot_ws/install/esibot_sensor/share/ament_index/resource_index/packages
copying package.xml -> /home/user/esibot_ws/install/esibot_sensor/share/esibot_sensor
creating /home/user/esibot_ws/install/esibot_sensor/share/esibot_sensor/launch
copying launch/radar.launch.py -> /home/user/esibot_ws/install/esibot_sensor/share/esibot_sensor/launch
creating /home/user/esibot_ws/install/esibot_sensor/share/esibot_sensor/config
copying config/radar.rviz -> /home/user/esibot_ws/install/esibot_sensor/share/esibot_sensor/config
copying config/config.rviz -> /home/user/esibot_ws/install/esibot_sensor/share/esibot_sensor/config
copying config/esibot_sensor.yaml -> /home/user/esibot_ws/install/esibot_sensor/share/esibot_sensor/config
copying config/radar_params.yaml -> /home/user/esibot_ws/install/esibot_sensor/share/esibot_sensor/config
running install_egg_info
Copying ../../build/esibot_sensor/esibot_sensor.egg-info to /home/user/esibot_ws/install/esibot_sensor/lib/python3.10/site-packages/esibot_sensor-0.0.0-py3.10.egg-info
running install_scripts
Installing radar_node script to /home/user/esibot_ws/install/esibot_sensor/lib/esibot_sensor
writing list of installed files to '/home/user/esibot_ws/build/esibot_sensor/install.log'
