[0.523s] Invoking command in '/home/idrisg/iot-project/IoT_Projct/esibot_ws/build/esibot_sensors': DEBUGINFOD_URLS=https://debuginfod.ubuntu.com PYTHONPATH=/home/idrisg/iot-project/IoT_Projct/esibot_ws/build/esibot_sensors/prefix_override:/usr/lib/python3/dist-packages/colcon_core/task/python/colcon_distutils_commands:/home/idrisg/iot-project/IoT_Projct/esibot_ws/install/esibot_sensors/lib/python3.10/site-packages:${PYTHONPATH} /usr/bin/python3 -W ignore:setup.py install is deprecated -W ignore:easy_install command is deprecated setup.py develop --editable --build-directory /home/idrisg/iot-project/IoT_Projct/esibot_ws/build/esibot_sensors/build --no-deps symlink_data
[0.734s] running develop
[0.847s] running egg_info
[0.847s] creating esibot_sensors.egg-info
[0.847s] writing esibot_sensors.egg-info/PKG-INFO
[0.847s] writing dependency_links to esibot_sensors.egg-info/dependency_links.txt
[0.847s] writing entry points to esibot_sensors.egg-info/entry_points.txt
[0.848s] writing requirements to esibot_sensors.egg-info/requires.txt
[0.848s] writing top-level names to esibot_sensors.egg-info/top_level.txt
[0.848s] writing manifest file 'esibot_sensors.egg-info/SOURCES.txt'
[0.850s] reading manifest file 'esibot_sensors.egg-info/SOURCES.txt'
[0.850s] writing manifest file 'esibot_sensors.egg-info/SOURCES.txt'
[0.852s] running build_ext
[0.853s] Creating /home/idrisg/iot-project/IoT_Projct/esibot_ws/install/esibot_sensors/lib/python3.10/site-packages/esibot-sensors.egg-link (link to .)
[0.853s] Installing radar_node script to /home/idrisg/iot-project/IoT_Projct/esibot_ws/install/esibot_sensors/lib/esibot_sensors
[0.853s] 
[0.853s] Installed /home/idrisg/iot-project/IoT_Projct/esibot_ws/build/esibot_sensors
[0.853s] running symlink_data
[0.855s] creating /home/idrisg/iot-project/IoT_Projct/esibot_ws/install/esibot_sensors/share/ament_index
[0.855s] creating /home/idrisg/iot-project/IoT_Projct/esibot_ws/install/esibot_sensors/share/ament_index/resource_index
[0.855s] creating /home/idrisg/iot-project/IoT_Projct/esibot_ws/install/esibot_sensors/share/ament_index/resource_index/packages
[0.855s] symbolically linking /home/idrisg/iot-project/IoT_Projct/esibot_ws/build/esibot_sensors/resource/esibot_sensors -> /home/idrisg/iot-project/IoT_Projct/esibot_ws/install/esibot_sensors/share/ament_index/resource_index/packages
[0.855s] symbolically linking /home/idrisg/iot-project/IoT_Projct/esibot_ws/build/esibot_sensors/package.xml -> /home/idrisg/iot-project/IoT_Projct/esibot_ws/install/esibot_sensors/share/esibot_sensors
[0.855s] creating /home/idrisg/iot-project/IoT_Projct/esibot_ws/install/esibot_sensors/share/esibot_sensors/launch
[0.855s] symbolically linking /home/idrisg/iot-project/IoT_Projct/esibot_ws/build/esibot_sensors/launch/radar.launch.py -> /home/idrisg/iot-project/IoT_Projct/esibot_ws/install/esibot_sensors/share/esibot_sensors/launch
[0.855s] creating /home/idrisg/iot-project/IoT_Projct/esibot_ws/install/esibot_sensors/share/esibot_sensors/config
[0.855s] symbolically linking /home/idrisg/iot-project/IoT_Projct/esibot_ws/build/esibot_sensors/config/radar_params.yaml -> /home/idrisg/iot-project/IoT_Projct/esibot_ws/install/esibot_sensors/share/esibot_sensors/config
[0.855s] symbolically linking /home/idrisg/iot-project/IoT_Projct/esibot_ws/build/esibot_sensors/config/config.rviz -> /home/idrisg/iot-project/IoT_Projct/esibot_ws/install/esibot_sensors/share/esibot_sensors/config
[0.855s] symbolically linking /home/idrisg/iot-project/IoT_Projct/esibot_ws/build/esibot_sensors/config/radar.rviz -> /home/idrisg/iot-project/IoT_Projct/esibot_ws/install/esibot_sensors/share/esibot_sensors/config
[0.877s] Invoked command in '/home/idrisg/iot-project/IoT_Projct/esibot_ws/build/esibot_sensors' returned '0': DEBUGINFOD_URLS=https://debuginfod.ubuntu.com PYTHONPATH=/home/idrisg/iot-project/IoT_Projct/esibot_ws/build/esibot_sensors/prefix_override:/usr/lib/python3/dist-packages/colcon_core/task/python/colcon_distutils_commands:/home/idrisg/iot-project/IoT_Projct/esibot_ws/install/esibot_sensors/lib/python3.10/site-packages:${PYTHONPATH} /usr/bin/python3 -W ignore:setup.py install is deprecated -W ignore:easy_install command is deprecated setup.py develop --editable --build-directory /home/idrisg/iot-project/IoT_Projct/esibot_ws/build/esibot_sensors/build --no-deps symlink_data
