[0.486s] DEBUG:colcon:Command line arguments: ['/usr/bin/colcon', 'build', '--packages-select', 'esibot_sensors']
[0.486s] DEBUG:colcon:Parsed command line arguments: Namespace(log_base=None, log_level=None, verb_name='build', build_base='build', install_base='install', merge_install=False, symlink_install=False, test_result_base=None, continue_on_error=False, executor='parallel', parallel_workers=4, event_handlers=None, ignore_user_meta=False, metas=['./colcon.meta'], base_paths=['.'], packages_ignore=None, packages_ignore_regex=None, paths=None, packages_up_to=None, packages_up_to_regex=None, packages_above=None, packages_above_and_dependencies=None, packages_above_depth=None, packages_select_by_dep=None, packages_skip_by_dep=None, packages_skip_up_to=None, packages_select_build_failed=False, packages_skip_build_finished=False, packages_select_test_failures=False, packages_skip_test_passed=False, packages_select=['esibot_sensors'], packages_skip=None, packages_select_regex=None, packages_skip_regex=None, packages_start=None, packages_end=None, allow_overriding=[], cmake_args=None, cmake_target=None, cmake_target_skip_unavailable=False, cmake_clean_cache=False, cmake_clean_first=False, cmake_force_configure=False, ament_cmake_args=None, catkin_cmake_args=None, catkin_skip_building_tests=False, verb_parser=<colcon_defaults.argument_parser.defaults.DefaultArgumentsDecorator object at 0x777cbcf10880>, verb_extension=<colcon_core.verb.build.BuildVerb object at 0x777cbd019ba0>, main=<bound method BuildVerb.main of <colcon_core.verb.build.BuildVerb object at 0x777cbd019ba0>>)
[0.944s] Level 1:colcon.colcon_core.package_discovery:discover_packages(colcon_meta) check parameters
[0.944s] Level 1:colcon.colcon_core.package_discovery:discover_packages(recursive) check parameters
[0.944s] Level 1:colcon.colcon_core.package_discovery:discover_packages(ignore) check parameters
[0.944s] Level 1:colcon.colcon_core.package_discovery:discover_packages(path) check parameters
[0.944s] Level 1:colcon.colcon_core.package_discovery:discover_packages(colcon_meta) discover
[0.945s] Level 1:colcon.colcon_core.package_discovery:discover_packages(recursive) discover
[0.950s] INFO:colcon.colcon_core.package_discovery:Crawling recursively for packages in '/home/idrisg/iot-project/IoT_Projct/esibot_ws'
[0.950s] Level 1:colcon.colcon_core.package_identification:_identify(.) by extensions ['ignore', 'ignore_ament_install']
[0.950s] Level 1:colcon.colcon_core.package_identification:_identify(.) by extension 'ignore'
[0.950s] Level 1:colcon.colcon_core.package_identification:_identify(.) by extension 'ignore_ament_install'
[0.950s] Level 1:colcon.colcon_core.package_identification:_identify(.) by extensions ['colcon_pkg']
[0.950s] Level 1:colcon.colcon_core.package_identification:_identify(.) by extension 'colcon_pkg'
[0.951s] Level 1:colcon.colcon_core.package_identification:_identify(.) by extensions ['colcon_meta']
[0.951s] Level 1:colcon.colcon_core.package_identification:_identify(.) by extension 'colcon_meta'
[0.951s] Level 1:colcon.colcon_core.package_identification:_identify(.) by extensions ['ros']
[0.951s] Level 1:colcon.colcon_core.package_identification:_identify(.) by extension 'ros'
[1.006s] Level 1:colcon.colcon_core.package_identification:_identify(.) by extensions ['cmake', 'python']
[1.007s] Level 1:colcon.colcon_core.package_identification:_identify(.) by extension 'cmake'
[1.008s] Level 1:colcon.colcon_core.package_identification:_identify(.) by extension 'python'
[1.010s] Level 1:colcon.colcon_core.package_identification:_identify(.) by extensions ['python_setup_py']
[1.011s] Level 1:colcon.colcon_core.package_identification:_identify(.) by extension 'python_setup_py'
[1.012s] Level 1:colcon.colcon_core.package_identification:_identify(build) by extensions ['ignore', 'ignore_ament_install']
[1.013s] Level 1:colcon.colcon_core.package_identification:_identify(build) by extension 'ignore'
[1.013s] Level 1:colcon.colcon_core.package_identification:_identify(build) ignored
[1.014s] Level 1:colcon.colcon_core.package_identification:_identify(install) by extensions ['ignore', 'ignore_ament_install']
[1.014s] Level 1:colcon.colcon_core.package_identification:_identify(install) by extension 'ignore'
[1.014s] Level 1:colcon.colcon_core.package_identification:_identify(install) ignored
[1.015s] Level 1:colcon.colcon_core.package_identification:_identify(log) by extensions ['ignore', 'ignore_ament_install']
[1.015s] Level 1:colcon.colcon_core.package_identification:_identify(log) by extension 'ignore'
[1.015s] Level 1:colcon.colcon_core.package_identification:_identify(log) ignored
[1.015s] Level 1:colcon.colcon_core.package_identification:_identify(src) by extensions ['ignore', 'ignore_ament_install']
[1.015s] Level 1:colcon.colcon_core.package_identification:_identify(src) by extension 'ignore'
[1.015s] Level 1:colcon.colcon_core.package_identification:_identify(src) by extension 'ignore_ament_install'
[1.015s] Level 1:colcon.colcon_core.package_identification:_identify(src) by extensions ['colcon_pkg']
[1.016s] Level 1:colcon.colcon_core.package_identification:_identify(src) by extension 'colcon_pkg'
[1.016s] Level 1:colcon.colcon_core.package_identification:_identify(src) by extensions ['colcon_meta']
[1.016s] Level 1:colcon.colcon_core.package_identification:_identify(src) by extension 'colcon_meta'
[1.016s] Level 1:colcon.colcon_core.package_identification:_identify(src) by extensions ['ros']
[1.016s] Level 1:colcon.colcon_core.package_identification:_identify(src) by extension 'ros'
[1.016s] Level 1:colcon.colcon_core.package_identification:_identify(src) by extensions ['cmake', 'python']
[1.016s] Level 1:colcon.colcon_core.package_identification:_identify(src) by extension 'cmake'
[1.018s] Level 1:colcon.colcon_core.package_identification:_identify(src) by extension 'python'
[1.018s] Level 1:colcon.colcon_core.package_identification:_identify(src) by extensions ['python_setup_py']
[1.018s] Level 1:colcon.colcon_core.package_identification:_identify(src) by extension 'python_setup_py'
[1.019s] Level 1:colcon.colcon_core.package_identification:_identify(src/esibot_bringup) by extensions ['ignore', 'ignore_ament_install']
[1.019s] Level 1:colcon.colcon_core.package_identification:_identify(src/esibot_bringup) by extension 'ignore'
[1.019s] Level 1:colcon.colcon_core.package_identification:_identify(src/esibot_bringup) by extension 'ignore_ament_install'
[1.019s] Level 1:colcon.colcon_core.package_identification:_identify(src/esibot_bringup) by extensions ['colcon_pkg']
[1.020s] Level 1:colcon.colcon_core.package_identification:_identify(src/esibot_bringup) by extension 'colcon_pkg'
[1.020s] Level 1:colcon.colcon_core.package_identification:_identify(src/esibot_bringup) by extensions ['colcon_meta']
[1.020s] Level 1:colcon.colcon_core.package_identification:_identify(src/esibot_bringup) by extension 'colcon_meta'
[1.020s] Level 1:colcon.colcon_core.package_identification:_identify(src/esibot_bringup) by extensions ['ros']
[1.020s] Level 1:colcon.colcon_core.package_identification:_identify(src/esibot_bringup) by extension 'ros'
[1.045s] DEBUG:colcon.colcon_core.package_identification:Package 'src/esibot_bringup' with type 'ros.ament_python' and name 'esibot_bringup'
[1.050s] Level 1:colcon.colcon_core.package_identification:_identify(src/esibot_sensors) by extensions ['ignore', 'ignore_ament_install']
[1.050s] Level 1:colcon.colcon_core.package_identification:_identify(src/esibot_sensors) by extension 'ignore'
[1.050s] Level 1:colcon.colcon_core.package_identification:_identify(src/esibot_sensors) by extension 'ignore_ament_install'
[1.050s] Level 1:colcon.colcon_core.package_identification:_identify(src/esibot_sensors) by extensions ['colcon_pkg']
[1.050s] Level 1:colcon.colcon_core.package_identification:_identify(src/esibot_sensors) by extension 'colcon_pkg'
[1.050s] Level 1:colcon.colcon_core.package_identification:_identify(src/esibot_sensors) by extensions ['colcon_meta']
[1.050s] Level 1:colcon.colcon_core.package_identification:_identify(src/esibot_sensors) by extension 'colcon_meta'
[1.051s] Level 1:colcon.colcon_core.package_identification:_identify(src/esibot_sensors) by extensions ['ros']
[1.051s] Level 1:colcon.colcon_core.package_identification:_identify(src/esibot_sensors) by extension 'ros'
[1.052s] DEBUG:colcon.colcon_core.package_identification:Package 'src/esibot_sensors' with type 'ros.ament_python' and name 'esibot_sensors'
[1.052s] Level 1:colcon.colcon_core.package_discovery:discover_packages(recursive) using defaults
[1.053s] Level 1:colcon.colcon_core.package_discovery:discover_packages(ignore) discover
[1.053s] Level 1:colcon.colcon_core.package_discovery:discover_packages(ignore) using defaults
[1.053s] Level 1:colcon.colcon_core.package_discovery:discover_packages(path) discover
[1.053s] Level 1:colcon.colcon_core.package_discovery:discover_packages(path) using defaults
[1.155s] INFO:colcon.colcon_core.package_selection:Skipping not selected package 'esibot_bringup' in 'src/esibot_bringup'
[1.158s] Level 1:colcon.colcon_core.package_discovery:discover_packages(prefix_path) check parameters
[1.159s] Level 1:colcon.colcon_core.package_discovery:discover_packages(prefix_path) discover
[1.181s] DEBUG:colcon.colcon_installed_package_information.package_discovery:Found 1 installed packages in /home/idrisg/iot-project/IoT_Projct/esibot_ws/install
[1.190s] DEBUG:colcon.colcon_installed_package_information.package_discovery:Found 323 installed packages in /opt/ros/humble
[1.228s] Level 1:colcon.colcon_core.package_discovery:discover_packages(prefix_path) using defaults
[1.392s] Level 5:colcon.colcon_core.verb:set package 'esibot_sensors' build argument 'cmake_args' from command line to 'None'
[1.393s] Level 5:colcon.colcon_core.verb:set package 'esibot_sensors' build argument 'cmake_target' from command line to 'None'
[1.393s] Level 5:colcon.colcon_core.verb:set package 'esibot_sensors' build argument 'cmake_target_skip_unavailable' from command line to 'False'
[1.393s] Level 5:colcon.colcon_core.verb:set package 'esibot_sensors' build argument 'cmake_clean_cache' from command line to 'False'
[1.393s] Level 5:colcon.colcon_core.verb:set package 'esibot_sensors' build argument 'cmake_clean_first' from command line to 'False'
[1.394s] Level 5:colcon.colcon_core.verb:set package 'esibot_sensors' build argument 'cmake_force_configure' from command line to 'False'
[1.394s] Level 5:colcon.colcon_core.verb:set package 'esibot_sensors' build argument 'ament_cmake_args' from command line to 'None'
[1.394s] Level 5:colcon.colcon_core.verb:set package 'esibot_sensors' build argument 'catkin_cmake_args' from command line to 'None'
[1.394s] Level 5:colcon.colcon_core.verb:set package 'esibot_sensors' build argument 'catkin_skip_building_tests' from command line to 'False'
[1.394s] DEBUG:colcon.colcon_core.verb:Building package 'esibot_sensors' with the following arguments: {'ament_cmake_args': None, 'build_base': '/home/idrisg/iot-project/IoT_Projct/esibot_ws/build/esibot_sensors', 'catkin_cmake_args': None, 'catkin_skip_building_tests': False, 'cmake_args': None, 'cmake_clean_cache': False, 'cmake_clean_first': False, 'cmake_force_configure': False, 'cmake_target': None, 'cmake_target_skip_unavailable': False, 'install_base': '/home/idrisg/iot-project/IoT_Projct/esibot_ws/install/esibot_sensors', 'merge_install': False, 'path': '/home/idrisg/iot-project/IoT_Projct/esibot_ws/src/esibot_sensors', 'symlink_install': False, 'test_result_base': None}
[1.394s] INFO:colcon.colcon_core.executor:Executing jobs using 'parallel' executor
[1.399s] DEBUG:colcon.colcon_parallel_executor.executor.parallel:run_until_complete
[1.399s] INFO:colcon.colcon_ros.task.ament_python.build:Building ROS package in '/home/idrisg/iot-project/IoT_Projct/esibot_ws/src/esibot_sensors' with build type 'ament_python'
[1.400s] Level 1:colcon.colcon_core.shell:create_environment_hook('esibot_sensors', 'ament_prefix_path')
[1.437s] INFO:colcon.colcon_core.plugin_system:Skipping extension 'colcon_core.shell.bat': Not used on non-Windows systems
[1.437s] INFO:colcon.colcon_core.shell:Creating environment hook '/home/idrisg/iot-project/IoT_Projct/esibot_ws/install/esibot_sensors/share/esibot_sensors/hook/ament_prefix_path.ps1'
[1.457s] INFO:colcon.colcon_core.shell:Creating environment descriptor '/home/idrisg/iot-project/IoT_Projct/esibot_ws/install/esibot_sensors/share/esibot_sensors/hook/ament_prefix_path.dsv'
[1.475s] INFO:colcon.colcon_core.shell:Creating environment hook '/home/idrisg/iot-project/IoT_Projct/esibot_ws/install/esibot_sensors/share/esibot_sensors/hook/ament_prefix_path.sh'
[1.486s] INFO:colcon.colcon_core.shell:Skip shell extension 'powershell' for command environment: Not usable outside of PowerShell
[1.488s] DEBUG:colcon.colcon_core.shell:Skip shell extension 'dsv' for command environment
[2.287s] INFO:colcon.colcon_core.task.python.build:Building Python package in '/home/idrisg/iot-project/IoT_Projct/esibot_ws/src/esibot_sensors'
[2.289s] INFO:colcon.colcon_core.shell:Skip shell extension 'powershell' for command environment: Not usable outside of PowerShell
[2.289s] DEBUG:colcon.colcon_core.shell:Skip shell extension 'dsv' for command environment
[4.160s] DEBUG:colcon.colcon_core.event_handler.log_command:Invoking command in '/home/idrisg/iot-project/IoT_Projct/esibot_ws/src/esibot_sensors': DEBUGINFOD_URLS=https://debuginfod.ubuntu.com PYTHONPATH=/home/idrisg/iot-project/IoT_Projct/esibot_ws/build/esibot_sensors/prefix_override:/usr/lib/python3/dist-packages/colcon_core/task/python/colcon_distutils_commands:/home/idrisg/iot-project/IoT_Projct/esibot_ws/install/esibot_sensors/lib/python3.10/site-packages:${PYTHONPATH} /usr/bin/python3 -W ignore:setup.py install is deprecated -W ignore:easy_install command is deprecated setup.py egg_info --egg-base ../../build/esibot_sensors build --build-base /home/idrisg/iot-project/IoT_Projct/esibot_ws/build/esibot_sensors/build install --record /home/idrisg/iot-project/IoT_Projct/esibot_ws/build/esibot_sensors/install.log --single-version-externally-managed install_data
[4.878s] DEBUG:colcon.colcon_core.event_handler.log_command:Invoked command in '/home/idrisg/iot-project/IoT_Projct/esibot_ws/src/esibot_sensors' returned '0': DEBUGINFOD_URLS=https://debuginfod.ubuntu.com PYTHONPATH=/home/idrisg/iot-project/IoT_Projct/esibot_ws/build/esibot_sensors/prefix_override:/usr/lib/python3/dist-packages/colcon_core/task/python/colcon_distutils_commands:/home/idrisg/iot-project/IoT_Projct/esibot_ws/install/esibot_sensors/lib/python3.10/site-packages:${PYTHONPATH} /usr/bin/python3 -W ignore:setup.py install is deprecated -W ignore:easy_install command is deprecated setup.py egg_info --egg-base ../../build/esibot_sensors build --build-base /home/idrisg/iot-project/IoT_Projct/esibot_ws/build/esibot_sensors/build install --record /home/idrisg/iot-project/IoT_Projct/esibot_ws/build/esibot_sensors/install.log --single-version-externally-managed install_data
[4.928s] Level 1:colcon.colcon_core.environment:checking '/home/idrisg/iot-project/IoT_Projct/esibot_ws/install/esibot_sensors' for CMake module files
[4.930s] Level 1:colcon.colcon_core.environment:checking '/home/idrisg/iot-project/IoT_Projct/esibot_ws/install/esibot_sensors' for CMake config files
[4.933s] Level 1:colcon.colcon_core.environment:checking '/home/idrisg/iot-project/IoT_Projct/esibot_ws/install/esibot_sensors/lib'
[4.933s] Level 1:colcon.colcon_core.environment:checking '/home/idrisg/iot-project/IoT_Projct/esibot_ws/install/esibot_sensors/bin'
[4.934s] Level 1:colcon.colcon_core.environment:checking '/home/idrisg/iot-project/IoT_Projct/esibot_ws/install/esibot_sensors/lib/pkgconfig/esibot_sensors.pc'
[4.934s] Level 1:colcon.colcon_core.environment:checking '/home/idrisg/iot-project/IoT_Projct/esibot_ws/install/esibot_sensors/lib/python3.10/site-packages'
[4.935s] Level 1:colcon.colcon_core.shell:create_environment_hook('esibot_sensors', 'pythonpath')
[4.937s] INFO:colcon.colcon_core.shell:Creating environment hook '/home/idrisg/iot-project/IoT_Projct/esibot_ws/install/esibot_sensors/share/esibot_sensors/hook/pythonpath.ps1'
[4.938s] INFO:colcon.colcon_core.shell:Creating environment descriptor '/home/idrisg/iot-project/IoT_Projct/esibot_ws/install/esibot_sensors/share/esibot_sensors/hook/pythonpath.dsv'
[4.944s] INFO:colcon.colcon_core.shell:Creating environment hook '/home/idrisg/iot-project/IoT_Projct/esibot_ws/install/esibot_sensors/share/esibot_sensors/hook/pythonpath.sh'
[4.946s] Level 1:colcon.colcon_core.environment:checking '/home/idrisg/iot-project/IoT_Projct/esibot_ws/install/esibot_sensors/bin'
[4.946s] Level 1:colcon.colcon_core.environment:create_environment_scripts_only(esibot_sensors)
[4.947s] INFO:colcon.colcon_core.shell:Creating package script '/home/idrisg/iot-project/IoT_Projct/esibot_ws/install/esibot_sensors/share/esibot_sensors/package.ps1'
[4.951s] INFO:colcon.colcon_core.shell:Creating package descriptor '/home/idrisg/iot-project/IoT_Projct/esibot_ws/install/esibot_sensors/share/esibot_sensors/package.dsv'
[4.953s] INFO:colcon.colcon_core.shell:Creating package script '/home/idrisg/iot-project/IoT_Projct/esibot_ws/install/esibot_sensors/share/esibot_sensors/package.sh'
[4.955s] INFO:colcon.colcon_core.shell:Creating package script '/home/idrisg/iot-project/IoT_Projct/esibot_ws/install/esibot_sensors/share/esibot_sensors/package.bash'
[4.958s] INFO:colcon.colcon_core.shell:Creating package script '/home/idrisg/iot-project/IoT_Projct/esibot_ws/install/esibot_sensors/share/esibot_sensors/package.zsh'
[4.961s] Level 1:colcon.colcon_core.environment:create_file_with_runtime_dependencies(/home/idrisg/iot-project/IoT_Projct/esibot_ws/install/esibot_sensors/share/colcon-core/packages/esibot_sensors)
[4.961s] DEBUG:colcon.colcon_parallel_executor.executor.parallel:closing loop
[4.962s] DEBUG:colcon.colcon_parallel_executor.executor.parallel:loop closed
[4.962s] DEBUG:colcon.colcon_parallel_executor.executor.parallel:run_until_complete finished with '0'
[4.962s] DEBUG:colcon.colcon_core.event_reactor:joining thread
[4.982s] INFO:colcon.colcon_core.plugin_system:Skipping extension 'colcon_notification.desktop_notification.terminal_notifier': Not used on non-Darwin systems
[4.982s] INFO:colcon.colcon_core.plugin_system:Skipping extension 'colcon_notification.desktop_notification.win32': Not used on non-Windows systems
[4.982s] INFO:colcon.colcon_notification.desktop_notification:Sending desktop notification using 'notify2'
[5.087s] DEBUG:colcon.colcon_core.event_reactor:joined thread
[5.088s] INFO:colcon.colcon_core.shell:Creating prefix script '/home/idrisg/iot-project/IoT_Projct/esibot_ws/install/local_setup.ps1'
[5.092s] INFO:colcon.colcon_core.shell:Creating prefix util module '/home/idrisg/iot-project/IoT_Projct/esibot_ws/install/_local_setup_util_ps1.py'
[5.099s] INFO:colcon.colcon_core.shell:Creating prefix chain script '/home/idrisg/iot-project/IoT_Projct/esibot_ws/install/setup.ps1'
[5.104s] INFO:colcon.colcon_core.shell:Creating prefix script '/home/idrisg/iot-project/IoT_Projct/esibot_ws/install/local_setup.sh'
[5.108s] INFO:colcon.colcon_core.shell:Creating prefix util module '/home/idrisg/iot-project/IoT_Projct/esibot_ws/install/_local_setup_util_sh.py'
[5.113s] INFO:colcon.colcon_core.shell:Creating prefix chain script '/home/idrisg/iot-project/IoT_Projct/esibot_ws/install/setup.sh'
[5.122s] INFO:colcon.colcon_core.shell:Creating prefix script '/home/idrisg/iot-project/IoT_Projct/esibot_ws/install/local_setup.bash'
[5.125s] INFO:colcon.colcon_core.shell:Creating prefix chain script '/home/idrisg/iot-project/IoT_Projct/esibot_ws/install/setup.bash'
[5.129s] INFO:colcon.colcon_core.shell:Creating prefix script '/home/idrisg/iot-project/IoT_Projct/esibot_ws/install/local_setup.zsh'
[5.132s] INFO:colcon.colcon_core.shell:Creating prefix chain script '/home/idrisg/iot-project/IoT_Projct/esibot_ws/install/setup.zsh'
