[3.128s] Invoking command in '/home/user/esibot_ws/src/esibot_sensor': PYTHONPATH=/home/user/esibot_ws/build/esibot_sensor/prefix_override:/usr/lib/python3/dist-packages/colcon_core/task/python/colcon_distutils_commands:/home/user/esibot_ws/install/esibot_sensor/lib/python3.10/site-packages:${PYTHONPATH} /usr/bin/python3 -W ignore:setup.py install is deprecated -W ignore:easy_install command is deprecated setup.py egg_info --egg-base ../../build/esibot_sensor build --build-base /home/user/esibot_ws/build/esibot_sensor/build install --record /home/user/esibot_ws/build/esibot_sensor/install.log --single-version-externally-managed install_data
[4.362s] running egg_info
[4.365s] writing ../../build/esibot_sensor/esibot_sensor.egg-info/PKG-INFO
[4.366s] writing dependency_links to ../../build/esibot_sensor/esibot_sensor.egg-info/dependency_links.txt
[4.367s] writing entry points to ../../build/esibot_sensor/esibot_sensor.egg-info/entry_points.txt
[4.368s] writing requirements to ../../build/esibot_sensor/esibot_sensor.egg-info/requires.txt
[4.369s] writing top-level names to ../../build/esibot_sensor/esibot_sensor.egg-info/top_level.txt
[4.377s] reading manifest file '../../build/esibot_sensor/esibot_sensor.egg-info/SOURCES.txt'
[4.381s] writing manifest file '../../build/esibot_sensor/esibot_sensor.egg-info/SOURCES.txt'
[4.382s] running build
[4.382s] running build_py
[4.384s] copying esibot_sensor/mpu_node.py -> /home/user/esibot_ws/build/esibot_sensor/build/lib/esibot_sensor
[4.386s] running install
[4.387s] running install_lib
[4.392s] copying /home/user/esibot_ws/build/esibot_sensor/build/lib/esibot_sensor/mpu_node.py -> /home/user/esibot_ws/install/esibot_sensor/lib/python3.10/site-packages/esibot_sensor
[4.395s] byte-compiling /home/user/esibot_ws/install/esibot_sensor/lib/python3.10/site-packages/esibot_sensor/mpu_node.py to mpu_node.cpython-310.pyc
[4.399s] running install_data
[4.401s] running install_egg_info
[4.408s] removing '/home/user/esibot_ws/install/esibot_sensor/lib/python3.10/site-packages/esibot_sensor-0.0.0-py3.10.egg-info' (and everything under it)
[4.410s] Copying ../../build/esibot_sensor/esibot_sensor.egg-info to /home/user/esibot_ws/install/esibot_sensor/lib/python3.10/site-packages/esibot_sensor-0.0.0-py3.10.egg-info
[4.415s] running install_scripts
[4.498s] Installing encoder_service script to /home/user/esibot_ws/install/esibot_sensor/lib/esibot_sensor
[4.499s] Installing mpu_service script to /home/user/esibot_ws/install/esibot_sensor/lib/esibot_sensor
[4.500s] Installing odom_service script to /home/user/esibot_ws/install/esibot_sensor/lib/esibot_sensor
[4.501s] Installing radar_node script to /home/user/esibot_ws/install/esibot_sensor/lib/esibot_sensor
[4.503s] writing list of installed files to '/home/user/esibot_ws/build/esibot_sensor/install.log'
[4.626s] Invoked command in '/home/user/esibot_ws/src/esibot_sensor' returned '0': PYTHONPATH=/home/user/esibot_ws/build/esibot_sensor/prefix_override:/usr/lib/python3/dist-packages/colcon_core/task/python/colcon_distutils_commands:/home/user/esibot_ws/install/esibot_sensor/lib/python3.10/site-packages:${PYTHONPATH} /usr/bin/python3 -W ignore:setup.py install is deprecated -W ignore:easy_install command is deprecated setup.py egg_info --egg-base ../../build/esibot_sensor build --build-base /home/user/esibot_ws/build/esibot_sensor/build install --record /home/user/esibot_ws/build/esibot_sensor/install.log --single-version-externally-managed install_data
