[0.459s] DEBUG:colcon:Command line arguments: ['/usr/bin/colcon', 'build', '--packages-select', 'esibot_sensor']
[0.460s] DEBUG:colcon:Parsed command line arguments: Namespace(log_base=None, log_level=None, verb_name='build', build_base='build', install_base='install', merge_install=False, symlink_install=False, test_result_base=None, continue_on_error=False, executor='parallel', parallel_workers=4, event_handlers=None, ignore_user_meta=False, metas=['./colcon.meta'], base_paths=['.'], packages_ignore=None, packages_ignore_regex=None, paths=None, packages_up_to=None, packages_up_to_regex=None, packages_above=None, packages_above_and_dependencies=None, packages_above_depth=None, packages_select_by_dep=None, packages_skip_by_dep=None, packages_skip_up_to=None, packages_select_build_failed=False, packages_skip_build_finished=False, packages_select_test_failures=False, packages_skip_test_passed=False, packages_select=['esibot_sensor'], packages_skip=None, packages_select_regex=None, packages_skip_regex=None, packages_start=None, packages_end=None, allow_overriding=[], cmake_args=None, cmake_target=None, cmake_target_skip_unavailable=False, cmake_clean_cache=False, cmake_clean_first=False, cmake_force_configure=False, ament_cmake_args=None, catkin_cmake_args=None, catkin_skip_building_tests=False, mixin_files=None, mixin=None, verb_parser=<colcon_mixin.mixin.mixin_argument.MixinArgumentDecorator object at 0xffffa5c89a50>, verb_extension=<colcon_core.verb.build.BuildVerb object at 0xffffa5e2ea40>, main=<bound method BuildVerb.main of <colcon_core.verb.build.BuildVerb object at 0xffffa5e2ea40>>, mixin_verb=('build',))
[1.293s] Level 1:colcon.colcon_core.package_discovery:discover_packages(colcon_meta) check parameters
[1.293s] Level 1:colcon.colcon_core.package_discovery:discover_packages(recursive) check parameters
[1.293s] Level 1:colcon.colcon_core.package_discovery:discover_packages(ignore) check parameters
[1.293s] Level 1:colcon.colcon_core.package_discovery:discover_packages(path) check parameters
[1.293s] Level 1:colcon.colcon_core.package_discovery:discover_packages(colcon_meta) discover
[1.294s] Level 1:colcon.colcon_core.package_discovery:discover_packages(recursive) discover
[1.294s] INFO:colcon.colcon_core.package_discovery:Crawling recursively for packages in '/home/user/esibot_ws'
[1.294s] Level 1:colcon.colcon_core.package_identification:_identify(.) by extensions ['ignore', 'ignore_ament_install']
[1.295s] Level 1:colcon.colcon_core.package_identification:_identify(.) by extension 'ignore'
[1.295s] Level 1:colcon.colcon_core.package_identification:_identify(.) by extension 'ignore_ament_install'
[1.295s] Level 1:colcon.colcon_core.package_identification:_identify(.) by extensions ['colcon_pkg']
[1.295s] Level 1:colcon.colcon_core.package_identification:_identify(.) by extension 'colcon_pkg'
[1.295s] Level 1:colcon.colcon_core.package_identification:_identify(.) by extensions ['colcon_meta']
[1.295s] Level 1:colcon.colcon_core.package_identification:_identify(.) by extension 'colcon_meta'
[1.296s] Level 1:colcon.colcon_core.package_identification:_identify(.) by extensions ['ros']
[1.296s] Level 1:colcon.colcon_core.package_identification:_identify(.) by extension 'ros'
[1.339s] Level 1:colcon.colcon_core.package_identification:_identify(.) by extensions ['cmake', 'python']
[1.339s] Level 1:colcon.colcon_core.package_identification:_identify(.) by extension 'cmake'
[1.340s] Level 1:colcon.colcon_core.package_identification:_identify(.) by extension 'python'
[1.340s] Level 1:colcon.colcon_core.package_identification:_identify(.) by extensions ['python_setup_py']
[1.340s] Level 1:colcon.colcon_core.package_identification:_identify(.) by extension 'python_setup_py'
[1.340s] Level 1:colcon.colcon_core.package_identification:_identify(build) by extensions ['ignore', 'ignore_ament_install']
[1.341s] Level 1:colcon.colcon_core.package_identification:_identify(build) by extension 'ignore'
[1.341s] Level 1:colcon.colcon_core.package_identification:_identify(build) ignored
[1.342s] Level 1:colcon.colcon_core.package_identification:_identify(install) by extensions ['ignore', 'ignore_ament_install']
[1.342s] Level 1:colcon.colcon_core.package_identification:_identify(install) by extension 'ignore'
[1.342s] Level 1:colcon.colcon_core.package_identification:_identify(install) ignored
[1.343s] Level 1:colcon.colcon_core.package_identification:_identify(log) by extensions ['ignore', 'ignore_ament_install']
[1.343s] Level 1:colcon.colcon_core.package_identification:_identify(log) by extension 'ignore'
[1.343s] Level 1:colcon.colcon_core.package_identification:_identify(log) ignored
[1.343s] Level 1:colcon.colcon_core.package_identification:_identify(src) by extensions ['ignore', 'ignore_ament_install']
[1.344s] Level 1:colcon.colcon_core.package_identification:_identify(src) by extension 'ignore'
[1.344s] Level 1:colcon.colcon_core.package_identification:_identify(src) by extension 'ignore_ament_install'
[1.344s] Level 1:colcon.colcon_core.package_identification:_identify(src) by extensions ['colcon_pkg']
[1.344s] Level 1:colcon.colcon_core.package_identification:_identify(src) by extension 'colcon_pkg'
[1.344s] Level 1:colcon.colcon_core.package_identification:_identify(src) by extensions ['colcon_meta']
[1.344s] Level 1:colcon.colcon_core.package_identification:_identify(src) by extension 'colcon_meta'
[1.345s] Level 1:colcon.colcon_core.package_identification:_identify(src) by extensions ['ros']
[1.345s] Level 1:colcon.colcon_core.package_identification:_identify(src) by extension 'ros'
[1.345s] Level 1:colcon.colcon_core.package_identification:_identify(src) by extensions ['cmake', 'python']
[1.345s] Level 1:colcon.colcon_core.package_identification:_identify(src) by extension 'cmake'
[1.345s] Level 1:colcon.colcon_core.package_identification:_identify(src) by extension 'python'
[1.346s] Level 1:colcon.colcon_core.package_identification:_identify(src) by extensions ['python_setup_py']
[1.346s] Level 1:colcon.colcon_core.package_identification:_identify(src) by extension 'python_setup_py'
[1.346s] Level 1:colcon.colcon_core.package_identification:_identify(src/esibot_bringup) by extensions ['ignore', 'ignore_ament_install']
[1.346s] Level 1:colcon.colcon_core.package_identification:_identify(src/esibot_bringup) by extension 'ignore'
[1.347s] Level 1:colcon.colcon_core.package_identification:_identify(src/esibot_bringup) by extension 'ignore_ament_install'
[1.347s] Level 1:colcon.colcon_core.package_identification:_identify(src/esibot_bringup) by extensions ['colcon_pkg']
[1.347s] Level 1:colcon.colcon_core.package_identification:_identify(src/esibot_bringup) by extension 'colcon_pkg'
[1.347s] Level 1:colcon.colcon_core.package_identification:_identify(src/esibot_bringup) by extensions ['colcon_meta']
[1.347s] Level 1:colcon.colcon_core.package_identification:_identify(src/esibot_bringup) by extension 'colcon_meta'
[1.347s] Level 1:colcon.colcon_core.package_identification:_identify(src/esibot_bringup) by extensions ['ros']
[1.348s] Level 1:colcon.colcon_core.package_identification:_identify(src/esibot_bringup) by extension 'ros'
[1.358s] DEBUG:colcon.colcon_core.package_identification:Package 'src/esibot_bringup' with type 'ros.ament_python' and name 'esibot_bringup'
[1.358s] Level 1:colcon.colcon_core.package_identification:_identify(src/esibot_camera) by extensions ['ignore', 'ignore_ament_install']
[1.359s] Level 1:colcon.colcon_core.package_identification:_identify(src/esibot_camera) by extension 'ignore'
[1.359s] Level 1:colcon.colcon_core.package_identification:_identify(src/esibot_camera) by extension 'ignore_ament_install'
[1.359s] Level 1:colcon.colcon_core.package_identification:_identify(src/esibot_camera) by extensions ['colcon_pkg']
[1.359s] Level 1:colcon.colcon_core.package_identification:_identify(src/esibot_camera) by extension 'colcon_pkg'
[1.360s] Level 1:colcon.colcon_core.package_identification:_identify(src/esibot_camera) by extensions ['colcon_meta']
[1.360s] Level 1:colcon.colcon_core.package_identification:_identify(src/esibot_camera) by extension 'colcon_meta'
[1.360s] Level 1:colcon.colcon_core.package_identification:_identify(src/esibot_camera) by extensions ['ros']
[1.360s] Level 1:colcon.colcon_core.package_identification:_identify(src/esibot_camera) by extension 'ros'
[1.363s] DEBUG:colcon.colcon_core.package_identification:Package 'src/esibot_camera' with type 'ros.ament_python' and name 'esibot_camera'
[1.364s] Level 1:colcon.colcon_core.package_identification:_identify(src/esibot_description) by extensions ['ignore', 'ignore_ament_install']
[1.364s] Level 1:colcon.colcon_core.package_identification:_identify(src/esibot_description) by extension 'ignore'
[1.364s] Level 1:colcon.colcon_core.package_identification:_identify(src/esibot_description) by extension 'ignore_ament_install'
[1.365s] Level 1:colcon.colcon_core.package_identification:_identify(src/esibot_description) by extensions ['colcon_pkg']
[1.365s] Level 1:colcon.colcon_core.package_identification:_identify(src/esibot_description) by extension 'colcon_pkg'
[1.365s] Level 1:colcon.colcon_core.package_identification:_identify(src/esibot_description) by extensions ['colcon_meta']
[1.365s] Level 1:colcon.colcon_core.package_identification:_identify(src/esibot_description) by extension 'colcon_meta'
[1.365s] Level 1:colcon.colcon_core.package_identification:_identify(src/esibot_description) by extensions ['ros']
[1.365s] Level 1:colcon.colcon_core.package_identification:_identify(src/esibot_description) by extension 'ros'
[1.366s] Level 1:colcon.colcon_core.package_identification:_identify(src/esibot_description) by extensions ['cmake', 'python']
[1.366s] Level 1:colcon.colcon_core.package_identification:_identify(src/esibot_description) by extension 'cmake'
[1.366s] Level 1:colcon.colcon_core.package_identification:_identify(src/esibot_description) by extension 'python'
[1.366s] Level 1:colcon.colcon_core.package_identification:_identify(src/esibot_description) by extensions ['python_setup_py']
[1.366s] Level 1:colcon.colcon_core.package_identification:_identify(src/esibot_description) by extension 'python_setup_py'
[1.367s] Level 1:colcon.colcon_core.package_identification:_identify(src/esibot_description/launch) by extensions ['ignore', 'ignore_ament_install']
[1.367s] Level 1:colcon.colcon_core.package_identification:_identify(src/esibot_description/launch) by extension 'ignore'
[1.367s] Level 1:colcon.colcon_core.package_identification:_identify(src/esibot_description/launch) by extension 'ignore_ament_install'
[1.367s] Level 1:colcon.colcon_core.package_identification:_identify(src/esibot_description/launch) by extensions ['colcon_pkg']
[1.367s] Level 1:colcon.colcon_core.package_identification:_identify(src/esibot_description/launch) by extension 'colcon_pkg'
[1.368s] Level 1:colcon.colcon_core.package_identification:_identify(src/esibot_description/launch) by extensions ['colcon_meta']
[1.368s] Level 1:colcon.colcon_core.package_identification:_identify(src/esibot_description/launch) by extension 'colcon_meta'
[1.368s] Level 1:colcon.colcon_core.package_identification:_identify(src/esibot_description/launch) by extensions ['ros']
[1.368s] Level 1:colcon.colcon_core.package_identification:_identify(src/esibot_description/launch) by extension 'ros'
[1.368s] Level 1:colcon.colcon_core.package_identification:_identify(src/esibot_description/launch) by extensions ['cmake', 'python']
[1.368s] Level 1:colcon.colcon_core.package_identification:_identify(src/esibot_description/launch) by extension 'cmake'
[1.369s] Level 1:colcon.colcon_core.package_identification:_identify(src/esibot_description/launch) by extension 'python'
[1.369s] Level 1:colcon.colcon_core.package_identification:_identify(src/esibot_description/launch) by extensions ['python_setup_py']
[1.369s] Level 1:colcon.colcon_core.package_identification:_identify(src/esibot_description/launch) by extension 'python_setup_py'
[1.369s] Level 1:colcon.colcon_core.package_identification:_identify(src/esibot_description/urdf) by extensions ['ignore', 'ignore_ament_install']
[1.370s] Level 1:colcon.colcon_core.package_identification:_identify(src/esibot_description/urdf) by extension 'ignore'
[1.370s] Level 1:colcon.colcon_core.package_identification:_identify(src/esibot_description/urdf) by extension 'ignore_ament_install'
[1.370s] Level 1:colcon.colcon_core.package_identification:_identify(src/esibot_description/urdf) by extensions ['colcon_pkg']
[1.370s] Level 1:colcon.colcon_core.package_identification:_identify(src/esibot_description/urdf) by extension 'colcon_pkg'
[1.370s] Level 1:colcon.colcon_core.package_identification:_identify(src/esibot_description/urdf) by extensions ['colcon_meta']
[1.370s] Level 1:colcon.colcon_core.package_identification:_identify(src/esibot_description/urdf) by extension 'colcon_meta'
[1.371s] Level 1:colcon.colcon_core.package_identification:_identify(src/esibot_description/urdf) by extensions ['ros']
[1.371s] Level 1:colcon.colcon_core.package_identification:_identify(src/esibot_description/urdf) by extension 'ros'
[1.371s] Level 1:colcon.colcon_core.package_identification:_identify(src/esibot_description/urdf) by extensions ['cmake', 'python']
[1.371s] Level 1:colcon.colcon_core.package_identification:_identify(src/esibot_description/urdf) by extension 'cmake'
[1.371s] Level 1:colcon.colcon_core.package_identification:_identify(src/esibot_description/urdf) by extension 'python'
[1.372s] Level 1:colcon.colcon_core.package_identification:_identify(src/esibot_description/urdf) by extensions ['python_setup_py']
[1.372s] Level 1:colcon.colcon_core.package_identification:_identify(src/esibot_description/urdf) by extension 'python_setup_py'
[1.372s] Level 1:colcon.colcon_core.package_identification:_identify(src/esibot_sensor) by extensions ['ignore', 'ignore_ament_install']
[1.372s] Level 1:colcon.colcon_core.package_identification:_identify(src/esibot_sensor) by extension 'ignore'
[1.373s] Level 1:colcon.colcon_core.package_identification:_identify(src/esibot_sensor) by extension 'ignore_ament_install'
[1.373s] Level 1:colcon.colcon_core.package_identification:_identify(src/esibot_sensor) by extensions ['colcon_pkg']
[1.373s] Level 1:colcon.colcon_core.package_identification:_identify(src/esibot_sensor) by extension 'colcon_pkg'
[1.373s] Level 1:colcon.colcon_core.package_identification:_identify(src/esibot_sensor) by extensions ['colcon_meta']
[1.373s] Level 1:colcon.colcon_core.package_identification:_identify(src/esibot_sensor) by extension 'colcon_meta'
[1.374s] Level 1:colcon.colcon_core.package_identification:_identify(src/esibot_sensor) by extensions ['ros']
[1.374s] Level 1:colcon.colcon_core.package_identification:_identify(src/esibot_sensor) by extension 'ros'
[1.376s] DEBUG:colcon.colcon_core.package_identification:Package 'src/esibot_sensor' with type 'ros.ament_python' and name 'esibot_sensor'
[1.377s] Level 1:colcon.colcon_core.package_identification:_identify(src/esibot_ui) by extensions ['ignore', 'ignore_ament_install']
[1.377s] Level 1:colcon.colcon_core.package_identification:_identify(src/esibot_ui) by extension 'ignore'
[1.377s] Level 1:colcon.colcon_core.package_identification:_identify(src/esibot_ui) by extension 'ignore_ament_install'
[1.377s] Level 1:colcon.colcon_core.package_identification:_identify(src/esibot_ui) by extensions ['colcon_pkg']
[1.378s] Level 1:colcon.colcon_core.package_identification:_identify(src/esibot_ui) by extension 'colcon_pkg'
[1.378s] Level 1:colcon.colcon_core.package_identification:_identify(src/esibot_ui) by extensions ['colcon_meta']
[1.378s] Level 1:colcon.colcon_core.package_identification:_identify(src/esibot_ui) by extension 'colcon_meta'
[1.378s] Level 1:colcon.colcon_core.package_identification:_identify(src/esibot_ui) by extensions ['ros']
[1.378s] Level 1:colcon.colcon_core.package_identification:_identify(src/esibot_ui) by extension 'ros'
[1.378s] Level 1:colcon.colcon_core.package_identification:_identify(src/esibot_ui) by extensions ['cmake', 'python']
[1.379s] Level 1:colcon.colcon_core.package_identification:_identify(src/esibot_ui) by extension 'cmake'
[1.379s] Level 1:colcon.colcon_core.package_identification:_identify(src/esibot_ui) by extension 'python'
[1.379s] Level 1:colcon.colcon_core.package_identification:_identify(src/esibot_ui) by extensions ['python_setup_py']
[1.379s] Level 1:colcon.colcon_core.package_identification:_identify(src/esibot_ui) by extension 'python_setup_py'
[1.379s] Level 1:colcon.colcon_core.package_identification:_identify(src/esibot_ui/esibot_ui) by extensions ['ignore', 'ignore_ament_install']
[1.380s] Level 1:colcon.colcon_core.package_identification:_identify(src/esibot_ui/esibot_ui) by extension 'ignore'
[1.380s] Level 1:colcon.colcon_core.package_identification:_identify(src/esibot_ui/esibot_ui) by extension 'ignore_ament_install'
[1.380s] Level 1:colcon.colcon_core.package_identification:_identify(src/esibot_ui/esibot_ui) by extensions ['colcon_pkg']
[1.380s] Level 1:colcon.colcon_core.package_identification:_identify(src/esibot_ui/esibot_ui) by extension 'colcon_pkg'
[1.380s] Level 1:colcon.colcon_core.package_identification:_identify(src/esibot_ui/esibot_ui) by extensions ['colcon_meta']
[1.381s] Level 1:colcon.colcon_core.package_identification:_identify(src/esibot_ui/esibot_ui) by extension 'colcon_meta'
[1.381s] Level 1:colcon.colcon_core.package_identification:_identify(src/esibot_ui/esibot_ui) by extensions ['ros']
[1.381s] Level 1:colcon.colcon_core.package_identification:_identify(src/esibot_ui/esibot_ui) by extension 'ros'
[1.381s] Level 1:colcon.colcon_core.package_identification:_identify(src/esibot_ui/esibot_ui) by extensions ['cmake', 'python']
[1.381s] Level 1:colcon.colcon_core.package_identification:_identify(src/esibot_ui/esibot_ui) by extension 'cmake'
[1.382s] Level 1:colcon.colcon_core.package_identification:_identify(src/esibot_ui/esibot_ui) by extension 'python'
[1.382s] Level 1:colcon.colcon_core.package_identification:_identify(src/esibot_ui/esibot_ui) by extensions ['python_setup_py']
[1.382s] Level 1:colcon.colcon_core.package_identification:_identify(src/esibot_ui/esibot_ui) by extension 'python_setup_py'
[1.382s] Level 1:colcon.colcon_core.package_identification:_identify(src/esibot_vision) by extensions ['ignore', 'ignore_ament_install']
[1.382s] Level 1:colcon.colcon_core.package_identification:_identify(src/esibot_vision) by extension 'ignore'
[1.383s] Level 1:colcon.colcon_core.package_identification:_identify(src/esibot_vision) by extension 'ignore_ament_install'
[1.383s] Level 1:colcon.colcon_core.package_identification:_identify(src/esibot_vision) by extensions ['colcon_pkg']
[1.383s] Level 1:colcon.colcon_core.package_identification:_identify(src/esibot_vision) by extension 'colcon_pkg'
[1.383s] Level 1:colcon.colcon_core.package_identification:_identify(src/esibot_vision) by extensions ['colcon_meta']
[1.383s] Level 1:colcon.colcon_core.package_identification:_identify(src/esibot_vision) by extension 'colcon_meta'
[1.383s] Level 1:colcon.colcon_core.package_identification:_identify(src/esibot_vision) by extensions ['ros']
[1.384s] Level 1:colcon.colcon_core.package_identification:_identify(src/esibot_vision) by extension 'ros'
[1.384s] Level 1:colcon.colcon_core.package_identification:_identify(src/esibot_vision) by extensions ['cmake', 'python']
[1.384s] Level 1:colcon.colcon_core.package_identification:_identify(src/esibot_vision) by extension 'cmake'
[1.384s] Level 1:colcon.colcon_core.package_identification:_identify(src/esibot_vision) by extension 'python'
[1.384s] Level 1:colcon.colcon_core.package_identification:_identify(src/esibot_vision) by extensions ['python_setup_py']
[1.384s] Level 1:colcon.colcon_core.package_identification:_identify(src/esibot_vision) by extension 'python_setup_py'
[1.385s] Level 1:colcon.colcon_core.package_identification:_identify(src/esibot_vision/esibot_vision) by extensions ['ignore', 'ignore_ament_install']
[1.385s] Level 1:colcon.colcon_core.package_identification:_identify(src/esibot_vision/esibot_vision) by extension 'ignore'
[1.385s] Level 1:colcon.colcon_core.package_identification:_identify(src/esibot_vision/esibot_vision) by extension 'ignore_ament_install'
[1.386s] Level 1:colcon.colcon_core.package_identification:_identify(src/esibot_vision/esibot_vision) by extensions ['colcon_pkg']
[1.386s] Level 1:colcon.colcon_core.package_identification:_identify(src/esibot_vision/esibot_vision) by extension 'colcon_pkg'
[1.386s] Level 1:colcon.colcon_core.package_identification:_identify(src/esibot_vision/esibot_vision) by extensions ['colcon_meta']
[1.386s] Level 1:colcon.colcon_core.package_identification:_identify(src/esibot_vision/esibot_vision) by extension 'colcon_meta'
[1.386s] Level 1:colcon.colcon_core.package_identification:_identify(src/esibot_vision/esibot_vision) by extensions ['ros']
[1.386s] Level 1:colcon.colcon_core.package_identification:_identify(src/esibot_vision/esibot_vision) by extension 'ros'
[1.387s] Level 1:colcon.colcon_core.package_identification:_identify(src/esibot_vision/esibot_vision) by extensions ['cmake', 'python']
[1.387s] Level 1:colcon.colcon_core.package_identification:_identify(src/esibot_vision/esibot_vision) by extension 'cmake'
[1.387s] Level 1:colcon.colcon_core.package_identification:_identify(src/esibot_vision/esibot_vision) by extension 'python'
[1.387s] Level 1:colcon.colcon_core.package_identification:_identify(src/esibot_vision/esibot_vision) by extensions ['python_setup_py']
[1.387s] Level 1:colcon.colcon_core.package_identification:_identify(src/esibot_vision/esibot_vision) by extension 'python_setup_py'
[1.388s] Level 1:colcon.colcon_core.package_identification:_identify(src/esibot_vision/launch) by extensions ['ignore', 'ignore_ament_install']
[1.388s] Level 1:colcon.colcon_core.package_identification:_identify(src/esibot_vision/launch) by extension 'ignore'
[1.388s] Level 1:colcon.colcon_core.package_identification:_identify(src/esibot_vision/launch) by extension 'ignore_ament_install'
[1.388s] Level 1:colcon.colcon_core.package_identification:_identify(src/esibot_vision/launch) by extensions ['colcon_pkg']
[1.388s] Level 1:colcon.colcon_core.package_identification:_identify(src/esibot_vision/launch) by extension 'colcon_pkg'
[1.389s] Level 1:colcon.colcon_core.package_identification:_identify(src/esibot_vision/launch) by extensions ['colcon_meta']
[1.389s] Level 1:colcon.colcon_core.package_identification:_identify(src/esibot_vision/launch) by extension 'colcon_meta'
[1.389s] Level 1:colcon.colcon_core.package_identification:_identify(src/esibot_vision/launch) by extensions ['ros']
[1.389s] Level 1:colcon.colcon_core.package_identification:_identify(src/esibot_vision/launch) by extension 'ros'
[1.389s] Level 1:colcon.colcon_core.package_identification:_identify(src/esibot_vision/launch) by extensions ['cmake', 'python']
[1.390s] Level 1:colcon.colcon_core.package_identification:_identify(src/esibot_vision/launch) by extension 'cmake'
[1.390s] Level 1:colcon.colcon_core.package_identification:_identify(src/esibot_vision/launch) by extension 'python'
[1.390s] Level 1:colcon.colcon_core.package_identification:_identify(src/esibot_vision/launch) by extensions ['python_setup_py']
[1.390s] Level 1:colcon.colcon_core.package_identification:_identify(src/esibot_vision/launch) by extension 'python_setup_py'
[1.390s] Level 1:colcon.colcon_core.package_discovery:discover_packages(recursive) using defaults
[1.390s] Level 1:colcon.colcon_core.package_discovery:discover_packages(ignore) discover
[1.390s] Level 1:colcon.colcon_core.package_discovery:discover_packages(ignore) using defaults
[1.391s] Level 1:colcon.colcon_core.package_discovery:discover_packages(path) discover
[1.391s] Level 1:colcon.colcon_core.package_discovery:discover_packages(path) using defaults
[1.508s] INFO:colcon.colcon_core.package_selection:Skipping not selected package 'esibot_bringup' in 'src/esibot_bringup'
[1.509s] INFO:colcon.colcon_core.package_selection:Skipping not selected package 'esibot_camera' in 'src/esibot_camera'
[1.511s] Level 1:colcon.colcon_core.package_discovery:discover_packages(prefix_path) check parameters
[1.511s] Level 1:colcon.colcon_core.package_discovery:discover_packages(prefix_path) discover
[1.518s] DEBUG:colcon.colcon_installed_package_information.package_discovery:Found 1 installed packages in /home/user/esibot_ws/install
[1.527s] DEBUG:colcon.colcon_installed_package_information.package_discovery:Found 285 installed packages in /opt/ros/humble
[1.534s] Level 1:colcon.colcon_core.package_discovery:discover_packages(prefix_path) using defaults
[1.703s] Level 5:colcon.colcon_core.verb:set package 'esibot_sensor' build argument 'cmake_args' from command line to 'None'
[1.703s] Level 5:colcon.colcon_core.verb:set package 'esibot_sensor' build argument 'cmake_target' from command line to 'None'
[1.703s] Level 5:colcon.colcon_core.verb:set package 'esibot_sensor' build argument 'cmake_target_skip_unavailable' from command line to 'False'
[1.703s] Level 5:colcon.colcon_core.verb:set package 'esibot_sensor' build argument 'cmake_clean_cache' from command line to 'False'
[1.704s] Level 5:colcon.colcon_core.verb:set package 'esibot_sensor' build argument 'cmake_clean_first' from command line to 'False'
[1.704s] Level 5:colcon.colcon_core.verb:set package 'esibot_sensor' build argument 'cmake_force_configure' from command line to 'False'
[1.704s] Level 5:colcon.colcon_core.verb:set package 'esibot_sensor' build argument 'ament_cmake_args' from command line to 'None'
[1.704s] Level 5:colcon.colcon_core.verb:set package 'esibot_sensor' build argument 'catkin_cmake_args' from command line to 'None'
[1.704s] Level 5:colcon.colcon_core.verb:set package 'esibot_sensor' build argument 'catkin_skip_building_tests' from command line to 'False'
[1.704s] DEBUG:colcon.colcon_core.verb:Building package 'esibot_sensor' with the following arguments: {'ament_cmake_args': None, 'build_base': '/home/user/esibot_ws/build/esibot_sensor', 'catkin_cmake_args': None, 'catkin_skip_building_tests': False, 'cmake_args': None, 'cmake_clean_cache': False, 'cmake_clean_first': False, 'cmake_force_configure': False, 'cmake_target': None, 'cmake_target_skip_unavailable': False, 'install_base': '/home/user/esibot_ws/install/esibot_sensor', 'merge_install': False, 'path': '/home/user/esibot_ws/src/esibot_sensor', 'symlink_install': False, 'test_result_base': None}
[1.705s] INFO:colcon.colcon_core.executor:Executing jobs using 'parallel' executor
[1.708s] DEBUG:colcon.colcon_parallel_executor.executor.parallel:run_until_complete
[1.709s] INFO:colcon.colcon_ros.task.ament_python.build:Building ROS package in '/home/user/esibot_ws/src/esibot_sensor' with build type 'ament_python'
[1.710s] Level 1:colcon.colcon_core.shell:create_environment_hook('esibot_sensor', 'ament_prefix_path')
[1.718s] INFO:colcon.colcon_core.plugin_system:Skipping extension 'colcon_core.shell.bat': Not used on non-Windows systems
[1.719s] INFO:colcon.colcon_core.shell:Creating environment hook '/home/user/esibot_ws/install/esibot_sensor/share/esibot_sensor/hook/ament_prefix_path.ps1'
[1.721s] INFO:colcon.colcon_core.shell:Creating environment descriptor '/home/user/esibot_ws/install/esibot_sensor/share/esibot_sensor/hook/ament_prefix_path.dsv'
[1.724s] INFO:colcon.colcon_core.shell:Creating environment hook '/home/user/esibot_ws/install/esibot_sensor/share/esibot_sensor/hook/ament_prefix_path.sh'
[1.728s] INFO:colcon.colcon_core.shell:Skip shell extension 'powershell' for command environment: Not usable outside of PowerShell
[1.728s] DEBUG:colcon.colcon_core.shell:Skip shell extension 'dsv' for command environment
[2.960s] INFO:colcon.colcon_core.task.python.build:Building Python package in '/home/user/esibot_ws/src/esibot_sensor'
[2.961s] INFO:colcon.colcon_core.shell:Skip shell extension 'powershell' for command environment: Not usable outside of PowerShell
[2.961s] DEBUG:colcon.colcon_core.shell:Skip shell extension 'dsv' for command environment
[3.532s] DEBUG:colcon.colcon_parallel_executor.executor.parallel:run_until_complete was interrupted
[3.532s] DEBUG:colcon.colcon_parallel_executor.executor.parallel:run_until_complete again
[3.673s] DEBUG:colcon.colcon_parallel_executor.executor.parallel:run_until_complete finished
[3.673s] DEBUG:colcon.colcon_parallel_executor.executor.parallel:closing loop
[3.673s] DEBUG:colcon.colcon_parallel_executor.executor.parallel:loop closed
[3.674s] DEBUG:colcon.colcon_core.event_reactor:joining thread
[3.696s] INFO:colcon.colcon_core.plugin_system:Skipping extension 'colcon_notification.desktop_notification.terminal_notifier': Not used on non-Darwin systems
[3.697s] INFO:colcon.colcon_core.plugin_system:Skipping extension 'colcon_notification.desktop_notification.win32': Not used on non-Windows systems
[3.697s] INFO:colcon.colcon_notification.desktop_notification:Sending desktop notification using 'notify2'
[28.701s] DEBUG:colcon.colcon_notification.desktop_notification.notify2:Failed to initialize notify2: org.freedesktop.DBus.Error.NoReply: Did not receive a reply. Possible causes include: the remote application did not send a reply, the message bus security policy blocked the reply, the reply timeout expired, or the network connection was broken.
[28.702s] DEBUG:colcon.colcon_core.event_reactor:joined thread
[28.704s] INFO:colcon.colcon_core.shell:Creating prefix script '/home/user/esibot_ws/install/local_setup.ps1'
[28.714s] INFO:colcon.colcon_core.shell:Creating prefix util module '/home/user/esibot_ws/install/_local_setup_util_ps1.py'
[28.720s] INFO:colcon.colcon_core.shell:Creating prefix chain script '/home/user/esibot_ws/install/setup.ps1'
[28.725s] INFO:colcon.colcon_core.shell:Creating prefix script '/home/user/esibot_ws/install/local_setup.sh'
[28.728s] INFO:colcon.colcon_core.shell:Creating prefix util module '/home/user/esibot_ws/install/_local_setup_util_sh.py'
[28.730s] INFO:colcon.colcon_core.shell:Creating prefix chain script '/home/user/esibot_ws/install/setup.sh'
[28.735s] INFO:colcon.colcon_core.shell:Creating prefix script '/home/user/esibot_ws/install/local_setup.bash'
[28.737s] INFO:colcon.colcon_core.shell:Creating prefix chain script '/home/user/esibot_ws/install/setup.bash'
[28.742s] INFO:colcon.colcon_core.shell:Creating prefix script '/home/user/esibot_ws/install/local_setup.zsh'
[28.745s] INFO:colcon.colcon_core.shell:Creating prefix chain script '/home/user/esibot_ws/install/setup.zsh'
