[0.481s] DEBUG:colcon:Command line arguments: ['/usr/bin/colcon', 'build', '--packages-select', 'esibot_bringup']
[0.482s] DEBUG:colcon:Parsed command line arguments: Namespace(log_base=None, log_level=None, verb_name='build', build_base='build', install_base='install', merge_install=False, symlink_install=False, test_result_base=None, continue_on_error=False, executor='parallel', parallel_workers=4, event_handlers=None, ignore_user_meta=False, metas=['./colcon.meta'], base_paths=['.'], packages_ignore=None, packages_ignore_regex=None, paths=None, packages_up_to=None, packages_up_to_regex=None, packages_above=None, packages_above_and_dependencies=None, packages_above_depth=None, packages_select_by_dep=None, packages_skip_by_dep=None, packages_skip_up_to=None, packages_select_build_failed=False, packages_skip_build_finished=False, packages_select_test_failures=False, packages_skip_test_passed=False, packages_select=['esibot_bringup'], packages_skip=None, packages_select_regex=None, packages_skip_regex=None, packages_start=None, packages_end=None, allow_overriding=[], cmake_args=None, cmake_target=None, cmake_target_skip_unavailable=False, cmake_clean_cache=False, cmake_clean_first=False, cmake_force_configure=False, ament_cmake_args=None, catkin_cmake_args=None, catkin_skip_building_tests=False, mixin_files=None, mixin=None, verb_parser=<colcon_mixin.mixin.mixin_argument.MixinArgumentDecorator object at 0xffff9e15a560>, verb_extension=<colcon_core.verb.build.BuildVerb object at 0xffff9e2f7550>, main=<bound method BuildVerb.main of <colcon_core.verb.build.BuildVerb object at 0xffff9e2f7550>>, mixin_verb=('build',))
[1.379s] Level 1:colcon.colcon_core.package_discovery:discover_packages(colcon_meta) check parameters
[1.380s] Level 1:colcon.colcon_core.package_discovery:discover_packages(recursive) check parameters
[1.380s] Level 1:colcon.colcon_core.package_discovery:discover_packages(ignore) check parameters
[1.380s] Level 1:colcon.colcon_core.package_discovery:discover_packages(path) check parameters
[1.380s] Level 1:colcon.colcon_core.package_discovery:discover_packages(colcon_meta) discover
[1.381s] Level 1:colcon.colcon_core.package_discovery:discover_packages(recursive) discover
[1.381s] INFO:colcon.colcon_core.package_discovery:Crawling recursively for packages in '/home/user/esibot_ws'
[1.381s] Level 1:colcon.colcon_core.package_identification:_identify(.) by extensions ['ignore', 'ignore_ament_install']
[1.382s] Level 1:colcon.colcon_core.package_identification:_identify(.) by extension 'ignore'
[1.383s] Level 1:colcon.colcon_core.package_identification:_identify(.) by extension 'ignore_ament_install'
[1.383s] Level 1:colcon.colcon_core.package_identification:_identify(.) by extensions ['colcon_pkg']
[1.383s] Level 1:colcon.colcon_core.package_identification:_identify(.) by extension 'colcon_pkg'
[1.383s] Level 1:colcon.colcon_core.package_identification:_identify(.) by extensions ['colcon_meta']
[1.383s] Level 1:colcon.colcon_core.package_identification:_identify(.) by extension 'colcon_meta'
[1.384s] Level 1:colcon.colcon_core.package_identification:_identify(.) by extensions ['ros']
[1.384s] Level 1:colcon.colcon_core.package_identification:_identify(.) by extension 'ros'
[1.428s] Level 1:colcon.colcon_core.package_identification:_identify(.) by extensions ['cmake', 'python']
[1.428s] Level 1:colcon.colcon_core.package_identification:_identify(.) by extension 'cmake'
[1.429s] Level 1:colcon.colcon_core.package_identification:_identify(.) by extension 'python'
[1.429s] Level 1:colcon.colcon_core.package_identification:_identify(.) by extensions ['python_setup_py']
[1.429s] Level 1:colcon.colcon_core.package_identification:_identify(.) by extension 'python_setup_py'
[1.430s] Level 1:colcon.colcon_core.package_identification:_identify(build) by extensions ['ignore', 'ignore_ament_install']
[1.430s] Level 1:colcon.colcon_core.package_identification:_identify(build) by extension 'ignore'
[1.430s] Level 1:colcon.colcon_core.package_identification:_identify(build) ignored
[1.431s] Level 1:colcon.colcon_core.package_identification:_identify(install) by extensions ['ignore', 'ignore_ament_install']
[1.431s] Level 1:colcon.colcon_core.package_identification:_identify(install) by extension 'ignore'
[1.432s] Level 1:colcon.colcon_core.package_identification:_identify(install) ignored
[1.432s] Level 1:colcon.colcon_core.package_identification:_identify(log) by extensions ['ignore', 'ignore_ament_install']
[1.433s] Level 1:colcon.colcon_core.package_identification:_identify(log) by extension 'ignore'
[1.433s] Level 1:colcon.colcon_core.package_identification:_identify(log) ignored
[1.433s] Level 1:colcon.colcon_core.package_identification:_identify(src) by extensions ['ignore', 'ignore_ament_install']
[1.434s] Level 1:colcon.colcon_core.package_identification:_identify(src) by extension 'ignore'
[1.434s] Level 1:colcon.colcon_core.package_identification:_identify(src) by extension 'ignore_ament_install'
[1.434s] Level 1:colcon.colcon_core.package_identification:_identify(src) by extensions ['colcon_pkg']
[1.434s] Level 1:colcon.colcon_core.package_identification:_identify(src) by extension 'colcon_pkg'
[1.435s] Level 1:colcon.colcon_core.package_identification:_identify(src) by extensions ['colcon_meta']
[1.435s] Level 1:colcon.colcon_core.package_identification:_identify(src) by extension 'colcon_meta'
[1.435s] Level 1:colcon.colcon_core.package_identification:_identify(src) by extensions ['ros']
[1.435s] Level 1:colcon.colcon_core.package_identification:_identify(src) by extension 'ros'
[1.436s] Level 1:colcon.colcon_core.package_identification:_identify(src) by extensions ['cmake', 'python']
[1.436s] Level 1:colcon.colcon_core.package_identification:_identify(src) by extension 'cmake'
[1.436s] Level 1:colcon.colcon_core.package_identification:_identify(src) by extension 'python'
[1.436s] Level 1:colcon.colcon_core.package_identification:_identify(src) by extensions ['python_setup_py']
[1.436s] Level 1:colcon.colcon_core.package_identification:_identify(src) by extension 'python_setup_py'
[1.437s] Level 1:colcon.colcon_core.package_identification:_identify(src/esibot_bringup) by extensions ['ignore', 'ignore_ament_install']
[1.437s] Level 1:colcon.colcon_core.package_identification:_identify(src/esibot_bringup) by extension 'ignore'
[1.437s] Level 1:colcon.colcon_core.package_identification:_identify(src/esibot_bringup) by extension 'ignore_ament_install'
[1.438s] Level 1:colcon.colcon_core.package_identification:_identify(src/esibot_bringup) by extensions ['colcon_pkg']
[1.438s] Level 1:colcon.colcon_core.package_identification:_identify(src/esibot_bringup) by extension 'colcon_pkg'
[1.438s] Level 1:colcon.colcon_core.package_identification:_identify(src/esibot_bringup) by extensions ['colcon_meta']
[1.438s] Level 1:colcon.colcon_core.package_identification:_identify(src/esibot_bringup) by extension 'colcon_meta'
[1.438s] Level 1:colcon.colcon_core.package_identification:_identify(src/esibot_bringup) by extensions ['ros']
[1.438s] Level 1:colcon.colcon_core.package_identification:_identify(src/esibot_bringup) by extension 'ros'
[1.448s] DEBUG:colcon.colcon_core.package_identification:Package 'src/esibot_bringup' with type 'ros.ament_python' and name 'esibot_bringup'
[1.449s] Level 1:colcon.colcon_core.package_identification:_identify(src/esibot_camera) by extensions ['ignore', 'ignore_ament_install']
[1.450s] Level 1:colcon.colcon_core.package_identification:_identify(src/esibot_camera) by extension 'ignore'
[1.450s] Level 1:colcon.colcon_core.package_identification:_identify(src/esibot_camera) by extension 'ignore_ament_install'
[1.450s] Level 1:colcon.colcon_core.package_identification:_identify(src/esibot_camera) by extensions ['colcon_pkg']
[1.450s] Level 1:colcon.colcon_core.package_identification:_identify(src/esibot_camera) by extension 'colcon_pkg'
[1.450s] Level 1:colcon.colcon_core.package_identification:_identify(src/esibot_camera) by extensions ['colcon_meta']
[1.451s] Level 1:colcon.colcon_core.package_identification:_identify(src/esibot_camera) by extension 'colcon_meta'
[1.451s] Level 1:colcon.colcon_core.package_identification:_identify(src/esibot_camera) by extensions ['ros']
[1.451s] Level 1:colcon.colcon_core.package_identification:_identify(src/esibot_camera) by extension 'ros'
[1.455s] DEBUG:colcon.colcon_core.package_identification:Package 'src/esibot_camera' with type 'ros.ament_python' and name 'esibot_camera'
[1.455s] Level 1:colcon.colcon_core.package_identification:_identify(src/esibot_description) by extensions ['ignore', 'ignore_ament_install']
[1.456s] Level 1:colcon.colcon_core.package_identification:_identify(src/esibot_description) by extension 'ignore'
[1.456s] Level 1:colcon.colcon_core.package_identification:_identify(src/esibot_description) by extension 'ignore_ament_install'
[1.457s] Level 1:colcon.colcon_core.package_identification:_identify(src/esibot_description) by extensions ['colcon_pkg']
[1.457s] Level 1:colcon.colcon_core.package_identification:_identify(src/esibot_description) by extension 'colcon_pkg'
[1.457s] Level 1:colcon.colcon_core.package_identification:_identify(src/esibot_description) by extensions ['colcon_meta']
[1.457s] Level 1:colcon.colcon_core.package_identification:_identify(src/esibot_description) by extension 'colcon_meta'
[1.458s] Level 1:colcon.colcon_core.package_identification:_identify(src/esibot_description) by extensions ['ros']
[1.458s] Level 1:colcon.colcon_core.package_identification:_identify(src/esibot_description) by extension 'ros'
[1.458s] Level 1:colcon.colcon_core.package_identification:_identify(src/esibot_description) by extensions ['cmake', 'python']
[1.458s] Level 1:colcon.colcon_core.package_identification:_identify(src/esibot_description) by extension 'cmake'
[1.459s] Level 1:colcon.colcon_core.package_identification:_identify(src/esibot_description) by extension 'python'
[1.459s] Level 1:colcon.colcon_core.package_identification:_identify(src/esibot_description) by extensions ['python_setup_py']
[1.459s] Level 1:colcon.colcon_core.package_identification:_identify(src/esibot_description) by extension 'python_setup_py'
[1.460s] Level 1:colcon.colcon_core.package_identification:_identify(src/esibot_description/launch) by extensions ['ignore', 'ignore_ament_install']
[1.460s] Level 1:colcon.colcon_core.package_identification:_identify(src/esibot_description/launch) by extension 'ignore'
[1.460s] Level 1:colcon.colcon_core.package_identification:_identify(src/esibot_description/launch) by extension 'ignore_ament_install'
[1.461s] Level 1:colcon.colcon_core.package_identification:_identify(src/esibot_description/launch) by extensions ['colcon_pkg']
[1.461s] Level 1:colcon.colcon_core.package_identification:_identify(src/esibot_description/launch) by extension 'colcon_pkg'
[1.461s] Level 1:colcon.colcon_core.package_identification:_identify(src/esibot_description/launch) by extensions ['colcon_meta']
[1.461s] Level 1:colcon.colcon_core.package_identification:_identify(src/esibot_description/launch) by extension 'colcon_meta'
[1.461s] Level 1:colcon.colcon_core.package_identification:_identify(src/esibot_description/launch) by extensions ['ros']
[1.461s] Level 1:colcon.colcon_core.package_identification:_identify(src/esibot_description/launch) by extension 'ros'
[1.462s] Level 1:colcon.colcon_core.package_identification:_identify(src/esibot_description/launch) by extensions ['cmake', 'python']
[1.462s] Level 1:colcon.colcon_core.package_identification:_identify(src/esibot_description/launch) by extension 'cmake'
[1.462s] Level 1:colcon.colcon_core.package_identification:_identify(src/esibot_description/launch) by extension 'python'
[1.462s] Level 1:colcon.colcon_core.package_identification:_identify(src/esibot_description/launch) by extensions ['python_setup_py']
[1.462s] Level 1:colcon.colcon_core.package_identification:_identify(src/esibot_description/launch) by extension 'python_setup_py'
[1.463s] Level 1:colcon.colcon_core.package_identification:_identify(src/esibot_description/urdf) by extensions ['ignore', 'ignore_ament_install']
[1.463s] Level 1:colcon.colcon_core.package_identification:_identify(src/esibot_description/urdf) by extension 'ignore'
[1.464s] Level 1:colcon.colcon_core.package_identification:_identify(src/esibot_description/urdf) by extension 'ignore_ament_install'
[1.464s] Level 1:colcon.colcon_core.package_identification:_identify(src/esibot_description/urdf) by extensions ['colcon_pkg']
[1.464s] Level 1:colcon.colcon_core.package_identification:_identify(src/esibot_description/urdf) by extension 'colcon_pkg'
[1.464s] Level 1:colcon.colcon_core.package_identification:_identify(src/esibot_description/urdf) by extensions ['colcon_meta']
[1.464s] Level 1:colcon.colcon_core.package_identification:_identify(src/esibot_description/urdf) by extension 'colcon_meta'
[1.465s] Level 1:colcon.colcon_core.package_identification:_identify(src/esibot_description/urdf) by extensions ['ros']
[1.465s] Level 1:colcon.colcon_core.package_identification:_identify(src/esibot_description/urdf) by extension 'ros'
[1.465s] Level 1:colcon.colcon_core.package_identification:_identify(src/esibot_description/urdf) by extensions ['cmake', 'python']
[1.465s] Level 1:colcon.colcon_core.package_identification:_identify(src/esibot_description/urdf) by extension 'cmake'
[1.466s] Level 1:colcon.colcon_core.package_identification:_identify(src/esibot_description/urdf) by extension 'python'
[1.466s] Level 1:colcon.colcon_core.package_identification:_identify(src/esibot_description/urdf) by extensions ['python_setup_py']
[1.466s] Level 1:colcon.colcon_core.package_identification:_identify(src/esibot_description/urdf) by extension 'python_setup_py'
[1.466s] Level 1:colcon.colcon_core.package_identification:_identify(src/esibot_sensor) by extensions ['ignore', 'ignore_ament_install']
[1.467s] Level 1:colcon.colcon_core.package_identification:_identify(src/esibot_sensor) by extension 'ignore'
[1.467s] Level 1:colcon.colcon_core.package_identification:_identify(src/esibot_sensor) by extension 'ignore_ament_install'
[1.467s] Level 1:colcon.colcon_core.package_identification:_identify(src/esibot_sensor) by extensions ['colcon_pkg']
[1.467s] Level 1:colcon.colcon_core.package_identification:_identify(src/esibot_sensor) by extension 'colcon_pkg'
[1.468s] Level 1:colcon.colcon_core.package_identification:_identify(src/esibot_sensor) by extensions ['colcon_meta']
[1.468s] Level 1:colcon.colcon_core.package_identification:_identify(src/esibot_sensor) by extension 'colcon_meta'
[1.468s] Level 1:colcon.colcon_core.package_identification:_identify(src/esibot_sensor) by extensions ['ros']
[1.468s] Level 1:colcon.colcon_core.package_identification:_identify(src/esibot_sensor) by extension 'ros'
[1.471s] DEBUG:colcon.colcon_core.package_identification:Package 'src/esibot_sensor' with type 'ros.ament_python' and name 'esibot_sensor'
[1.471s] Level 1:colcon.colcon_core.package_identification:_identify(src/esibot_ui) by extensions ['ignore', 'ignore_ament_install']
[1.472s] Level 1:colcon.colcon_core.package_identification:_identify(src/esibot_ui) by extension 'ignore'
[1.472s] Level 1:colcon.colcon_core.package_identification:_identify(src/esibot_ui) by extension 'ignore_ament_install'
[1.472s] Level 1:colcon.colcon_core.package_identification:_identify(src/esibot_ui) by extensions ['colcon_pkg']
[1.472s] Level 1:colcon.colcon_core.package_identification:_identify(src/esibot_ui) by extension 'colcon_pkg'
[1.473s] Level 1:colcon.colcon_core.package_identification:_identify(src/esibot_ui) by extensions ['colcon_meta']
[1.473s] Level 1:colcon.colcon_core.package_identification:_identify(src/esibot_ui) by extension 'colcon_meta'
[1.473s] Level 1:colcon.colcon_core.package_identification:_identify(src/esibot_ui) by extensions ['ros']
[1.473s] Level 1:colcon.colcon_core.package_identification:_identify(src/esibot_ui) by extension 'ros'
[1.474s] Level 1:colcon.colcon_core.package_identification:_identify(src/esibot_ui) by extensions ['cmake', 'python']
[1.474s] Level 1:colcon.colcon_core.package_identification:_identify(src/esibot_ui) by extension 'cmake'
[1.474s] Level 1:colcon.colcon_core.package_identification:_identify(src/esibot_ui) by extension 'python'
[1.474s] Level 1:colcon.colcon_core.package_identification:_identify(src/esibot_ui) by extensions ['python_setup_py']
[1.474s] Level 1:colcon.colcon_core.package_identification:_identify(src/esibot_ui) by extension 'python_setup_py'
[1.475s] Level 1:colcon.colcon_core.package_identification:_identify(src/esibot_ui/esibot_ui) by extensions ['ignore', 'ignore_ament_install']
[1.475s] Level 1:colcon.colcon_core.package_identification:_identify(src/esibot_ui/esibot_ui) by extension 'ignore'
[1.476s] Level 1:colcon.colcon_core.package_identification:_identify(src/esibot_ui/esibot_ui) by extension 'ignore_ament_install'
[1.476s] Level 1:colcon.colcon_core.package_identification:_identify(src/esibot_ui/esibot_ui) by extensions ['colcon_pkg']
[1.476s] Level 1:colcon.colcon_core.package_identification:_identify(src/esibot_ui/esibot_ui) by extension 'colcon_pkg'
[1.476s] Level 1:colcon.colcon_core.package_identification:_identify(src/esibot_ui/esibot_ui) by extensions ['colcon_meta']
[1.476s] Level 1:colcon.colcon_core.package_identification:_identify(src/esibot_ui/esibot_ui) by extension 'colcon_meta'
[1.477s] Level 1:colcon.colcon_core.package_identification:_identify(src/esibot_ui/esibot_ui) by extensions ['ros']
[1.477s] Level 1:colcon.colcon_core.package_identification:_identify(src/esibot_ui/esibot_ui) by extension 'ros'
[1.477s] Level 1:colcon.colcon_core.package_identification:_identify(src/esibot_ui/esibot_ui) by extensions ['cmake', 'python']
[1.477s] Level 1:colcon.colcon_core.package_identification:_identify(src/esibot_ui/esibot_ui) by extension 'cmake'
[1.478s] Level 1:colcon.colcon_core.package_identification:_identify(src/esibot_ui/esibot_ui) by extension 'python'
[1.478s] Level 1:colcon.colcon_core.package_identification:_identify(src/esibot_ui/esibot_ui) by extensions ['python_setup_py']
[1.478s] Level 1:colcon.colcon_core.package_identification:_identify(src/esibot_ui/esibot_ui) by extension 'python_setup_py'
[1.478s] Level 1:colcon.colcon_core.package_identification:_identify(src/esibot_vision) by extensions ['ignore', 'ignore_ament_install']
[1.479s] Level 1:colcon.colcon_core.package_identification:_identify(src/esibot_vision) by extension 'ignore'
[1.479s] Level 1:colcon.colcon_core.package_identification:_identify(src/esibot_vision) by extension 'ignore_ament_install'
[1.479s] Level 1:colcon.colcon_core.package_identification:_identify(src/esibot_vision) by extensions ['colcon_pkg']
[1.479s] Level 1:colcon.colcon_core.package_identification:_identify(src/esibot_vision) by extension 'colcon_pkg'
[1.480s] Level 1:colcon.colcon_core.package_identification:_identify(src/esibot_vision) by extensions ['colcon_meta']
[1.480s] Level 1:colcon.colcon_core.package_identification:_identify(src/esibot_vision) by extension 'colcon_meta'
[1.480s] Level 1:colcon.colcon_core.package_identification:_identify(src/esibot_vision) by extensions ['ros']
[1.480s] Level 1:colcon.colcon_core.package_identification:_identify(src/esibot_vision) by extension 'ros'
[1.481s] Level 1:colcon.colcon_core.package_identification:_identify(src/esibot_vision) by extensions ['cmake', 'python']
[1.481s] Level 1:colcon.colcon_core.package_identification:_identify(src/esibot_vision) by extension 'cmake'
[1.481s] Level 1:colcon.colcon_core.package_identification:_identify(src/esibot_vision) by extension 'python'
[1.481s] Level 1:colcon.colcon_core.package_identification:_identify(src/esibot_vision) by extensions ['python_setup_py']
[1.481s] Level 1:colcon.colcon_core.package_identification:_identify(src/esibot_vision) by extension 'python_setup_py'
[1.482s] Level 1:colcon.colcon_core.package_identification:_identify(src/esibot_vision/esibot_vision) by extensions ['ignore', 'ignore_ament_install']
[1.482s] Level 1:colcon.colcon_core.package_identification:_identify(src/esibot_vision/esibot_vision) by extension 'ignore'
[1.482s] Level 1:colcon.colcon_core.package_identification:_identify(src/esibot_vision/esibot_vision) by extension 'ignore_ament_install'
[1.482s] Level 1:colcon.colcon_core.package_identification:_identify(src/esibot_vision/esibot_vision) by extensions ['colcon_pkg']
[1.483s] Level 1:colcon.colcon_core.package_identification:_identify(src/esibot_vision/esibot_vision) by extension 'colcon_pkg'
[1.483s] Level 1:colcon.colcon_core.package_identification:_identify(src/esibot_vision/esibot_vision) by extensions ['colcon_meta']
[1.483s] Level 1:colcon.colcon_core.package_identification:_identify(src/esibot_vision/esibot_vision) by extension 'colcon_meta'
[1.483s] Level 1:colcon.colcon_core.package_identification:_identify(src/esibot_vision/esibot_vision) by extensions ['ros']
[1.483s] Level 1:colcon.colcon_core.package_identification:_identify(src/esibot_vision/esibot_vision) by extension 'ros'
[1.484s] Level 1:colcon.colcon_core.package_identification:_identify(src/esibot_vision/esibot_vision) by extensions ['cmake', 'python']
[1.484s] Level 1:colcon.colcon_core.package_identification:_identify(src/esibot_vision/esibot_vision) by extension 'cmake'
[1.484s] Level 1:colcon.colcon_core.package_identification:_identify(src/esibot_vision/esibot_vision) by extension 'python'
[1.484s] Level 1:colcon.colcon_core.package_identification:_identify(src/esibot_vision/esibot_vision) by extensions ['python_setup_py']
[1.484s] Level 1:colcon.colcon_core.package_identification:_identify(src/esibot_vision/esibot_vision) by extension 'python_setup_py'
[1.485s] Level 1:colcon.colcon_core.package_identification:_identify(src/esibot_vision/launch) by extensions ['ignore', 'ignore_ament_install']
[1.485s] Level 1:colcon.colcon_core.package_identification:_identify(src/esibot_vision/launch) by extension 'ignore'
[1.486s] Level 1:colcon.colcon_core.package_identification:_identify(src/esibot_vision/launch) by extension 'ignore_ament_install'
[1.486s] Level 1:colcon.colcon_core.package_identification:_identify(src/esibot_vision/launch) by extensions ['colcon_pkg']
[1.486s] Level 1:colcon.colcon_core.package_identification:_identify(src/esibot_vision/launch) by extension 'colcon_pkg'
[1.486s] Level 1:colcon.colcon_core.package_identification:_identify(src/esibot_vision/launch) by extensions ['colcon_meta']
[1.486s] Level 1:colcon.colcon_core.package_identification:_identify(src/esibot_vision/launch) by extension 'colcon_meta'
[1.487s] Level 1:colcon.colcon_core.package_identification:_identify(src/esibot_vision/launch) by extensions ['ros']
[1.487s] Level 1:colcon.colcon_core.package_identification:_identify(src/esibot_vision/launch) by extension 'ros'
[1.487s] Level 1:colcon.colcon_core.package_identification:_identify(src/esibot_vision/launch) by extensions ['cmake', 'python']
[1.487s] Level 1:colcon.colcon_core.package_identification:_identify(src/esibot_vision/launch) by extension 'cmake'
[1.487s] Level 1:colcon.colcon_core.package_identification:_identify(src/esibot_vision/launch) by extension 'python'
[1.488s] Level 1:colcon.colcon_core.package_identification:_identify(src/esibot_vision/launch) by extensions ['python_setup_py']
[1.488s] Level 1:colcon.colcon_core.package_identification:_identify(src/esibot_vision/launch) by extension 'python_setup_py'
[1.488s] Level 1:colcon.colcon_core.package_discovery:discover_packages(recursive) using defaults
[1.488s] Level 1:colcon.colcon_core.package_discovery:discover_packages(ignore) discover
[1.488s] Level 1:colcon.colcon_core.package_discovery:discover_packages(ignore) using defaults
[1.488s] Level 1:colcon.colcon_core.package_discovery:discover_packages(path) discover
[1.489s] Level 1:colcon.colcon_core.package_discovery:discover_packages(path) using defaults
[1.610s] INFO:colcon.colcon_core.package_selection:Skipping not selected package 'esibot_camera' in 'src/esibot_camera'
[1.610s] INFO:colcon.colcon_core.package_selection:Skipping not selected package 'esibot_sensor' in 'src/esibot_sensor'
[1.612s] Level 1:colcon.colcon_core.package_discovery:discover_packages(prefix_path) check parameters
[1.612s] Level 1:colcon.colcon_core.package_discovery:discover_packages(prefix_path) discover
[1.622s] DEBUG:colcon.colcon_installed_package_information.package_discovery:Found 2 installed packages in /home/user/esibot_ws/install
[1.631s] DEBUG:colcon.colcon_installed_package_information.package_discovery:Found 285 installed packages in /opt/ros/humble
[1.638s] Level 1:colcon.colcon_core.package_discovery:discover_packages(prefix_path) using defaults
[1.811s] Level 5:colcon.colcon_core.verb:set package 'esibot_bringup' build argument 'cmake_args' from command line to 'None'
[1.812s] Level 5:colcon.colcon_core.verb:set package 'esibot_bringup' build argument 'cmake_target' from command line to 'None'
[1.812s] Level 5:colcon.colcon_core.verb:set package 'esibot_bringup' build argument 'cmake_target_skip_unavailable' from command line to 'False'
[1.812s] Level 5:colcon.colcon_core.verb:set package 'esibot_bringup' build argument 'cmake_clean_cache' from command line to 'False'
[1.812s] Level 5:colcon.colcon_core.verb:set package 'esibot_bringup' build argument 'cmake_clean_first' from command line to 'False'
[1.812s] Level 5:colcon.colcon_core.verb:set package 'esibot_bringup' build argument 'cmake_force_configure' from command line to 'False'
[1.812s] Level 5:colcon.colcon_core.verb:set package 'esibot_bringup' build argument 'ament_cmake_args' from command line to 'None'
[1.812s] Level 5:colcon.colcon_core.verb:set package 'esibot_bringup' build argument 'catkin_cmake_args' from command line to 'None'
[1.812s] Level 5:colcon.colcon_core.verb:set package 'esibot_bringup' build argument 'catkin_skip_building_tests' from command line to 'False'
[1.813s] DEBUG:colcon.colcon_core.verb:Building package 'esibot_bringup' with the following arguments: {'ament_cmake_args': None, 'build_base': '/home/user/esibot_ws/build/esibot_bringup', 'catkin_cmake_args': None, 'catkin_skip_building_tests': False, 'cmake_args': None, 'cmake_clean_cache': False, 'cmake_clean_first': False, 'cmake_force_configure': False, 'cmake_target': None, 'cmake_target_skip_unavailable': False, 'install_base': '/home/user/esibot_ws/install/esibot_bringup', 'merge_install': False, 'path': '/home/user/esibot_ws/src/esibot_bringup', 'symlink_install': False, 'test_result_base': None}
[1.813s] INFO:colcon.colcon_core.executor:Executing jobs using 'parallel' executor
[1.817s] DEBUG:colcon.colcon_parallel_executor.executor.parallel:run_until_complete
[1.818s] INFO:colcon.colcon_ros.task.ament_python.build:Building ROS package in '/home/user/esibot_ws/src/esibot_bringup' with build type 'ament_python'
[1.818s] Level 1:colcon.colcon_core.shell:create_environment_hook('esibot_bringup', 'ament_prefix_path')
[1.828s] INFO:colcon.colcon_core.plugin_system:Skipping extension 'colcon_core.shell.bat': Not used on non-Windows systems
[1.829s] INFO:colcon.colcon_core.shell:Creating environment hook '/home/user/esibot_ws/install/esibot_bringup/share/esibot_bringup/hook/ament_prefix_path.ps1'
[1.833s] INFO:colcon.colcon_core.shell:Creating environment descriptor '/home/user/esibot_ws/install/esibot_bringup/share/esibot_bringup/hook/ament_prefix_path.dsv'
[1.835s] INFO:colcon.colcon_core.shell:Creating environment hook '/home/user/esibot_ws/install/esibot_bringup/share/esibot_bringup/hook/ament_prefix_path.sh'
[1.840s] INFO:colcon.colcon_core.shell:Skip shell extension 'powershell' for command environment: Not usable outside of PowerShell
[1.840s] DEBUG:colcon.colcon_core.shell:Skip shell extension 'dsv' for command environment
[3.194s] INFO:colcon.colcon_core.task.python.build:Building Python package in '/home/user/esibot_ws/src/esibot_bringup'
[3.196s] INFO:colcon.colcon_core.shell:Skip shell extension 'powershell' for command environment: Not usable outside of PowerShell
[3.196s] DEBUG:colcon.colcon_core.shell:Skip shell extension 'dsv' for command environment
[5.036s] DEBUG:colcon.colcon_core.event_handler.log_command:Invoking command in '/home/user/esibot_ws/src/esibot_bringup': PYTHONPATH=/home/user/esibot_ws/build/esibot_bringup/prefix_override:/usr/lib/python3/dist-packages/colcon_core/task/python/colcon_distutils_commands:/home/user/esibot_ws/install/esibot_bringup/lib/python3.10/site-packages:${PYTHONPATH} /usr/bin/python3 -W ignore:setup.py install is deprecated -W ignore:easy_install command is deprecated setup.py egg_info --egg-base ../../build/esibot_bringup build --build-base /home/user/esibot_ws/build/esibot_bringup/build install --record /home/user/esibot_ws/build/esibot_bringup/install.log --single-version-externally-managed install_data
[6.595s] DEBUG:colcon.colcon_core.event_handler.log_command:Invoked command in '/home/user/esibot_ws/src/esibot_bringup' returned '0': PYTHONPATH=/home/user/esibot_ws/build/esibot_bringup/prefix_override:/usr/lib/python3/dist-packages/colcon_core/task/python/colcon_distutils_commands:/home/user/esibot_ws/install/esibot_bringup/lib/python3.10/site-packages:${PYTHONPATH} /usr/bin/python3 -W ignore:setup.py install is deprecated -W ignore:easy_install command is deprecated setup.py egg_info --egg-base ../../build/esibot_bringup build --build-base /home/user/esibot_ws/build/esibot_bringup/build install --record /home/user/esibot_ws/build/esibot_bringup/install.log --single-version-externally-managed install_data
[6.605s] Level 1:colcon.colcon_core.environment:checking '/home/user/esibot_ws/install/esibot_bringup' for CMake module files
[6.608s] Level 1:colcon.colcon_core.environment:checking '/home/user/esibot_ws/install/esibot_bringup' for CMake config files
[6.613s] Level 1:colcon.colcon_core.environment:checking '/home/user/esibot_ws/install/esibot_bringup/lib'
[6.613s] Level 1:colcon.colcon_core.environment:checking '/home/user/esibot_ws/install/esibot_bringup/bin'
[6.614s] Level 1:colcon.colcon_core.environment:checking '/home/user/esibot_ws/install/esibot_bringup/lib/pkgconfig/esibot_bringup.pc'
[6.615s] Level 1:colcon.colcon_core.environment:checking '/home/user/esibot_ws/install/esibot_bringup/lib/python3.10/site-packages'
[6.615s] Level 1:colcon.colcon_core.shell:create_environment_hook('esibot_bringup', 'pythonpath')
[6.616s] INFO:colcon.colcon_core.shell:Creating environment hook '/home/user/esibot_ws/install/esibot_bringup/share/esibot_bringup/hook/pythonpath.ps1'
[6.618s] INFO:colcon.colcon_core.shell:Creating environment descriptor '/home/user/esibot_ws/install/esibot_bringup/share/esibot_bringup/hook/pythonpath.dsv'
[6.620s] INFO:colcon.colcon_core.shell:Creating environment hook '/home/user/esibot_ws/install/esibot_bringup/share/esibot_bringup/hook/pythonpath.sh'
[6.623s] Level 1:colcon.colcon_core.environment:checking '/home/user/esibot_ws/install/esibot_bringup/bin'
[6.624s] Level 1:colcon.colcon_core.environment:create_environment_scripts_only(esibot_bringup)
[6.625s] INFO:colcon.colcon_core.shell:Creating package script '/home/user/esibot_ws/install/esibot_bringup/share/esibot_bringup/package.ps1'
[6.629s] INFO:colcon.colcon_core.shell:Creating package descriptor '/home/user/esibot_ws/install/esibot_bringup/share/esibot_bringup/package.dsv'
[6.631s] INFO:colcon.colcon_core.shell:Creating package script '/home/user/esibot_ws/install/esibot_bringup/share/esibot_bringup/package.sh'
[6.635s] INFO:colcon.colcon_core.shell:Creating package script '/home/user/esibot_ws/install/esibot_bringup/share/esibot_bringup/package.bash'
[6.638s] INFO:colcon.colcon_core.shell:Creating package script '/home/user/esibot_ws/install/esibot_bringup/share/esibot_bringup/package.zsh'
[6.642s] Level 1:colcon.colcon_core.environment:create_file_with_runtime_dependencies(/home/user/esibot_ws/install/esibot_bringup/share/colcon-core/packages/esibot_bringup)
[6.644s] DEBUG:colcon.colcon_parallel_executor.executor.parallel:closing loop
[6.645s] DEBUG:colcon.colcon_parallel_executor.executor.parallel:loop closed
[6.646s] DEBUG:colcon.colcon_parallel_executor.executor.parallel:run_until_complete finished with '0'
[6.646s] DEBUG:colcon.colcon_core.event_reactor:joining thread
[6.668s] INFO:colcon.colcon_core.plugin_system:Skipping extension 'colcon_notification.desktop_notification.terminal_notifier': Not used on non-Darwin systems
[6.669s] INFO:colcon.colcon_core.plugin_system:Skipping extension 'colcon_notification.desktop_notification.win32': Not used on non-Windows systems
[6.669s] INFO:colcon.colcon_notification.desktop_notification:Sending desktop notification using 'notify2'
[31.696s] DEBUG:colcon.colcon_notification.desktop_notification.notify2:Failed to initialize notify2: org.freedesktop.DBus.Error.NoReply: Did not receive a reply. Possible causes include: the remote application did not send a reply, the message bus security policy blocked the reply, the reply timeout expired, or the network connection was broken.
[31.697s] DEBUG:colcon.colcon_core.event_reactor:joined thread
[31.699s] INFO:colcon.colcon_core.shell:Creating prefix script '/home/user/esibot_ws/install/local_setup.ps1'
[31.707s] INFO:colcon.colcon_core.shell:Creating prefix util module '/home/user/esibot_ws/install/_local_setup_util_ps1.py'
[31.714s] INFO:colcon.colcon_core.shell:Creating prefix chain script '/home/user/esibot_ws/install/setup.ps1'
[31.719s] INFO:colcon.colcon_core.shell:Creating prefix script '/home/user/esibot_ws/install/local_setup.sh'
[31.722s] INFO:colcon.colcon_core.shell:Creating prefix util module '/home/user/esibot_ws/install/_local_setup_util_sh.py'
[31.725s] INFO:colcon.colcon_core.shell:Creating prefix chain script '/home/user/esibot_ws/install/setup.sh'
[31.730s] INFO:colcon.colcon_core.shell:Creating prefix script '/home/user/esibot_ws/install/local_setup.bash'
[31.733s] INFO:colcon.colcon_core.shell:Creating prefix chain script '/home/user/esibot_ws/install/setup.bash'
[31.738s] INFO:colcon.colcon_core.shell:Creating prefix script '/home/user/esibot_ws/install/local_setup.zsh'
[31.740s] INFO:colcon.colcon_core.shell:Creating prefix chain script '/home/user/esibot_ws/install/setup.zsh'
