[0.682s] Invoking command in '/home/idrisg/iot-project/IoT_Projct/esibot_ws/build/esibot_sensors': DEBUGINFOD_URLS=https://debuginfod.ubuntu.com PYTHONPATH=/home/idrisg/iot-project/IoT_Projct/esibot_ws/build/esibot_sensors/prefix_override:/usr/lib/python3/dist-packages/colcon_core/task/python/colcon_distutils_commands:/home/idrisg/iot-project/IoT_Projct/esibot_ws/install/esibot_sensors/lib/python3.10/site-packages:${PYTHONPATH} /usr/bin/python3 -W ignore:setup.py install is deprecated -W ignore:easy_install command is deprecated setup.py develop --editable --build-directory /home/idrisg/iot-project/IoT_Projct/esibot_ws/build/esibot_sensors/build --no-deps symlink_data --force
[0.884s] running develop
[0.999s] running egg_info
[0.999s] writing esibot_sensors.egg-info/PKG-INFO
[1.000s] writing dependency_links to esibot_sensors.egg-info/dependency_links.txt
[1.001s] writing entry points to esibot_sensors.egg-info/entry_points.txt
[1.001s] writing requirements to esibot_sensors.egg-info/requires.txt
[1.001s] writing top-level names to esibot_sensors.egg-info/top_level.txt
[1.002s] reading manifest file 'esibot_sensors.egg-info/SOURCES.txt'
[1.005s] writing manifest file 'esibot_sensors.egg-info/SOURCES.txt'
[1.007s] running build_ext
[1.007s] Creating /home/idrisg/iot-project/IoT_Projct/esibot_ws/install/esibot_sensors/lib/python3.10/site-packages/esibot-sensors.egg-link (link to .)
[1.009s] Installing radar_node script to /home/idrisg/iot-project/IoT_Projct/esibot_ws/install/esibot_sensors/lib/esibot_sensors
[1.010s] 
[1.010s] Installed /home/idrisg/iot-project/IoT_Projct/esibot_ws/build/esibot_sensors
[1.010s] running symlink_data
[1.010s] symbolically linking /home/idrisg/iot-project/IoT_Projct/esibot_ws/build/esibot_sensors/resource/esibot_sensors -> /home/idrisg/iot-project/IoT_Projct/esibot_ws/install/esibot_sensors/share/ament_index/resource_index/packages
[1.010s] symbolically linking /home/idrisg/iot-project/IoT_Projct/esibot_ws/build/esibot_sensors/package.xml -> /home/idrisg/iot-project/IoT_Projct/esibot_ws/install/esibot_sensors/share/esibot_sensors
[1.010s] symbolically linking /home/idrisg/iot-project/IoT_Projct/esibot_ws/build/esibot_sensors/launch/radar.launch.py -> /home/idrisg/iot-project/IoT_Projct/esibot_ws/install/esibot_sensors/share/esibot_sensors/launch
[1.010s] symbolically linking /home/idrisg/iot-project/IoT_Projct/esibot_ws/build/esibot_sensors/config/radar_params.yaml -> /home/idrisg/iot-project/IoT_Projct/esibot_ws/install/esibot_sensors/share/esibot_sensors/config
[1.010s] error: [Errno 2] No such file or directory: '/home/idrisg/iot-project/IoT_Projct/esibot_ws/install/esibot_sensors/share/esibot_sensors/config/config.rviz'
[1.036s] Invoked command in '/home/idrisg/iot-project/IoT_Projct/esibot_ws/build/esibot_sensors' returned '1': DEBUGINFOD_URLS=https://debuginfod.ubuntu.com PYTHONPATH=/home/idrisg/iot-project/IoT_Projct/esibot_ws/build/esibot_sensors/prefix_override:/usr/lib/python3/dist-packages/colcon_core/task/python/colcon_distutils_commands:/home/idrisg/iot-project/IoT_Projct/esibot_ws/install/esibot_sensors/lib/python3.10/site-packages:${PYTHONPATH} /usr/bin/python3 -W ignore:setup.py install is deprecated -W ignore:easy_install command is deprecated setup.py develop --editable --build-directory /home/idrisg/iot-project/IoT_Projct/esibot_ws/build/esibot_sensors/build --no-deps symlink_data --force
