[2.902s] Invoking command in '/home/user/esibot_ws/src/esibot_sensor': PYTHONPATH=/home/user/esibot_ws/build/esibot_sensor/prefix_override:/usr/lib/python3/dist-packages/colcon_core/task/python/colcon_distutils_commands:/home/user/esibot_ws/install/esibot_sensor/lib/python3.10/site-packages:${PYTHONPATH} /usr/bin/python3 -W ignore:setup.py install is deprecated -W ignore:easy_install command is deprecated setup.py egg_info --egg-base ../../build/esibot_sensor build --build-base /home/user/esibot_ws/build/esibot_sensor/build install --record /home/user/esibot_ws/build/esibot_sensor/install.log --single-version-externally-managed install_data
[4.029s] running egg_info
[4.032s] writing ../../build/esibot_sensor/esibot_sensor.egg-info/PKG-INFO
[4.033s] writing dependency_links to ../../build/esibot_sensor/esibot_sensor.egg-info/dependency_links.txt
[4.034s] writing entry points to ../../build/esibot_sensor/esibot_sensor.egg-info/entry_points.txt
[4.035s] writing requirements to ../../build/esibot_sensor/esibot_sensor.egg-info/requires.txt
[4.036s] writing top-level names to ../../build/esibot_sensor/esibot_sensor.egg-info/top_level.txt
[4.043s] reading manifest file '../../build/esibot_sensor/esibot_sensor.egg-info/SOURCES.txt'
[4.047s] writing manifest file '../../build/esibot_sensor/esibot_sensor.egg-info/SOURCES.txt'
[4.048s] running build
[4.048s] running build_py
[4.049s] copying esibot_sensor/radar_node.py -> /home/user/esibot_ws/build/esibot_sensor/build/lib/esibot_sensor
[4.050s] running install
[4.052s] running install_lib
[4.055s] copying /home/user/esibot_ws/build/esibot_sensor/build/lib/esibot_sensor/radar_node.py -> /home/user/esibot_ws/install/esibot_sensor/lib/python3.10/site-packages/esibot_sensor
[4.058s] byte-compiling /home/user/esibot_ws/install/esibot_sensor/lib/python3.10/site-packages/esibot_sensor/radar_node.py to radar_node.cpython-310.pyc
[4.077s] running install_data
[4.078s] running install_egg_info
[4.084s] removing '/home/user/esibot_ws/install/esibot_sensor/lib/python3.10/site-packages/esibot_sensor-0.0.0-py3.10.egg-info' (and everything under it)
[4.086s] Copying ../../build/esibot_sensor/esibot_sensor.egg-info to /home/user/esibot_ws/install/esibot_sensor/lib/python3.10/site-packages/esibot_sensor-0.0.0-py3.10.egg-info
[4.091s] running install_scripts
[4.166s] Installing radar_node script to /home/user/esibot_ws/install/esibot_sensor/lib/esibot_sensor
[4.168s] writing list of installed files to '/home/user/esibot_ws/build/esibot_sensor/install.log'
[4.290s] Invoked command in '/home/user/esibot_ws/src/esibot_sensor' returned '0': PYTHONPATH=/home/user/esibot_ws/build/esibot_sensor/prefix_override:/usr/lib/python3/dist-packages/colcon_core/task/python/colcon_distutils_commands:/home/user/esibot_ws/install/esibot_sensor/lib/python3.10/site-packages:${PYTHONPATH} /usr/bin/python3 -W ignore:setup.py install is deprecated -W ignore:easy_install command is deprecated setup.py egg_info --egg-base ../../build/esibot_sensor build --build-base /home/user/esibot_ws/build/esibot_sensor/build install --record /home/user/esibot_ws/build/esibot_sensor/install.log --single-version-externally-managed install_data
