running egg_info
writing ../../build/esibot_sensor/esibot_sensor.egg-info/PKG-INFO
writing dependency_links to ../../build/esibot_sensor/esibot_sensor.egg-info/dependency_links.txt
writing entry points to ../../build/esibot_sensor/esibot_sensor.egg-info/entry_points.txt
writing requirements to ../../build/esibot_sensor/esibot_sensor.egg-info/requires.txt
writing top-level names to ../../build/esibot_sensor/esibot_sensor.egg-info/top_level.txt
reading manifest file '../../build/esibot_sensor/esibot_sensor.egg-info/SOURCES.txt'
writing manifest file '../../build/esibot_sensor/esibot_sensor.egg-info/SOURCES.txt'
running build
running build_py
copying esibot_sensor/radar_node.py -> /home/user/esibot_ws/build/esibot_sensor/build/lib/esibot_sensor
copying esibot_sensor/radar_node_360.py -> /home/user/esibot_ws/build/esibot_sensor/build/lib/esibot_sensor
running install
running install_lib
copying /home/user/esibot_ws/build/esibot_sensor/build/lib/esibot_sensor/radar_node.py -> /home/user/esibot_ws/install/esibot_sensor/lib/python3.10/site-packages/esibot_sensor
copying /home/user/esibot_ws/build/esibot_sensor/build/lib/esibot_sensor/radar_node_360.py -> /home/user/esibot_ws/install/esibot_sensor/lib/python3.10/site-packages/esibot_sensor
byte-compiling /home/user/esibot_ws/install/esibot_sensor/lib/python3.10/site-packages/esibot_sensor/radar_node.py to radar_node.cpython-310.pyc
byte-compiling /home/user/esibot_ws/install/esibot_sensor/lib/python3.10/site-packages/esibot_sensor/radar_node_360.py to radar_node_360.cpython-310.pyc
running install_data
running install_egg_info
removing '/home/user/esibot_ws/install/esibot_sensor/lib/python3.10/site-packages/esibot_sensor-0.0.0-py3.10.egg-info' (and everything under it)
Copying ../../build/esibot_sensor/esibot_sensor.egg-info to /home/user/esibot_ws/install/esibot_sensor/lib/python3.10/site-packages/esibot_sensor-0.0.0-py3.10.egg-info
running install_scripts
Installing radar_node script to /home/user/esibot_ws/install/esibot_sensor/lib/esibot_sensor
writing list of installed files to '/home/user/esibot_ws/build/esibot_sensor/install.log'
