[3.164s] Invoking command in '/home/user/esibot_ws/src/esibot_bringup': PYTHONPATH=/home/user/esibot_ws/build/esibot_bringup/prefix_override:/usr/lib/python3/dist-packages/colcon_core/task/python/colcon_distutils_commands:/home/user/esibot_ws/install/esibot_bringup/lib/python3.10/site-packages:${PYTHONPATH} /usr/bin/python3 -W ignore:setup.py install is deprecated -W ignore:easy_install command is deprecated setup.py egg_info --egg-base ../../build/esibot_bringup build --build-base /home/user/esibot_ws/build/esibot_bringup/build install --record /home/user/esibot_ws/build/esibot_bringup/install.log --single-version-externally-managed install_data
[4.399s] running egg_info
[4.402s] writing ../../build/esibot_bringup/esibot_bringup.egg-info/PKG-INFO
[4.404s] writing dependency_links to ../../build/esibot_bringup/esibot_bringup.egg-info/dependency_links.txt
[4.405s] writing entry points to ../../build/esibot_bringup/esibot_bringup.egg-info/entry_points.txt
[4.406s] writing requirements to ../../build/esibot_bringup/esibot_bringup.egg-info/requires.txt
[4.408s] writing top-level names to ../../build/esibot_bringup/esibot_bringup.egg-info/top_level.txt
[4.417s] reading manifest file '../../build/esibot_bringup/esibot_bringup.egg-info/SOURCES.txt'
[4.421s] writing manifest file '../../build/esibot_bringup/esibot_bringup.egg-info/SOURCES.txt'
[4.422s] running build
[4.423s] running build_py
[4.425s] running install
[4.426s] running install_lib
[4.433s] running install_data
[4.434s] running install_egg_info
[4.442s] removing '/home/user/esibot_ws/install/esibot_bringup/lib/python3.10/site-packages/esibot_bringup-0.0.1-py3.10.egg-info' (and everything under it)
[4.444s] Copying ../../build/esibot_bringup/esibot_bringup.egg-info to /home/user/esibot_ws/install/esibot_bringup/lib/python3.10/site-packages/esibot_bringup-0.0.1-py3.10.egg-info
[4.450s] running install_scripts
[4.529s] Installing esibot_driver script to /home/user/esibot_ws/install/esibot_bringup/lib/esibot_bringup
[4.531s] writing list of installed files to '/home/user/esibot_ws/build/esibot_bringup/install.log'
[4.659s] Invoked command in '/home/user/esibot_ws/src/esibot_bringup' returned '0': PYTHONPATH=/home/user/esibot_ws/build/esibot_bringup/prefix_override:/usr/lib/python3/dist-packages/colcon_core/task/python/colcon_distutils_commands:/home/user/esibot_ws/install/esibot_bringup/lib/python3.10/site-packages:${PYTHONPATH} /usr/bin/python3 -W ignore:setup.py install is deprecated -W ignore:easy_install command is deprecated setup.py egg_info --egg-base ../../build/esibot_bringup build --build-base /home/user/esibot_ws/build/esibot_bringup/build install --record /home/user/esibot_ws/build/esibot_bringup/install.log --single-version-externally-managed install_data
