[3.014s] Invoking command in '/home/user/esibot_ws/src/esibot_camera': PYTHONPATH=/home/user/esibot_ws/src/esibot_camera/build/esibot_camera/prefix_override:/usr/lib/python3/dist-packages/colcon_core/task/python/colcon_distutils_commands:/home/user/esibot_ws/src/esibot_camera/install/esibot_camera/lib/python3.10/site-packages:${PYTHONPATH} /usr/bin/python3 -W ignore:setup.py install is deprecated -W ignore:easy_install command is deprecated setup.py egg_info --egg-base build/esibot_camera build --build-base /home/user/esibot_ws/src/esibot_camera/build/esibot_camera/build install --record /home/user/esibot_ws/src/esibot_camera/build/esibot_camera/install.log --single-version-externally-managed install_data
[4.188s] running egg_info
[4.190s] creating build/esibot_camera/esibot_camera.egg-info
[4.191s] writing build/esibot_camera/esibot_camera.egg-info/PKG-INFO
[4.192s] writing dependency_links to build/esibot_camera/esibot_camera.egg-info/dependency_links.txt
[4.192s] writing entry points to build/esibot_camera/esibot_camera.egg-info/entry_points.txt
[4.193s] writing requirements to build/esibot_camera/esibot_camera.egg-info/requires.txt
[4.193s] writing top-level names to build/esibot_camera/esibot_camera.egg-info/top_level.txt
[4.194s] writing manifest file 'build/esibot_camera/esibot_camera.egg-info/SOURCES.txt'
[4.202s] reading manifest file 'build/esibot_camera/esibot_camera.egg-info/SOURCES.txt'
[4.205s] writing manifest file 'build/esibot_camera/esibot_camera.egg-info/SOURCES.txt'
[4.206s] running build
[4.206s] running build_py
[4.207s] creating /home/user/esibot_ws/src/esibot_camera/build/esibot_camera/build
[4.208s] creating /home/user/esibot_ws/src/esibot_camera/build/esibot_camera/build/lib
[4.208s] creating /home/user/esibot_ws/src/esibot_camera/build/esibot_camera/build/lib/esibot_camera
[4.208s] copying esibot_camera/__init__.py -> /home/user/esibot_ws/src/esibot_camera/build/esibot_camera/build/lib/esibot_camera
[4.209s] copying esibot_camera/esircam_node.py -> /home/user/esibot_ws/src/esibot_camera/build/esibot_camera/build/lib/esibot_camera
[4.210s] running install
[4.211s] running install_lib
[4.214s] creating /home/user/esibot_ws/src/esibot_camera/install/esibot_camera/lib/python3.10/site-packages/esibot_camera
[4.215s] copying /home/user/esibot_ws/src/esibot_camera/build/esibot_camera/build/lib/esibot_camera/__init__.py -> /home/user/esibot_ws/src/esibot_camera/install/esibot_camera/lib/python3.10/site-packages/esibot_camera
[4.215s] copying /home/user/esibot_ws/src/esibot_camera/build/esibot_camera/build/lib/esibot_camera/esircam_node.py -> /home/user/esibot_ws/src/esibot_camera/install/esibot_camera/lib/python3.10/site-packages/esibot_camera
[4.222s] byte-compiling /home/user/esibot_ws/src/esibot_camera/install/esibot_camera/lib/python3.10/site-packages/esibot_camera/__init__.py to __init__.cpython-310.pyc
[4.224s] byte-compiling /home/user/esibot_ws/src/esibot_camera/install/esibot_camera/lib/python3.10/site-packages/esibot_camera/esircam_node.py to esircam_node.cpython-310.pyc
[4.228s] running install_data
[4.229s] creating /home/user/esibot_ws/src/esibot_camera/install/esibot_camera/share/ament_index
[4.229s] creating /home/user/esibot_ws/src/esibot_camera/install/esibot_camera/share/ament_index/resource_index
[4.230s] creating /home/user/esibot_ws/src/esibot_camera/install/esibot_camera/share/ament_index/resource_index/packages
[4.230s] copying resource/esibot_camera -> /home/user/esibot_ws/src/esibot_camera/install/esibot_camera/share/ament_index/resource_index/packages
[4.230s] copying package.xml -> /home/user/esibot_ws/src/esibot_camera/install/esibot_camera/share/esibot_camera
[4.231s] creating /home/user/esibot_ws/src/esibot_camera/install/esibot_camera/share/esibot_camera/launch
[4.231s] copying launch/esibot_camera.launch.py -> /home/user/esibot_ws/src/esibot_camera/install/esibot_camera/share/esibot_camera/launch
[4.232s] creating /home/user/esibot_ws/src/esibot_camera/install/esibot_camera/share/esibot_camera/config
[4.233s] copying config/camera_params.yaml -> /home/user/esibot_ws/src/esibot_camera/install/esibot_camera/share/esibot_camera/config
[4.233s] running install_egg_info
[4.240s] Copying build/esibot_camera/esibot_camera.egg-info to /home/user/esibot_ws/src/esibot_camera/install/esibot_camera/lib/python3.10/site-packages/esibot_camera-0.1.0-py3.10.egg-info
[4.246s] running install_scripts
[4.325s] Installing esircam_node script to /home/user/esibot_ws/src/esibot_camera/install/esibot_camera/lib/esibot_camera
[4.327s] writing list of installed files to '/home/user/esibot_ws/src/esibot_camera/build/esibot_camera/install.log'
[4.450s] Invoked command in '/home/user/esibot_ws/src/esibot_camera' returned '0': PYTHONPATH=/home/user/esibot_ws/src/esibot_camera/build/esibot_camera/prefix_override:/usr/lib/python3/dist-packages/colcon_core/task/python/colcon_distutils_commands:/home/user/esibot_ws/src/esibot_camera/install/esibot_camera/lib/python3.10/site-packages:${PYTHONPATH} /usr/bin/python3 -W ignore:setup.py install is deprecated -W ignore:easy_install command is deprecated setup.py egg_info --egg-base build/esibot_camera build --build-base /home/user/esibot_ws/src/esibot_camera/build/esibot_camera/build install --record /home/user/esibot_ws/src/esibot_camera/build/esibot_camera/install.log --single-version-externally-managed install_data
