[2.241s] [34mcolcon[0m [1;30mDEBUG[0m [32mCommand line arguments: ['/usr/bin/colcon', 'build', '--packages-select', 'esibot_sensor'][0m
[2.242s] [34mcolcon[0m [1;30mDEBUG[0m [32mParsed command line arguments: Namespace(log_base=None, log_level=None, verb_name='build', build_base='build', install_base='install', merge_install=False, symlink_install=False, test_result_base=None, continue_on_error=False, executor='parallel', parallel_workers=4, event_handlers=None, ignore_user_meta=False, metas=['./colcon.meta'], base_paths=['.'], packages_ignore=None, packages_ignore_regex=None, paths=None, packages_up_to=None, packages_up_to_regex=None, packages_above=None, packages_above_and_dependencies=None, packages_above_depth=None, packages_select_by_dep=None, packages_skip_by_dep=None, packages_skip_up_to=None, packages_select_build_failed=False, packages_skip_build_finished=False, packages_select_test_failures=False, packages_skip_test_passed=False, packages_select=['esibot_sensor'], packages_skip=None, packages_select_regex=None, packages_skip_regex=None, packages_start=None, packages_end=None, allow_overriding=[], cmake_args=None, cmake_target=None, cmake_target_skip_unavailable=False, cmake_clean_cache=False, cmake_clean_first=False, cmake_force_configure=False, ament_cmake_args=None, catkin_cmake_args=None, catkin_skip_building_tests=False, mixin_files=None, mixin=None, verb_parser=<colcon_mixin.mixin.mixin_argument.MixinArgumentDecorator object at 0xffff97ed4dc0>, verb_extension=<colcon_core.verb.build.BuildVerb object at 0xffff97ffdd20>, main=<bound method BuildVerb.main of <colcon_core.verb.build.BuildVerb object at 0xffff97ffdd20>>, mixin_verb=('build',))[0m
[4.518s] [34mcolcon.colcon_core.package_discovery[0m [1;30mLevel 1[0m discover_packages(colcon_meta) check parameters
[4.519s] [34mcolcon.colcon_core.package_discovery[0m [1;30mLevel 1[0m discover_packages(recursive) check parameters
[4.519s] [34mcolcon.colcon_core.package_discovery[0m [1;30mLevel 1[0m discover_packages(ignore) check parameters
[4.520s] [34mcolcon.colcon_core.package_discovery[0m [1;30mLevel 1[0m discover_packages(path) check parameters
[4.520s] [34mcolcon.colcon_core.package_discovery[0m [1;30mLevel 1[0m discover_packages(colcon_meta) discover
[4.521s] [34mcolcon.colcon_core.package_discovery[0m [1;30mLevel 1[0m discover_packages(recursive) discover
[4.521s] [34mcolcon.colcon_core.package_discovery[0m [1;30mINFO[0m Crawling recursively for packages in '/home/user/esibot_ws'
[4.522s] [34mcolcon.colcon_core.package_identification[0m [1;30mLevel 1[0m _identify(.) by extensions ['ignore', 'ignore_ament_install']
[4.523s] [34mcolcon.colcon_core.package_identification[0m [1;30mLevel 1[0m _identify(.) by extension 'ignore'
[4.523s] [34mcolcon.colcon_core.package_identification[0m [1;30mLevel 1[0m _identify(.) by extension 'ignore_ament_install'
[4.524s] [34mcolcon.colcon_core.package_identification[0m [1;30mLevel 1[0m _identify(.) by extensions ['colcon_pkg']
[4.524s] [34mcolcon.colcon_core.package_identification[0m [1;30mLevel 1[0m _identify(.) by extension 'colcon_pkg'
[4.524s] [34mcolcon.colcon_core.package_identification[0m [1;30mLevel 1[0m _identify(.) by extensions ['colcon_meta']
[4.524s] [34mcolcon.colcon_core.package_identification[0m [1;30mLevel 1[0m _identify(.) by extension 'colcon_meta'
[4.525s] [34mcolcon.colcon_core.package_identification[0m [1;30mLevel 1[0m _identify(.) by extensions ['ros']
[4.525s] [34mcolcon.colcon_core.package_identification[0m [1;30mLevel 1[0m _identify(.) by extension 'ros'
[4.647s] [34mcolcon.colcon_core.package_identification[0m [1;30mLevel 1[0m _identify(.) by extensions ['cmake', 'python']
[4.648s] [34mcolcon.colcon_core.package_identification[0m [1;30mLevel 1[0m _identify(.) by extension 'cmake'
[4.648s] [34mcolcon.colcon_core.package_identification[0m [1;30mLevel 1[0m _identify(.) by extension 'python'
[4.648s] [34mcolcon.colcon_core.package_identification[0m [1;30mLevel 1[0m _identify(.) by extensions ['python_setup_py']
[4.648s] [34mcolcon.colcon_core.package_identification[0m [1;30mLevel 1[0m _identify(.) by extension 'python_setup_py'
[4.649s] [34mcolcon.colcon_core.package_identification[0m [1;30mLevel 1[0m _identify(build) by extensions ['ignore', 'ignore_ament_install']
[4.650s] [34mcolcon.colcon_core.package_identification[0m [1;30mLevel 1[0m _identify(build) by extension 'ignore'
[4.650s] [34mcolcon.colcon_core.package_identification[0m [1;30mLevel 1[0m _identify(build) ignored
[4.651s] [34mcolcon.colcon_core.package_identification[0m [1;30mLevel 1[0m _identify(install) by extensions ['ignore', 'ignore_ament_install']
[4.652s] [34mcolcon.colcon_core.package_identification[0m [1;30mLevel 1[0m _identify(install) by extension 'ignore'
[4.652s] [34mcolcon.colcon_core.package_identification[0m [1;30mLevel 1[0m _identify(install) ignored
[4.653s] [34mcolcon.colcon_core.package_identification[0m [1;30mLevel 1[0m _identify(log) by extensions ['ignore', 'ignore_ament_install']
[4.654s] [34mcolcon.colcon_core.package_identification[0m [1;30mLevel 1[0m _identify(log) by extension 'ignore'
[4.654s] [34mcolcon.colcon_core.package_identification[0m [1;30mLevel 1[0m _identify(log) ignored
[4.656s] [34mcolcon.colcon_core.package_identification[0m [1;30mLevel 1[0m _identify(scripts) by extensions ['ignore', 'ignore_ament_install']
[4.656s] [34mcolcon.colcon_core.package_identification[0m [1;30mLevel 1[0m _identify(scripts) by extension 'ignore'
[4.657s] [34mcolcon.colcon_core.package_identification[0m [1;30mLevel 1[0m _identify(scripts) by extension 'ignore_ament_install'
[4.657s] [34mcolcon.colcon_core.package_identification[0m [1;30mLevel 1[0m _identify(scripts) by extensions ['colcon_pkg']
[4.657s] [34mcolcon.colcon_core.package_identification[0m [1;30mLevel 1[0m _identify(scripts) by extension 'colcon_pkg'
[4.658s] [34mcolcon.colcon_core.package_identification[0m [1;30mLevel 1[0m _identify(scripts) by extensions ['colcon_meta']
[4.658s] [34mcolcon.colcon_core.package_identification[0m [1;30mLevel 1[0m _identify(scripts) by extension 'colcon_meta'
[4.658s] [34mcolcon.colcon_core.package_identification[0m [1;30mLevel 1[0m _identify(scripts) by extensions ['ros']
[4.658s] [34mcolcon.colcon_core.package_identification[0m [1;30mLevel 1[0m _identify(scripts) by extension 'ros'
[4.659s] [34mcolcon.colcon_core.package_identification[0m [1;30mLevel 1[0m _identify(scripts) by extensions ['cmake', 'python']
[4.659s] [34mcolcon.colcon_core.package_identification[0m [1;30mLevel 1[0m _identify(scripts) by extension 'cmake'
[4.659s] [34mcolcon.colcon_core.package_identification[0m [1;30mLevel 1[0m _identify(scripts) by extension 'python'
[4.660s] [34mcolcon.colcon_core.package_identification[0m [1;30mLevel 1[0m _identify(scripts) by extensions ['python_setup_py']
[4.660s] [34mcolcon.colcon_core.package_identification[0m [1;30mLevel 1[0m _identify(scripts) by extension 'python_setup_py'
[4.660s] [34mcolcon.colcon_core.package_identification[0m [1;30mLevel 1[0m _identify(src) by extensions ['ignore', 'ignore_ament_install']
[4.661s] [34mcolcon.colcon_core.package_identification[0m [1;30mLevel 1[0m _identify(src) by extension 'ignore'
[4.661s] [34mcolcon.colcon_core.package_identification[0m [1;30mLevel 1[0m _identify(src) by extension 'ignore_ament_install'
[4.662s] [34mcolcon.colcon_core.package_identification[0m [1;30mLevel 1[0m _identify(src) by extensions ['colcon_pkg']
[4.662s] [34mcolcon.colcon_core.package_identification[0m [1;30mLevel 1[0m _identify(src) by extension 'colcon_pkg'
[4.662s] [34mcolcon.colcon_core.package_identification[0m [1;30mLevel 1[0m _identify(src) by extensions ['colcon_meta']
[4.662s] [34mcolcon.colcon_core.package_identification[0m [1;30mLevel 1[0m _identify(src) by extension 'colcon_meta'
[4.662s] [34mcolcon.colcon_core.package_identification[0m [1;30mLevel 1[0m _identify(src) by extensions ['ros']
[4.663s] [34mcolcon.colcon_core.package_identification[0m [1;30mLevel 1[0m _identify(src) by extension 'ros'
[4.663s] [34mcolcon.colcon_core.package_identification[0m [1;30mLevel 1[0m _identify(src) by extensions ['cmake', 'python']
[4.663s] [34mcolcon.colcon_core.package_identification[0m [1;30mLevel 1[0m _identify(src) by extension 'cmake'
[4.664s] [34mcolcon.colcon_core.package_identification[0m [1;30mLevel 1[0m _identify(src) by extension 'python'
[4.664s] [34mcolcon.colcon_core.package_identification[0m [1;30mLevel 1[0m _identify(src) by extensions ['python_setup_py']
[4.664s] [34mcolcon.colcon_core.package_identification[0m [1;30mLevel 1[0m _identify(src) by extension 'python_setup_py'
[4.666s] [34mcolcon.colcon_core.package_identification[0m [1;30mLevel 1[0m _identify(src/esibot_bringup) by extensions ['ignore', 'ignore_ament_install']
[4.667s] [34mcolcon.colcon_core.package_identification[0m [1;30mLevel 1[0m _identify(src/esibot_bringup) by extension 'ignore'
[4.667s] [34mcolcon.colcon_core.package_identification[0m [1;30mLevel 1[0m _identify(src/esibot_bringup) by extension 'ignore_ament_install'
[4.667s] [34mcolcon.colcon_core.package_identification[0m [1;30mLevel 1[0m _identify(src/esibot_bringup) by extensions ['colcon_pkg']
[4.668s] [34mcolcon.colcon_core.package_identification[0m [1;30mLevel 1[0m _identify(src/esibot_bringup) by extension 'colcon_pkg'
[4.668s] [34mcolcon.colcon_core.package_identification[0m [1;30mLevel 1[0m _identify(src/esibot_bringup) by extensions ['colcon_meta']
[4.668s] [34mcolcon.colcon_core.package_identification[0m [1;30mLevel 1[0m _identify(src/esibot_bringup) by extension 'colcon_meta'
[4.669s] [34mcolcon.colcon_core.package_identification[0m [1;30mLevel 1[0m _identify(src/esibot_bringup) by extensions ['ros']
[4.669s] [34mcolcon.colcon_core.package_identification[0m [1;30mLevel 1[0m _identify(src/esibot_bringup) by extension 'ros'
[4.736s] [34mcolcon.colcon_core.package_identification[0m [1;30mDEBUG[0m [32mPackage 'src/esibot_bringup' with type 'ros.ament_python' and name 'esibot_bringup'[0m
[4.738s] [34mcolcon.colcon_core.package_identification[0m [1;30mLevel 1[0m _identify(src/esibot_camera) by extensions ['ignore', 'ignore_ament_install']
[4.739s] [34mcolcon.colcon_core.package_identification[0m [1;30mLevel 1[0m _identify(src/esibot_camera) by extension 'ignore'
[4.739s] [34mcolcon.colcon_core.package_identification[0m [1;30mLevel 1[0m _identify(src/esibot_camera) by extension 'ignore_ament_install'
[4.739s] [34mcolcon.colcon_core.package_identification[0m [1;30mLevel 1[0m _identify(src/esibot_camera) by extensions ['colcon_pkg']
[4.740s] [34mcolcon.colcon_core.package_identification[0m [1;30mLevel 1[0m _identify(src/esibot_camera) by extension 'colcon_pkg'
[4.740s] [34mcolcon.colcon_core.package_identification[0m [1;30mLevel 1[0m _identify(src/esibot_camera) by extensions ['colcon_meta']
[4.740s] [34mcolcon.colcon_core.package_identification[0m [1;30mLevel 1[0m _identify(src/esibot_camera) by extension 'colcon_meta'
[4.741s] [34mcolcon.colcon_core.package_identification[0m [1;30mLevel 1[0m _identify(src/esibot_camera) by extensions ['ros']
[4.741s] [34mcolcon.colcon_core.package_identification[0m [1;30mLevel 1[0m _identify(src/esibot_camera) by extension 'ros'
[4.749s] [34mcolcon.colcon_core.package_identification[0m [1;30mDEBUG[0m [32mPackage 'src/esibot_camera' with type 'ros.ament_python' and name 'esibot_camera'[0m
[4.751s] [34mcolcon.colcon_core.package_identification[0m [1;30mLevel 1[0m _identify(src/esibot_description) by extensions ['ignore', 'ignore_ament_install']
[4.751s] [34mcolcon.colcon_core.package_identification[0m [1;30mLevel 1[0m _identify(src/esibot_description) by extension 'ignore'
[4.751s] [34mcolcon.colcon_core.package_identification[0m [1;30mLevel 1[0m _identify(src/esibot_description) by extension 'ignore_ament_install'
[4.752s] [34mcolcon.colcon_core.package_identification[0m [1;30mLevel 1[0m _identify(src/esibot_description) by extensions ['colcon_pkg']
[4.752s] [34mcolcon.colcon_core.package_identification[0m [1;30mLevel 1[0m _identify(src/esibot_description) by extension 'colcon_pkg'
[4.752s] [34mcolcon.colcon_core.package_identification[0m [1;30mLevel 1[0m _identify(src/esibot_description) by extensions ['colcon_meta']
[4.752s] [34mcolcon.colcon_core.package_identification[0m [1;30mLevel 1[0m _identify(src/esibot_description) by extension 'colcon_meta'
[4.753s] [34mcolcon.colcon_core.package_identification[0m [1;30mLevel 1[0m _identify(src/esibot_description) by extensions ['ros']
[4.753s] [34mcolcon.colcon_core.package_identification[0m [1;30mLevel 1[0m _identify(src/esibot_description) by extension 'ros'
[4.753s] [34mcolcon.colcon_core.package_identification[0m [1;30mLevel 1[0m _identify(src/esibot_description) by extensions ['cmake', 'python']
[4.753s] [34mcolcon.colcon_core.package_identification[0m [1;30mLevel 1[0m _identify(src/esibot_description) by extension 'cmake'
[4.753s] [34mcolcon.colcon_core.package_identification[0m [1;30mLevel 1[0m _identify(src/esibot_description) by extension 'python'
[4.754s] [34mcolcon.colcon_core.package_identification[0m [1;30mLevel 1[0m _identify(src/esibot_description) by extensions ['python_setup_py']
[4.754s] [34mcolcon.colcon_core.package_identification[0m [1;30mLevel 1[0m _identify(src/esibot_description) by extension 'python_setup_py'
[4.755s] [34mcolcon.colcon_core.package_identification[0m [1;30mLevel 1[0m _identify(src/esibot_description/launch) by extensions ['ignore', 'ignore_ament_install']
[4.755s] [34mcolcon.colcon_core.package_identification[0m [1;30mLevel 1[0m _identify(src/esibot_description/launch) by extension 'ignore'
[4.756s] [34mcolcon.colcon_core.package_identification[0m [1;30mLevel 1[0m _identify(src/esibot_description/launch) by extension 'ignore_ament_install'
[4.756s] [34mcolcon.colcon_core.package_identification[0m [1;30mLevel 1[0m _identify(src/esibot_description/launch) by extensions ['colcon_pkg']
[4.757s] [34mcolcon.colcon_core.package_identification[0m [1;30mLevel 1[0m _identify(src/esibot_description/launch) by extension 'colcon_pkg'
[4.757s] [34mcolcon.colcon_core.package_identification[0m [1;30mLevel 1[0m _identify(src/esibot_description/launch) by extensions ['colcon_meta']
[4.757s] [34mcolcon.colcon_core.package_identification[0m [1;30mLevel 1[0m _identify(src/esibot_description/launch) by extension 'colcon_meta'
[4.758s] [34mcolcon.colcon_core.package_identification[0m [1;30mLevel 1[0m _identify(src/esibot_description/launch) by extensions ['ros']
[4.758s] [34mcolcon.colcon_core.package_identification[0m [1;30mLevel 1[0m _identify(src/esibot_description/launch) by extension 'ros'
[4.759s] [34mcolcon.colcon_core.package_identification[0m [1;30mLevel 1[0m _identify(src/esibot_description/launch) by extensions ['cmake', 'python']
[4.759s] [34mcolcon.colcon_core.package_identification[0m [1;30mLevel 1[0m _identify(src/esibot_description/launch) by extension 'cmake'
[4.759s] [34mcolcon.colcon_core.package_identification[0m [1;30mLevel 1[0m _identify(src/esibot_description/launch) by extension 'python'
[4.759s] [34mcolcon.colcon_core.package_identification[0m [1;30mLevel 1[0m _identify(src/esibot_description/launch) by extensions ['python_setup_py']
[4.760s] [34mcolcon.colcon_core.package_identification[0m [1;30mLevel 1[0m _identify(src/esibot_description/launch) by extension 'python_setup_py'
[4.770s] [34mcolcon.colcon_core.package_identification[0m [1;30mLevel 1[0m _identify(src/esibot_description/urdf) by extensions ['ignore', 'ignore_ament_install']
[4.770s] [34mcolcon.colcon_core.package_identification[0m [1;30mLevel 1[0m _identify(src/esibot_description/urdf) by extension 'ignore'
[4.770s] [34mcolcon.colcon_core.package_identification[0m [1;30mLevel 1[0m _identify(src/esibot_description/urdf) by extension 'ignore_ament_install'
[4.771s] [34mcolcon.colcon_core.package_identification[0m [1;30mLevel 1[0m _identify(src/esibot_description/urdf) by extensions ['colcon_pkg']
[4.771s] [34mcolcon.colcon_core.package_identification[0m [1;30mLevel 1[0m _identify(src/esibot_description/urdf) by extension 'colcon_pkg'
[4.772s] [34mcolcon.colcon_core.package_identification[0m [1;30mLevel 1[0m _identify(src/esibot_description/urdf) by extensions ['colcon_meta']
[4.772s] [34mcolcon.colcon_core.package_identification[0m [1;30mLevel 1[0m _identify(src/esibot_description/urdf) by extension 'colcon_meta'
[4.772s] [34mcolcon.colcon_core.package_identification[0m [1;30mLevel 1[0m _identify(src/esibot_description/urdf) by extensions ['ros']
[4.772s] [34mcolcon.colcon_core.package_identification[0m [1;30mLevel 1[0m _identify(src/esibot_description/urdf) by extension 'ros'
[4.773s] [34mcolcon.colcon_core.package_identification[0m [1;30mLevel 1[0m _identify(src/esibot_description/urdf) by extensions ['cmake', 'python']
[4.773s] [34mcolcon.colcon_core.package_identification[0m [1;30mLevel 1[0m _identify(src/esibot_description/urdf) by extension 'cmake'
[4.773s] [34mcolcon.colcon_core.package_identification[0m [1;30mLevel 1[0m _identify(src/esibot_description/urdf) by extension 'python'
[4.774s] [34mcolcon.colcon_core.package_identification[0m [1;30mLevel 1[0m _identify(src/esibot_description/urdf) by extensions ['python_setup_py']
[4.774s] [34mcolcon.colcon_core.package_identification[0m [1;30mLevel 1[0m _identify(src/esibot_description/urdf) by extension 'python_setup_py'
[4.775s] [34mcolcon.colcon_core.package_identification[0m [1;30mLevel 1[0m _identify(src/esibot_sensor) by extensions ['ignore', 'ignore_ament_install']
[4.775s] [34mcolcon.colcon_core.package_identification[0m [1;30mLevel 1[0m _identify(src/esibot_sensor) by extension 'ignore'
[4.775s] [34mcolcon.colcon_core.package_identification[0m [1;30mLevel 1[0m _identify(src/esibot_sensor) by extension 'ignore_ament_install'
[4.776s] [34mcolcon.colcon_core.package_identification[0m [1;30mLevel 1[0m _identify(src/esibot_sensor) by extensions ['colcon_pkg']
[4.776s] [34mcolcon.colcon_core.package_identification[0m [1;30mLevel 1[0m _identify(src/esibot_sensor) by extension 'colcon_pkg'
[4.776s] [34mcolcon.colcon_core.package_identification[0m [1;30mLevel 1[0m _identify(src/esibot_sensor) by extensions ['colcon_meta']
[4.776s] [34mcolcon.colcon_core.package_identification[0m [1;30mLevel 1[0m _identify(src/esibot_sensor) by extension 'colcon_meta'
[4.776s] [34mcolcon.colcon_core.package_identification[0m [1;30mLevel 1[0m _identify(src/esibot_sensor) by extensions ['ros']
[4.776s] [34mcolcon.colcon_core.package_identification[0m [1;30mLevel 1[0m _identify(src/esibot_sensor) by extension 'ros'
[4.781s] [34mcolcon.colcon_core.package_identification[0m [1;30mDEBUG[0m [32mPackage 'src/esibot_sensor' with type 'ros.ament_python' and name 'esibot_sensor'[0m
[4.782s] [34mcolcon.colcon_core.package_identification[0m [1;30mLevel 1[0m _identify(src/esibot_ui) by extensions ['ignore', 'ignore_ament_install']
[4.782s] [34mcolcon.colcon_core.package_identification[0m [1;30mLevel 1[0m _identify(src/esibot_ui) by extension 'ignore'
[4.783s] [34mcolcon.colcon_core.package_identification[0m [1;30mLevel 1[0m _identify(src/esibot_ui) by extension 'ignore_ament_install'
[4.783s] [34mcolcon.colcon_core.package_identification[0m [1;30mLevel 1[0m _identify(src/esibot_ui) by extensions ['colcon_pkg']
[4.783s] [34mcolcon.colcon_core.package_identification[0m [1;30mLevel 1[0m _identify(src/esibot_ui) by extension 'colcon_pkg'
[4.783s] [34mcolcon.colcon_core.package_identification[0m [1;30mLevel 1[0m _identify(src/esibot_ui) by extensions ['colcon_meta']
[4.784s] [34mcolcon.colcon_core.package_identification[0m [1;30mLevel 1[0m _identify(src/esibot_ui) by extension 'colcon_meta'
[4.784s] [34mcolcon.colcon_core.package_identification[0m [1;30mLevel 1[0m _identify(src/esibot_ui) by extensions ['ros']
[4.784s] [34mcolcon.colcon_core.package_identification[0m [1;30mLevel 1[0m _identify(src/esibot_ui) by extension 'ros'
[4.784s] [34mcolcon.colcon_core.package_identification[0m [1;30mLevel 1[0m _identify(src/esibot_ui) by extensions ['cmake', 'python']
[4.785s] [34mcolcon.colcon_core.package_identification[0m [1;30mLevel 1[0m _identify(src/esibot_ui) by extension 'cmake'
[4.785s] [34mcolcon.colcon_core.package_identification[0m [1;30mLevel 1[0m _identify(src/esibot_ui) by extension 'python'
[4.785s] [34mcolcon.colcon_core.package_identification[0m [1;30mLevel 1[0m _identify(src/esibot_ui) by extensions ['python_setup_py']
[4.785s] [34mcolcon.colcon_core.package_identification[0m [1;30mLevel 1[0m _identify(src/esibot_ui) by extension 'python_setup_py'
[4.787s] [34mcolcon.colcon_core.package_identification[0m [1;30mLevel 1[0m _identify(src/esibot_ui/esibot_ui) by extensions ['ignore', 'ignore_ament_install']
[4.787s] [34mcolcon.colcon_core.package_identification[0m [1;30mLevel 1[0m _identify(src/esibot_ui/esibot_ui) by extension 'ignore'
[4.788s] [34mcolcon.colcon_core.package_identification[0m [1;30mLevel 1[0m _identify(src/esibot_ui/esibot_ui) by extension 'ignore_ament_install'
[4.788s] [34mcolcon.colcon_core.package_identification[0m [1;30mLevel 1[0m _identify(src/esibot_ui/esibot_ui) by extensions ['colcon_pkg']
[4.788s] [34mcolcon.colcon_core.package_identification[0m [1;30mLevel 1[0m _identify(src/esibot_ui/esibot_ui) by extension 'colcon_pkg'
[4.788s] [34mcolcon.colcon_core.package_identification[0m [1;30mLevel 1[0m _identify(src/esibot_ui/esibot_ui) by extensions ['colcon_meta']
[4.788s] [34mcolcon.colcon_core.package_identification[0m [1;30mLevel 1[0m _identify(src/esibot_ui/esibot_ui) by extension 'colcon_meta'
[4.789s] [34mcolcon.colcon_core.package_identification[0m [1;30mLevel 1[0m _identify(src/esibot_ui/esibot_ui) by extensions ['ros']
[4.789s] [34mcolcon.colcon_core.package_identification[0m [1;30mLevel 1[0m _identify(src/esibot_ui/esibot_ui) by extension 'ros'
[4.789s] [34mcolcon.colcon_core.package_identification[0m [1;30mLevel 1[0m _identify(src/esibot_ui/esibot_ui) by extensions ['cmake', 'python']
[4.789s] [34mcolcon.colcon_core.package_identification[0m [1;30mLevel 1[0m _identify(src/esibot_ui/esibot_ui) by extension 'cmake'
[4.789s] [34mcolcon.colcon_core.package_identification[0m [1;30mLevel 1[0m _identify(src/esibot_ui/esibot_ui) by extension 'python'
[4.790s] [34mcolcon.colcon_core.package_identification[0m [1;30mLevel 1[0m _identify(src/esibot_ui/esibot_ui) by extensions ['python_setup_py']
[4.790s] [34mcolcon.colcon_core.package_identification[0m [1;30mLevel 1[0m _identify(src/esibot_ui/esibot_ui) by extension 'python_setup_py'
[4.791s] [34mcolcon.colcon_core.package_identification[0m [1;30mLevel 1[0m _identify(src/esibot_vision) by extensions ['ignore', 'ignore_ament_install']
[4.791s] [34mcolcon.colcon_core.package_identification[0m [1;30mLevel 1[0m _identify(src/esibot_vision) by extension 'ignore'
[4.791s] [34mcolcon.colcon_core.package_identification[0m [1;30mLevel 1[0m _identify(src/esibot_vision) by extension 'ignore_ament_install'
[4.792s] [34mcolcon.colcon_core.package_identification[0m [1;30mLevel 1[0m _identify(src/esibot_vision) by extensions ['colcon_pkg']
[4.792s] [34mcolcon.colcon_core.package_identification[0m [1;30mLevel 1[0m _identify(src/esibot_vision) by extension 'colcon_pkg'
[4.792s] [34mcolcon.colcon_core.package_identification[0m [1;30mLevel 1[0m _identify(src/esibot_vision) by extensions ['colcon_meta']
[4.792s] [34mcolcon.colcon_core.package_identification[0m [1;30mLevel 1[0m _identify(src/esibot_vision) by extension 'colcon_meta'
[4.792s] [34mcolcon.colcon_core.package_identification[0m [1;30mLevel 1[0m _identify(src/esibot_vision) by extensions ['ros']
[4.792s] [34mcolcon.colcon_core.package_identification[0m [1;30mLevel 1[0m _identify(src/esibot_vision) by extension 'ros'
[4.793s] [34mcolcon.colcon_core.package_identification[0m [1;30mLevel 1[0m _identify(src/esibot_vision) by extensions ['cmake', 'python']
[4.793s] [34mcolcon.colcon_core.package_identification[0m [1;30mLevel 1[0m _identify(src/esibot_vision) by extension 'cmake'
[4.793s] [34mcolcon.colcon_core.package_identification[0m [1;30mLevel 1[0m _identify(src/esibot_vision) by extension 'python'
[4.793s] [34mcolcon.colcon_core.package_identification[0m [1;30mLevel 1[0m _identify(src/esibot_vision) by extensions ['python_setup_py']
[4.793s] [34mcolcon.colcon_core.package_identification[0m [1;30mLevel 1[0m _identify(src/esibot_vision) by extension 'python_setup_py'
[4.794s] [34mcolcon.colcon_core.package_identification[0m [1;30mLevel 1[0m _identify(src/esibot_vision/esibot_vision) by extensions ['ignore', 'ignore_ament_install']
[4.795s] [34mcolcon.colcon_core.package_identification[0m [1;30mLevel 1[0m _identify(src/esibot_vision/esibot_vision) by extension 'ignore'
[4.795s] [34mcolcon.colcon_core.package_identification[0m [1;30mLevel 1[0m _identify(src/esibot_vision/esibot_vision) by extension 'ignore_ament_install'
[4.795s] [34mcolcon.colcon_core.package_identification[0m [1;30mLevel 1[0m _identify(src/esibot_vision/esibot_vision) by extensions ['colcon_pkg']
[4.795s] [34mcolcon.colcon_core.package_identification[0m [1;30mLevel 1[0m _identify(src/esibot_vision/esibot_vision) by extension 'colcon_pkg'
[4.796s] [34mcolcon.colcon_core.package_identification[0m [1;30mLevel 1[0m _identify(src/esibot_vision/esibot_vision) by extensions ['colcon_meta']
[4.796s] [34mcolcon.colcon_core.package_identification[0m [1;30mLevel 1[0m _identify(src/esibot_vision/esibot_vision) by extension 'colcon_meta'
[4.796s] [34mcolcon.colcon_core.package_identification[0m [1;30mLevel 1[0m _identify(src/esibot_vision/esibot_vision) by extensions ['ros']
[4.796s] [34mcolcon.colcon_core.package_identification[0m [1;30mLevel 1[0m _identify(src/esibot_vision/esibot_vision) by extension 'ros'
[4.797s] [34mcolcon.colcon_core.package_identification[0m [1;30mLevel 1[0m _identify(src/esibot_vision/esibot_vision) by extensions ['cmake', 'python']
[4.797s] [34mcolcon.colcon_core.package_identification[0m [1;30mLevel 1[0m _identify(src/esibot_vision/esibot_vision) by extension 'cmake'
[4.797s] [34mcolcon.colcon_core.package_identification[0m [1;30mLevel 1[0m _identify(src/esibot_vision/esibot_vision) by extension 'python'
[4.797s] [34mcolcon.colcon_core.package_identification[0m [1;30mLevel 1[0m _identify(src/esibot_vision/esibot_vision) by extensions ['python_setup_py']
[4.797s] [34mcolcon.colcon_core.package_identification[0m [1;30mLevel 1[0m _identify(src/esibot_vision/esibot_vision) by extension 'python_setup_py'
[4.798s] [34mcolcon.colcon_core.package_identification[0m [1;30mLevel 1[0m _identify(src/esibot_vision/launch) by extensions ['ignore', 'ignore_ament_install']
[4.799s] [34mcolcon.colcon_core.package_identification[0m [1;30mLevel 1[0m _identify(src/esibot_vision/launch) by extension 'ignore'
[4.799s] [34mcolcon.colcon_core.package_identification[0m [1;30mLevel 1[0m _identify(src/esibot_vision/launch) by extension 'ignore_ament_install'
[4.799s] [34mcolcon.colcon_core.package_identification[0m [1;30mLevel 1[0m _identify(src/esibot_vision/launch) by extensions ['colcon_pkg']
[4.799s] [34mcolcon.colcon_core.package_identification[0m [1;30mLevel 1[0m _identify(src/esibot_vision/launch) by extension 'colcon_pkg'
[4.800s] [34mcolcon.colcon_core.package_identification[0m [1;30mLevel 1[0m _identify(src/esibot_vision/launch) by extensions ['colcon_meta']
[4.800s] [34mcolcon.colcon_core.package_identification[0m [1;30mLevel 1[0m _identify(src/esibot_vision/launch) by extension 'colcon_meta'
[4.800s] [34mcolcon.colcon_core.package_identification[0m [1;30mLevel 1[0m _identify(src/esibot_vision/launch) by extensions ['ros']
[4.800s] [34mcolcon.colcon_core.package_identification[0m [1;30mLevel 1[0m _identify(src/esibot_vision/launch) by extension 'ros'
[4.800s] [34mcolcon.colcon_core.package_identification[0m [1;30mLevel 1[0m _identify(src/esibot_vision/launch) by extensions ['cmake', 'python']
[4.801s] [34mcolcon.colcon_core.package_identification[0m [1;30mLevel 1[0m _identify(src/esibot_vision/launch) by extension 'cmake'
[4.801s] [34mcolcon.colcon_core.package_identification[0m [1;30mLevel 1[0m _identify(src/esibot_vision/launch) by extension 'python'
[4.801s] [34mcolcon.colcon_core.package_identification[0m [1;30mLevel 1[0m _identify(src/esibot_vision/launch) by extensions ['python_setup_py']
[4.801s] [34mcolcon.colcon_core.package_identification[0m [1;30mLevel 1[0m _identify(src/esibot_vision/launch) by extension 'python_setup_py'
[4.801s] [34mcolcon.colcon_core.package_discovery[0m [1;30mLevel 1[0m discover_packages(recursive) using defaults
[4.802s] [34mcolcon.colcon_core.package_discovery[0m [1;30mLevel 1[0m discover_packages(ignore) discover
[4.802s] [34mcolcon.colcon_core.package_discovery[0m [1;30mLevel 1[0m discover_packages(ignore) using defaults
[4.802s] [34mcolcon.colcon_core.package_discovery[0m [1;30mLevel 1[0m discover_packages(path) discover
[4.802s] [34mcolcon.colcon_core.package_discovery[0m [1;30mLevel 1[0m discover_packages(path) using defaults
[4.956s] [34mcolcon.colcon_core.package_selection[0m [1;30mINFO[0m Skipping not selected package 'esibot_bringup' in 'src/esibot_bringup'
[4.956s] [34mcolcon.colcon_core.package_selection[0m [1;30mINFO[0m Skipping not selected package 'esibot_camera' in 'src/esibot_camera'
[4.960s] [34mcolcon.colcon_core.package_discovery[0m [1;30mLevel 1[0m discover_packages(prefix_path) check parameters
[4.960s] [34mcolcon.colcon_core.package_discovery[0m [1;30mLevel 1[0m discover_packages(prefix_path) discover
[4.980s] [34mcolcon.colcon_installed_package_information.package_discovery[0m [1;30mDEBUG[0m [32mFound 3 installed packages in /home/user/esibot_ws/install[0m
[4.989s] [34mcolcon.colcon_installed_package_information.package_discovery[0m [1;30mDEBUG[0m [32mFound 285 installed packages in /opt/ros/humble[0m
[4.996s] [34mcolcon.colcon_core.package_discovery[0m [1;30mLevel 1[0m discover_packages(prefix_path) using defaults
[5.264s] [34mcolcon.colcon_core.verb[0m [1;30mLevel 5[0m set package 'esibot_sensor' build argument 'cmake_args' from command line to 'None'
[5.264s] [34mcolcon.colcon_core.verb[0m [1;30mLevel 5[0m set package 'esibot_sensor' build argument 'cmake_target' from command line to 'None'
[5.264s] [34mcolcon.colcon_core.verb[0m [1;30mLevel 5[0m set package 'esibot_sensor' build argument 'cmake_target_skip_unavailable' from command line to 'False'
[5.265s] [34mcolcon.colcon_core.verb[0m [1;30mLevel 5[0m set package 'esibot_sensor' build argument 'cmake_clean_cache' from command line to 'False'
[5.265s] [34mcolcon.colcon_core.verb[0m [1;30mLevel 5[0m set package 'esibot_sensor' build argument 'cmake_clean_first' from command line to 'False'
[5.265s] [34mcolcon.colcon_core.verb[0m [1;30mLevel 5[0m set package 'esibot_sensor' build argument 'cmake_force_configure' from command line to 'False'
[5.265s] [34mcolcon.colcon_core.verb[0m [1;30mLevel 5[0m set package 'esibot_sensor' build argument 'ament_cmake_args' from command line to 'None'
[5.265s] [34mcolcon.colcon_core.verb[0m [1;30mLevel 5[0m set package 'esibot_sensor' build argument 'catkin_cmake_args' from command line to 'None'
[5.265s] [34mcolcon.colcon_core.verb[0m [1;30mLevel 5[0m set package 'esibot_sensor' build argument 'catkin_skip_building_tests' from command line to 'False'
[5.265s] [34mcolcon.colcon_core.verb[0m [1;30mDEBUG[0m [32mBuilding package 'esibot_sensor' with the following arguments: {'ament_cmake_args': None, 'build_base': '/home/user/esibot_ws/build/esibot_sensor', 'catkin_cmake_args': None, 'catkin_skip_building_tests': False, 'cmake_args': None, 'cmake_clean_cache': False, 'cmake_clean_first': False, 'cmake_force_configure': False, 'cmake_target': None, 'cmake_target_skip_unavailable': False, 'install_base': '/home/user/esibot_ws/install/esibot_sensor', 'merge_install': False, 'path': '/home/user/esibot_ws/src/esibot_sensor', 'symlink_install': False, 'test_result_base': None}[0m
[5.266s] [34mcolcon.colcon_core.executor[0m [1;30mINFO[0m Executing jobs using 'parallel' executor
[5.270s] [34mcolcon.colcon_parallel_executor.executor.parallel[0m [1;30mDEBUG[0m [32mrun_until_complete[0m
[5.271s] [34mcolcon.colcon_ros.task.ament_python.build[0m [1;30mINFO[0m Building ROS package in '/home/user/esibot_ws/src/esibot_sensor' with build type 'ament_python'
[5.272s] [34mcolcon.colcon_core.shell[0m [1;30mLevel 1[0m create_environment_hook('esibot_sensor', 'ament_prefix_path')
[5.306s] [34mcolcon.colcon_core.plugin_system[0m [1;30mINFO[0m Skipping extension 'colcon_core.shell.bat': Not used on non-Windows systems
[5.307s] [34mcolcon.colcon_core.shell[0m [1;30mINFO[0m Creating environment hook '/home/user/esibot_ws/install/esibot_sensor/share/esibot_sensor/hook/ament_prefix_path.ps1'
[5.316s] [34mcolcon.colcon_core.shell[0m [1;30mINFO[0m Creating environment descriptor '/home/user/esibot_ws/install/esibot_sensor/share/esibot_sensor/hook/ament_prefix_path.dsv'
[5.331s] [34mcolcon.colcon_core.shell[0m [1;30mINFO[0m Creating environment hook '/home/user/esibot_ws/install/esibot_sensor/share/esibot_sensor/hook/ament_prefix_path.sh'
[5.346s] [34mcolcon.colcon_core.shell[0m [1;30mINFO[0m Skip shell extension 'powershell' for command environment: Not usable outside of PowerShell
[5.347s] [34mcolcon.colcon_core.shell[0m [1;30mDEBUG[0m [32mSkip shell extension 'dsv' for command environment[0m
[7.042s] [34mcolcon.colcon_core.task.python.build[0m [1;30mINFO[0m Building Python package in '/home/user/esibot_ws/src/esibot_sensor'
[7.043s] [34mcolcon.colcon_core.shell[0m [1;30mINFO[0m Skip shell extension 'powershell' for command environment: Not usable outside of PowerShell
[7.043s] [34mcolcon.colcon_core.shell[0m [1;30mDEBUG[0m [32mSkip shell extension 'dsv' for command environment[0m
[10.465s] [34mcolcon.colcon_core.event_handler.log_command[0m [1;30mDEBUG[0m [32mInvoking command in '/home/user/esibot_ws/src/esibot_sensor': PYTHONPATH=/home/user/esibot_ws/build/esibot_sensor/prefix_override:/usr/lib/python3/dist-packages/colcon_core/task/python/colcon_distutils_commands:/home/user/esibot_ws/install/esibot_sensor/lib/python3.10/site-packages:${PYTHONPATH} /usr/bin/python3 -W ignore:setup.py install is deprecated -W ignore:easy_install command is deprecated setup.py egg_info --egg-base ../../build/esibot_sensor build --build-base /home/user/esibot_ws/build/esibot_sensor/build install --record /home/user/esibot_ws/build/esibot_sensor/install.log --single-version-externally-managed install_data[0m
[12.386s] [34mcolcon.colcon_core.event_handler.log_command[0m [1;30mDEBUG[0m [32mInvoked command in '/home/user/esibot_ws/src/esibot_sensor' returned '0': PYTHONPATH=/home/user/esibot_ws/build/esibot_sensor/prefix_override:/usr/lib/python3/dist-packages/colcon_core/task/python/colcon_distutils_commands:/home/user/esibot_ws/install/esibot_sensor/lib/python3.10/site-packages:${PYTHONPATH} /usr/bin/python3 -W ignore:setup.py install is deprecated -W ignore:easy_install command is deprecated setup.py egg_info --egg-base ../../build/esibot_sensor build --build-base /home/user/esibot_ws/build/esibot_sensor/build install --record /home/user/esibot_ws/build/esibot_sensor/install.log --single-version-externally-managed install_data[0m
[12.435s] [34mcolcon.colcon_core.environment[0m [1;30mLevel 1[0m checking '/home/user/esibot_ws/install/esibot_sensor' for CMake module files
[12.438s] [34mcolcon.colcon_core.environment[0m [1;30mLevel 1[0m checking '/home/user/esibot_ws/install/esibot_sensor' for CMake config files
[12.445s] [34mcolcon.colcon_core.environment[0m [1;30mLevel 1[0m checking '/home/user/esibot_ws/install/esibot_sensor/lib'
[12.446s] [34mcolcon.colcon_core.environment[0m [1;30mLevel 1[0m checking '/home/user/esibot_ws/install/esibot_sensor/bin'
[12.446s] [34mcolcon.colcon_core.environment[0m [1;30mLevel 1[0m checking '/home/user/esibot_ws/install/esibot_sensor/lib/pkgconfig/esibot_sensor.pc'
[12.447s] [34mcolcon.colcon_core.environment[0m [1;30mLevel 1[0m checking '/home/user/esibot_ws/install/esibot_sensor/lib/python3.10/site-packages'
[12.448s] [34mcolcon.colcon_core.shell[0m [1;30mLevel 1[0m create_environment_hook('esibot_sensor', 'pythonpath')
[12.449s] [34mcolcon.colcon_core.shell[0m [1;30mINFO[0m Creating environment hook '/home/user/esibot_ws/install/esibot_sensor/share/esibot_sensor/hook/pythonpath.ps1'
[12.451s] [34mcolcon.colcon_core.shell[0m [1;30mINFO[0m Creating environment descriptor '/home/user/esibot_ws/install/esibot_sensor/share/esibot_sensor/hook/pythonpath.dsv'
[12.453s] [34mcolcon.colcon_core.shell[0m [1;30mINFO[0m Creating environment hook '/home/user/esibot_ws/install/esibot_sensor/share/esibot_sensor/hook/pythonpath.sh'
[12.457s] [34mcolcon.colcon_core.environment[0m [1;30mLevel 1[0m checking '/home/user/esibot_ws/install/esibot_sensor/bin'
[12.458s] [34mcolcon.colcon_core.environment[0m [1;30mLevel 1[0m create_environment_scripts_only(esibot_sensor)
[12.459s] [34mcolcon.colcon_core.shell[0m [1;30mINFO[0m Creating package script '/home/user/esibot_ws/install/esibot_sensor/share/esibot_sensor/package.ps1'
[12.484s] [34mcolcon.colcon_core.shell[0m [1;30mINFO[0m Creating package descriptor '/home/user/esibot_ws/install/esibot_sensor/share/esibot_sensor/package.dsv'
[12.491s] [34mcolcon.colcon_core.shell[0m [1;30mINFO[0m Creating package script '/home/user/esibot_ws/install/esibot_sensor/share/esibot_sensor/package.sh'
[12.499s] [34mcolcon.colcon_core.shell[0m [1;30mINFO[0m Creating package script '/home/user/esibot_ws/install/esibot_sensor/share/esibot_sensor/package.bash'
[12.505s] [34mcolcon.colcon_core.shell[0m [1;30mINFO[0m Creating package script '/home/user/esibot_ws/install/esibot_sensor/share/esibot_sensor/package.zsh'
[12.510s] [34mcolcon.colcon_core.environment[0m [1;30mLevel 1[0m create_file_with_runtime_dependencies(/home/user/esibot_ws/install/esibot_sensor/share/colcon-core/packages/esibot_sensor)
[12.511s] [34mcolcon.colcon_parallel_executor.executor.parallel[0m [1;30mDEBUG[0m [32mclosing loop[0m
[12.513s] [34mcolcon.colcon_parallel_executor.executor.parallel[0m [1;30mDEBUG[0m [32mloop closed[0m
[12.513s] [34mcolcon.colcon_parallel_executor.executor.parallel[0m [1;30mDEBUG[0m [32mrun_until_complete finished with '0'[0m
[12.514s] [34mcolcon.colcon_core.event_reactor[0m [1;30mDEBUG[0m [32mjoining thread[0m
[12.542s] [34mcolcon.colcon_core.plugin_system[0m [1;30mINFO[0m Skipping extension 'colcon_notification.desktop_notification.terminal_notifier': Not used on non-Darwin systems
[12.542s] [34mcolcon.colcon_core.plugin_system[0m [1;30mINFO[0m Skipping extension 'colcon_notification.desktop_notification.win32': Not used on non-Windows systems
[12.542s] [34mcolcon.colcon_notification.desktop_notification[0m [1;30mINFO[0m Sending desktop notification using 'notify2'
[37.552s] [34mcolcon.colcon_notification.desktop_notification.notify2[0m [1;30mDEBUG[0m [32mFailed to initialize notify2: org.freedesktop.DBus.Error.NoReply: Did not receive a reply. Possible causes include: the remote application did not send a reply, the message bus security policy blocked the reply, the reply timeout expired, or the network connection was broken.[0m
[37.552s] [34mcolcon.colcon_core.event_reactor[0m [1;30mDEBUG[0m [32mjoined thread[0m
[37.554s] [34mcolcon.colcon_core.shell[0m [1;30mINFO[0m Creating prefix script '/home/user/esibot_ws/install/local_setup.ps1'
[37.563s] [34mcolcon.colcon_core.shell[0m [1;30mINFO[0m Creating prefix util module '/home/user/esibot_ws/install/_local_setup_util_ps1.py'
[37.571s] [34mcolcon.colcon_core.shell[0m [1;30mINFO[0m Creating prefix chain script '/home/user/esibot_ws/install/setup.ps1'
[37.581s] [34mcolcon.colcon_core.shell[0m [1;30mINFO[0m Creating prefix script '/home/user/esibot_ws/install/local_setup.sh'
[37.585s] [34mcolcon.colcon_core.shell[0m [1;30mINFO[0m Creating prefix util module '/home/user/esibot_ws/install/_local_setup_util_sh.py'
[37.588s] [34mcolcon.colcon_core.shell[0m [1;30mINFO[0m Creating prefix chain script '/home/user/esibot_ws/install/setup.sh'
[37.594s] [34mcolcon.colcon_core.shell[0m [1;30mINFO[0m Creating prefix script '/home/user/esibot_ws/install/local_setup.bash'
[37.597s] [34mcolcon.colcon_core.shell[0m [1;30mINFO[0m Creating prefix chain script '/home/user/esibot_ws/install/setup.bash'
[37.602s] [34mcolcon.colcon_core.shell[0m [1;30mINFO[0m Creating prefix script '/home/user/esibot_ws/install/local_setup.zsh'
[37.606s] [34mcolcon.colcon_core.shell[0m [1;30mINFO[0m Creating prefix chain script '/home/user/esibot_ws/install/setup.zsh'
